nd24k.pm
srun --ntasks-per-node 112 -N 1 ./cg /usr/workspace/bienz1/benchmark_mats/SPD/nd24k.pm
Read matrix: 1.719006e+00
Form comm: 1.380988e-03
Running with Standard Neighbor Collectives
CG + PMPI: 500 iter, norm 5.213802e-06
CG with PMPI Allreduce: 3.390070e-01
CG with PMPI Allreduce: 3.377983e-01
CG with PMPI Allreduce: 3.439779e-01
CG with PMPI Allreduce: 3.483392e-01
CG with PMPI Allreduce: 3.469462e-01
CG + MPIL RMA Hier Pers: 500 iter, norm 6.047492e-06
CG with MPIL RMA Hier Pers Allreduce: 3.496393e-01
CG with MPIL RMA Hier Pers Allreduce: 3.501473e-01
CG with MPIL RMA Hier Pers Allreduce: 3.496825e-01
CG with MPIL RMA Hier Pers Allreduce: 3.505046e-01
CG with MPIL RMA Hier Pers Allreduce: 3.493732e-01
CG + MPIL RMA Hier EB Pers: 500 iter, norm 6.047492e-06
CG with MPIL RMA Hier EB Pers Allreduce: 3.494090e-01
CG with MPIL RMA Hier EB Pers Allreduce: 3.507168e-01
CG with MPIL RMA Hier EB Pers Allreduce: 3.500239e-01
CG with MPIL RMA Hier EB Pers Allreduce: 3.505752e-01
CG with MPIL RMA Hier EB Pers Allreduce: 3.498843e-01
srun --ntasks-per-node 112 -N 2 ./cg /usr/workspace/bienz1/benchmark_mats/SPD/nd24k.pm
Read matrix: 1.040885e+00
Form comm: 2.078971e-01
Running with Standard Neighbor Collectives
CG + PMPI: 500 iter, norm 5.593108e-06
CG with PMPI Allreduce: 1.674031e-01
CG with PMPI Allreduce: 1.652590e-01
CG with PMPI Allreduce: 1.670046e-01
CG with PMPI Allreduce: 1.684322e-01
CG with PMPI Allreduce: 1.685522e-01
CG + MPIL RMA Hier Pers: 500 iter, norm 5.601494e-06
CG with MPIL RMA Hier Pers Allreduce: 1.697336e-01
CG with MPIL RMA Hier Pers Allreduce: 1.686896e-01
CG with MPIL RMA Hier Pers Allreduce: 1.694823e-01
CG with MPIL RMA Hier Pers Allreduce: 1.686666e-01
CG with MPIL RMA Hier Pers Allreduce: 1.689701e-01
CG + MPIL RMA Hier EB Pers: 500 iter, norm 5.601494e-06
CG with MPIL RMA Hier EB Pers Allreduce: 1.698201e-01
CG with MPIL RMA Hier EB Pers Allreduce: 1.688002e-01
CG with MPIL RMA Hier EB Pers Allreduce: 1.696310e-01
CG with MPIL RMA Hier EB Pers Allreduce: 1.686643e-01
CG with MPIL RMA Hier EB Pers Allreduce: 1.695875e-01
srun --ntasks-per-node 112 -N 4 ./cg /usr/workspace/bienz1/benchmark_mats/SPD/nd24k.pm
Read matrix: 7.573361e-01
Form comm: 4.255232e-01
Running with Standard Neighbor Collectives
CG + PMPI: 500 iter, norm 6.008526e-06
CG with PMPI Allreduce: 1.698685e-01
CG with PMPI Allreduce: 1.670039e-01
CG with PMPI Allreduce: 1.667819e-01
CG with PMPI Allreduce: 1.696872e-01
CG with PMPI Allreduce: 1.691055e-01
CG + MPIL RMA Hier Pers: 500 iter, norm 6.552356e-06
CG with MPIL RMA Hier Pers Allreduce: 2.633006e-01
CG with MPIL RMA Hier Pers Allreduce: 3.425564e-01
CG with MPIL RMA Hier Pers Allreduce: 2.302270e-01
CG with MPIL RMA Hier Pers Allreduce: 1.984954e-01
CG with MPIL RMA Hier Pers Allreduce: 2.637798e-01
CG + MPIL RMA Hier EB Pers: 500 iter, norm 6.552356e-06
CG with MPIL RMA Hier EB Pers Allreduce: 2.730895e-01
CG with MPIL RMA Hier EB Pers Allreduce: 3.013555e-01
CG with MPIL RMA Hier EB Pers Allreduce: 2.513631e-01
CG with MPIL RMA Hier EB Pers Allreduce: 2.768232e-01
CG with MPIL RMA Hier EB Pers Allreduce: 2.527153e-01
srun --ntasks-per-node 112 -N 8 ./cg /usr/workspace/bienz1/benchmark_mats/SPD/nd24k.pm
Read matrix: 5.157913e-01
Form comm: 4.386045e-01
Running with Standard Neighbor Collectives
CG + PMPI: 500 iter, norm 5.906741e-06
CG with PMPI Allreduce: 6.269598e-01
CG with PMPI Allreduce: 2.992170e-01
CG with PMPI Allreduce: 1.420505e-01
CG with PMPI Allreduce: 2.995962e-01
CG with PMPI Allreduce: 1.392006e-01
CG + MPIL RMA Hier Pers: 500 iter, norm 5.593353e-06
CG with MPIL RMA Hier Pers Allreduce: 3.538017e-01
CG with MPIL RMA Hier Pers Allreduce: 3.535261e-01
CG with MPIL RMA Hier Pers Allreduce: 5.172529e-01
CG with MPIL RMA Hier Pers Allreduce: 5.127920e-01
CG with MPIL RMA Hier Pers Allreduce: 1.938615e-01
CG + MPIL RMA Hier EB Pers: 500 iter, norm 5.593353e-06
CG with MPIL RMA Hier EB Pers Allreduce: 4.621401e-01
CG with MPIL RMA Hier EB Pers Allreduce: 3.630669e-01
CG with MPIL RMA Hier EB Pers Allreduce: 5.121782e-01
CG with MPIL RMA Hier EB Pers Allreduce: 4.062329e-01
CG with MPIL RMA Hier EB Pers Allreduce: 4.623587e-01
srun --ntasks-per-node 112 -N 16 ./cg /usr/workspace/bienz1/benchmark_mats/SPD/nd24k.pm
Read matrix: 2.987334e-01
Form comm: 4.587859e-01
Running with Standard Neighbor Collectives
CG + PMPI: 500 iter, norm 5.706455e-06
CG with PMPI Allreduce: 1.250757e+00
CG with PMPI Allreduce: 1.734093e+00
CG with PMPI Allreduce: 9.277083e-01
CG with PMPI Allreduce: 6.032464e-01
CG with PMPI Allreduce: 7.638940e-01
CG + MPIL RMA Hier Pers: 500 iter, norm 5.139636e-06
CG with MPIL RMA Hier Pers Allreduce: 7.771970e-01
CG with MPIL RMA Hier Pers Allreduce: 4.414171e-01
CG with MPIL RMA Hier Pers Allreduce: 6.079583e-01
CG with MPIL RMA Hier Pers Allreduce: 7.824368e-01
CG with MPIL RMA Hier Pers Allreduce: 2.410959e+00
CG + MPIL RMA Hier EB Pers: 500 iter, norm 5.139636e-06
CG with MPIL RMA Hier EB Pers Allreduce: 9.301632e-01
CG with MPIL RMA Hier EB Pers Allreduce: 7.705286e-01
CG with MPIL RMA Hier EB Pers Allreduce: 9.359838e-01
CG with MPIL RMA Hier EB Pers Allreduce: 9.331253e-01
CG with MPIL RMA Hier EB Pers Allreduce: 1.008864e+00
srun --ntasks-per-node 112 -N 32 ./cg /usr/workspace/bienz1/benchmark_mats/SPD/nd24k.pm
Read matrix: 2.615769e-01
Form comm: 5.604232e-01
Running with Standard Neighbor Collectives
CG + PMPI: 500 iter, norm 6.083043e-06
CG with PMPI Allreduce: 6.287959e-01
CG with PMPI Allreduce: 1.021090e+00
CG with PMPI Allreduce: 6.324080e-01
CG with PMPI Allreduce: 8.028809e-01
CG with PMPI Allreduce: 4.574062e-01
CG + MPIL RMA Hier Pers: 500 iter, norm 5.266317e-06
CG with MPIL RMA Hier Pers Allreduce: 3.002098e-01
CG with MPIL RMA Hier Pers Allreduce: 8.530472e-01
CG with MPIL RMA Hier Pers Allreduce: 7.092329e-01
CG with MPIL RMA Hier Pers Allreduce: 6.175896e-01
CG with MPIL RMA Hier Pers Allreduce: 6.528848e-01
CG + MPIL RMA Hier EB Pers: 500 iter, norm 5.266317e-06
CG with MPIL RMA Hier EB Pers Allreduce: 4.577173e-01
CG with MPIL RMA Hier EB Pers Allreduce: 7.849868e-01
CG with MPIL RMA Hier EB Pers Allreduce: 6.583877e-01
CG with MPIL RMA Hier EB Pers Allreduce: 4.167639e-01
CG with MPIL RMA Hier EB Pers Allreduce: 1.369267e-01
srun --ntasks-per-node 112 -N 64 ./cg /usr/workspace/bienz1/benchmark_mats/SPD/nd24k.pm
Read matrix: 2.605986e-01
Form comm: 9.328556e-01
Running with Standard Neighbor Collectives
CG + PMPI: 500 iter, norm 5.771848e-06
CG with PMPI Allreduce: 1.938567e+00
CG with PMPI Allreduce: 1.630034e+00
CG with PMPI Allreduce: 1.774568e+00
CG with PMPI Allreduce: 4.036980e+00
CG with PMPI Allreduce: 2.009637e+00
CG + MPIL RMA Hier Pers: 500 iter, norm 4.959955e-06
CG with MPIL RMA Hier Pers Allreduce: 2.598787e+00
CG with MPIL RMA Hier Pers Allreduce: 3.406343e+00
CG with MPIL RMA Hier Pers Allreduce: 2.275143e+00
CG with MPIL RMA Hier Pers Allreduce: 4.254913e+00
CG with MPIL RMA Hier Pers Allreduce: 2.776252e+00
CG + MPIL RMA Hier EB Pers: 500 iter, norm 4.959955e-06
CG with MPIL RMA Hier EB Pers Allreduce: 3.392367e+00
CG with MPIL RMA Hier EB Pers Allreduce: 2.477112e+00
CG with MPIL RMA Hier EB Pers Allreduce: 3.726437e+00
CG with MPIL RMA Hier EB Pers Allreduce: 3.109156e+00
CG with MPIL RMA Hier EB Pers Allreduce: 1.128605e+00
nd12k.pm
srun --ntasks-per-node 112 -N 1 ./cg /usr/workspace/bienz1/benchmark_mats/SPD/nd12k.pm
Read matrix: 8.423722e-01
Form comm: 9.081190e-04
Running with Standard Neighbor Collectives
CG + PMPI: 500 iter, norm 5.395525e-06
CG with PMPI Allreduce: 1.363261e-01
CG with PMPI Allreduce: 1.360272e-01
CG with PMPI Allreduce: 1.382579e-01
CG with PMPI Allreduce: 1.392748e-01
CG with PMPI Allreduce: 1.392110e-01
CG + MPIL RMA Hier Pers: 500 iter, norm 5.430007e-06
CG with MPIL RMA Hier Pers Allreduce: 1.403421e-01
CG with MPIL RMA Hier Pers Allreduce: 1.406775e-01
CG with MPIL RMA Hier Pers Allreduce: 1.406114e-01
CG with MPIL RMA Hier Pers Allreduce: 1.408719e-01
CG with MPIL RMA Hier Pers Allreduce: 1.406949e-01
CG + MPIL RMA Hier EB Pers: 500 iter, norm 5.430007e-06
CG with MPIL RMA Hier EB Pers Allreduce: 1.409023e-01
CG with MPIL RMA Hier EB Pers Allreduce: 1.405319e-01
CG with MPIL RMA Hier EB Pers Allreduce: 1.408194e-01
CG with MPIL RMA Hier EB Pers Allreduce: 1.406393e-01
CG with MPIL RMA Hier EB Pers Allreduce: 1.411007e-01
srun --ntasks-per-node 112 -N 2 ./cg /usr/workspace/bienz1/benchmark_mats/SPD/nd12k.pm
Read matrix: 5.338252e-01
Form comm: 1.925508e-01
Running with Standard Neighbor Collectives
CG + PMPI: 500 iter, norm 5.562959e-06
CG with PMPI Allreduce: 1.102069e-01
CG with PMPI Allreduce: 1.103866e-01
CG with PMPI Allreduce: 1.103365e-01
CG with PMPI Allreduce: 1.100649e-01
CG with PMPI Allreduce: 1.101656e-01
CG + MPIL RMA Hier Pers: 500 iter, norm 5.597429e-06
CG with MPIL RMA Hier Pers Allreduce: 1.103732e-01
CG with MPIL RMA Hier Pers Allreduce: 1.098423e-01
CG with MPIL RMA Hier Pers Allreduce: 1.104536e-01
CG with MPIL RMA Hier Pers Allreduce: 1.097956e-01
CG with MPIL RMA Hier Pers Allreduce: 1.101861e-01
CG + MPIL RMA Hier EB Pers: 500 iter, norm 5.597429e-06
CG with MPIL RMA Hier EB Pers Allreduce: 1.101016e-01
CG with MPIL RMA Hier EB Pers Allreduce: 1.102390e-01
CG with MPIL RMA Hier EB Pers Allreduce: 1.102030e-01
CG with MPIL RMA Hier EB Pers Allreduce: 1.101964e-01
CG with MPIL RMA Hier EB Pers Allreduce: 1.100984e-01
srun --ntasks-per-node 112 -N 4 ./cg /usr/workspace/bienz1/benchmark_mats/SPD/nd12k.pm
Read matrix: 4.248958e-01
Form comm: 3.282202e-01
Running with Standard Neighbor Collectives
CG + PMPI: 500 iter, norm 5.460822e-06
CG with PMPI Allreduce: 1.224959e-01
CG with PMPI Allreduce: 1.112049e-01
CG with PMPI Allreduce: 1.128845e-01
CG with PMPI Allreduce: 1.143501e-01
CG with PMPI Allreduce: 1.240747e-01
CG + MPIL RMA Hier Pers: 500 iter, norm 5.438965e-06
CG with MPIL RMA Hier Pers Allreduce: 1.152152e-01
CG with MPIL RMA Hier Pers Allreduce: 1.115540e-01
CG with MPIL RMA Hier Pers Allreduce: 1.136909e-01
CG with MPIL RMA Hier Pers Allreduce: 1.146560e-01
CG with MPIL RMA Hier Pers Allreduce: 1.146786e-01
CG + MPIL RMA Hier EB Pers: 500 iter, norm 5.438965e-06
CG with MPIL RMA Hier EB Pers Allreduce: 1.143724e-01
CG with MPIL RMA Hier EB Pers Allreduce: 1.108576e-01
CG with MPIL RMA Hier EB Pers Allreduce: 1.159290e-01
CG with MPIL RMA Hier EB Pers Allreduce: 1.196183e-01
CG with MPIL RMA Hier EB Pers Allreduce: 1.173616e-01
srun --ntasks-per-node 112 -N 8 ./cg /usr/workspace/bienz1/benchmark_mats/SPD/nd12k.pm
Read matrix: 2.856145e-01
Form comm: 3.971648e-01
Running with Standard Neighbor Collectives
CG + PMPI: 500 iter, norm 5.555564e-06
CG with PMPI Allreduce: 1.102830e-01
CG with PMPI Allreduce: 1.081046e-01
CG with PMPI Allreduce: 1.108408e-01
CG with PMPI Allreduce: 1.098926e-01
CG with PMPI Allreduce: 1.095911e-01
CG + MPIL RMA Hier Pers: 500 iter, norm 5.606444e-06
CG with MPIL RMA Hier Pers Allreduce: 1.052388e-01
CG with MPIL RMA Hier Pers Allreduce: 1.603881e-01
CG with MPIL RMA Hier Pers Allreduce: 1.594461e-01
CG with MPIL RMA Hier Pers Allreduce: 1.065632e-01
CG with MPIL RMA Hier Pers Allreduce: 1.081410e-01
CG + MPIL RMA Hier EB Pers: 500 iter, norm 5.606444e-06
CG with MPIL RMA Hier EB Pers Allreduce: 1.777701e-01
CG with MPIL RMA Hier EB Pers Allreduce: 2.147514e-01
CG with MPIL RMA Hier EB Pers Allreduce: 1.779755e-01
CG with MPIL RMA Hier EB Pers Allreduce: 1.596604e-01
CG with MPIL RMA Hier EB Pers Allreduce: 1.837223e-01
srun --ntasks-per-node 112 -N 16 ./cg /usr/workspace/bienz1/benchmark_mats/SPD/nd12k.pm
Read matrix: 1.805680e-01
Form comm: 4.942844e-01
Running with Standard Neighbor Collectives
CG + PMPI: 500 iter, norm 5.856441e-06
CG with PMPI Allreduce: 2.052947e-01
CG with PMPI Allreduce: 1.276627e-01
CG with PMPI Allreduce: 1.942386e-01
CG with PMPI Allreduce: 1.548278e-01
CG with PMPI Allreduce: 1.532615e-01
CG + MPIL RMA Hier Pers: 500 iter, norm 6.665561e-06
CG with MPIL RMA Hier Pers Allreduce: 2.427157e-01
CG with MPIL RMA Hier Pers Allreduce: 2.073644e-01
CG with MPIL RMA Hier Pers Allreduce: 1.304534e-01
CG with MPIL RMA Hier Pers Allreduce: 1.357262e-01
CG with MPIL RMA Hier Pers Allreduce: 1.254979e-01
CG + MPIL RMA Hier EB Pers: 500 iter, norm 6.665561e-06
CG with MPIL RMA Hier EB Pers Allreduce: 1.122686e-01
CG with MPIL RMA Hier EB Pers Allreduce: 1.478218e-01
CG with MPIL RMA Hier EB Pers Allreduce: 1.810888e-01
CG with MPIL RMA Hier EB Pers Allreduce: 1.609819e-01
CG with MPIL RMA Hier EB Pers Allreduce: 2.450724e-01
srun --ntasks-per-node 112 -N 32 ./cg /usr/workspace/bienz1/benchmark_mats/SPD/nd12k.pm
Read matrix: 2.260640e-01
Form comm: 7.444243e-01
Running with Standard Neighbor Collectives
CG + PMPI: 500 iter, norm 5.345033e-06
CG with PMPI Allreduce: 1.120445e+00
CG with PMPI Allreduce: 1.754452e+00
CG with PMPI Allreduce: 1.437678e+00
CG with PMPI Allreduce: 2.255167e+00
CG with PMPI Allreduce: 1.752046e+00
CG + MPIL RMA Hier Pers: 500 iter, norm 5.410968e-06
CG with MPIL RMA Hier Pers Allreduce: 1.294176e+00
CG with MPIL RMA Hier Pers Allreduce: 2.085481e+00
CG with MPIL RMA Hier Pers Allreduce: 6.348588e-01
CG with MPIL RMA Hier Pers Allreduce: 1.125927e+00
CG with MPIL RMA Hier Pers Allreduce: 1.135515e+00
CG + MPIL RMA Hier EB Pers: 500 iter, norm 5.410968e-06
CG with MPIL RMA Hier EB Pers Allreduce: 1.916207e+00
CG with MPIL RMA Hier EB Pers Allreduce: 2.251764e+00
CG with MPIL RMA Hier EB Pers Allreduce: 2.343891e+00
CG with MPIL RMA Hier EB Pers Allreduce: 1.923063e+00
CG with MPIL RMA Hier EB Pers Allreduce: 1.596047e+00
srun --ntasks-per-node 112 -N 64 ./cg /usr/workspace/bienz1/benchmark_mats/SPD/nd12k.pm
Read matrix: 1.608656e-01
Form comm: 1.442229e+00
Running with Standard Neighbor Collectives
CG + PMPI: 500 iter, norm 5.148207e-06
CG with PMPI Allreduce: 9.230305e+00
CG with PMPI Allreduce: 1.004155e+01
CG with PMPI Allreduce: 9.079407e+00
CG with PMPI Allreduce: 6.470897e+00
CG with PMPI Allreduce: 9.658211e+00
CG + MPIL RMA Hier Pers: 500 iter, norm 5.058743e-06
CG with MPIL RMA Hier Pers Allreduce: 8.445419e+00
CG with MPIL RMA Hier Pers Allreduce: 1.005065e+01
CG with MPIL RMA Hier Pers Allreduce: 7.934502e+00
CG with MPIL RMA Hier Pers Allreduce: 1.053548e+01
CG with MPIL RMA Hier Pers Allreduce: 8.143485e+00
CG + MPIL RMA Hier EB Pers: 500 iter, norm 5.058743e-06
CG with MPIL RMA Hier EB Pers Allreduce: 9.233455e+00
CG with MPIL RMA Hier EB Pers Allreduce: 8.448060e+00
CG with MPIL RMA Hier EB Pers Allreduce: 7.136718e+00
CG with MPIL RMA Hier EB Pers Allreduce: 9.749677e+00
CG with MPIL RMA Hier EB Pers Allreduce: 1.003765e+01
crankseg_1.pm
srun --ntasks-per-node 112 -N 1 ./cg /usr/workspace/bienz1/benchmark_mats/SPD/crankseg_1.pm
Read matrix: 7.200282e-01
Form comm: 8.864370e-04
Running with Standard Neighbor Collectives
CG + PMPI: 500 iter, norm 5.382841e-05
CG with PMPI Allreduce: 1.302922e-01
CG with PMPI Allreduce: 1.298379e-01
CG with PMPI Allreduce: 1.333460e-01
CG with PMPI Allreduce: 1.351120e-01
CG with PMPI Allreduce: 1.351484e-01
CG + MPIL RMA Hier Pers: 500 iter, norm 5.114919e-05
CG with MPIL RMA Hier Pers Allreduce: 1.350996e-01
CG with MPIL RMA Hier Pers Allreduce: 1.350955e-01
CG with MPIL RMA Hier Pers Allreduce: 1.353418e-01
CG with MPIL RMA Hier Pers Allreduce: 1.351602e-01
CG with MPIL RMA Hier Pers Allreduce: 1.357600e-01
CG + MPIL RMA Hier EB Pers: 500 iter, norm 5.114919e-05
CG with MPIL RMA Hier EB Pers Allreduce: 1.352603e-01
CG with MPIL RMA Hier EB Pers Allreduce: 1.355511e-01
CG with MPIL RMA Hier EB Pers Allreduce: 1.353100e-01
CG with MPIL RMA Hier EB Pers Allreduce: 1.352635e-01
CG with MPIL RMA Hier EB Pers Allreduce: 1.356269e-01
srun --ntasks-per-node 112 -N 2 ./cg /usr/workspace/bienz1/benchmark_mats/SPD/crankseg_1.pm
Read matrix: 4.019959e-01
Form comm: 1.713233e-01
Running with Standard Neighbor Collectives
CG + PMPI: 500 iter, norm 7.890838e-05
CG with PMPI Allreduce: 1.128054e-01
CG with PMPI Allreduce: 1.115475e-01
CG with PMPI Allreduce: 1.124573e-01
CG with PMPI Allreduce: 1.116077e-01
CG with PMPI Allreduce: 1.120815e-01
CG + MPIL RMA Hier Pers: 500 iter, norm 5.946665e-05
CG with MPIL RMA Hier Pers Allreduce: 1.112098e-01
CG with MPIL RMA Hier Pers Allreduce: 1.107905e-01
CG with MPIL RMA Hier Pers Allreduce: 1.312742e-01
CG with MPIL RMA Hier Pers Allreduce: 1.110202e-01
CG with MPIL RMA Hier Pers Allreduce: 1.113858e-01
CG + MPIL RMA Hier EB Pers: 500 iter, norm 5.946665e-05
CG with MPIL RMA Hier EB Pers Allreduce: 1.287969e-01
CG with MPIL RMA Hier EB Pers Allreduce: 1.109932e-01
CG with MPIL RMA Hier EB Pers Allreduce: 1.109643e-01
CG with MPIL RMA Hier EB Pers Allreduce: 1.290212e-01
CG with MPIL RMA Hier EB Pers Allreduce: 1.110437e-01
srun --ntasks-per-node 112 -N 4 ./cg /usr/workspace/bienz1/benchmark_mats/SPD/crankseg_1.pm
Read matrix: 2.973658e-01
Form comm: 3.474136e-01
Running with Standard Neighbor Collectives
CG + PMPI: 500 iter, norm 2.907741e-05
CG with PMPI Allreduce: 5.067309e-01
CG with PMPI Allreduce: 2.369007e-01
CG with PMPI Allreduce: 2.898066e-01
CG with PMPI Allreduce: 2.949536e-01
CG with PMPI Allreduce: 4.007484e-01
CG + MPIL RMA Hier Pers: 500 iter, norm 2.396946e-05
CG with MPIL RMA Hier Pers Allreduce: 1.383986e-01
CG with MPIL RMA Hier Pers Allreduce: 6.157471e-01
CG with MPIL RMA Hier Pers Allreduce: 3.018044e-01
CG with MPIL RMA Hier Pers Allreduce: 1.313496e-01
CG with MPIL RMA Hier Pers Allreduce: 4.503435e-01
CG + MPIL RMA Hier EB Pers: 500 iter, norm 2.396946e-05
CG with MPIL RMA Hier EB Pers Allreduce: 3.966369e-01
CG with MPIL RMA Hier EB Pers Allreduce: 5.038111e-01
CG with MPIL RMA Hier EB Pers Allreduce: 2.403612e-01
CG with MPIL RMA Hier EB Pers Allreduce: 4.501546e-01
CG with MPIL RMA Hier EB Pers Allreduce: 3.426154e-01
srun --ntasks-per-node 112 -N 8 ./cg /usr/workspace/bienz1/benchmark_mats/SPD/crankseg_1.pm
Read matrix: 2.037149e-01
Form comm: 6.461661e-01
Running with Standard Neighbor Collectives
CG + PMPI: 500 iter, norm 4.690278e-05
CG with PMPI Allreduce: 1.936039e+00
CG with PMPI Allreduce: 3.056442e+00
CG with PMPI Allreduce: 3.062979e+00
CG with PMPI Allreduce: 1.454459e+00
CG with PMPI Allreduce: 3.868660e+00
CG + MPIL RMA Hier Pers: 500 iter, norm 5.859512e-05
CG with MPIL RMA Hier Pers Allreduce: 3.380151e+00
CG with MPIL RMA Hier Pers Allreduce: 9.775011e-01
CG with MPIL RMA Hier Pers Allreduce: 3.061950e+00
CG with MPIL RMA Hier Pers Allreduce: 2.260650e+00
CG with MPIL RMA Hier Pers Allreduce: 2.578379e+00
CG + MPIL RMA Hier EB Pers: 500 iter, norm 5.859512e-05
CG with MPIL RMA Hier EB Pers Allreduce: 8.163264e-01
CG with MPIL RMA Hier EB Pers Allreduce: 1.617431e+00
CG with MPIL RMA Hier EB Pers Allreduce: 1.458120e+00
CG with MPIL RMA Hier EB Pers Allreduce: 6.564853e-01
CG with MPIL RMA Hier EB Pers Allreduce: 6.542826e-01
srun --ntasks-per-node 112 -N 16 ./cg /usr/workspace/bienz1/benchmark_mats/SPD/crankseg_1.pm
Read matrix: 1.930772e-01
Form comm: 7.887944e-01
Running with Standard Neighbor Collectives
CG + PMPI: 500 iter, norm 1.670589e-04
CG with PMPI Allreduce: 1.679046e+00
CG with PMPI Allreduce: 1.342115e+00
CG with PMPI Allreduce: 2.143924e+00
CG with PMPI Allreduce: 2.308383e+00
CG with PMPI Allreduce: 1.507871e+00
CG + MPIL RMA Hier Pers: 500 iter, norm 3.308348e-04
CG with MPIL RMA Hier Pers Allreduce: 8.597657e-01
CG with MPIL RMA Hier Pers Allreduce: 1.502664e+00
CG with MPIL RMA Hier Pers Allreduce: 2.312351e+00
CG with MPIL RMA Hier Pers Allreduce: 2.173004e+00
CG with MPIL RMA Hier Pers Allreduce: 1.497826e+00
CG + MPIL RMA Hier EB Pers: 500 iter, norm 3.308348e-04
CG with MPIL RMA Hier EB Pers Allreduce: 1.977545e+00
CG with MPIL RMA Hier EB Pers Allreduce: 2.460776e+00
CG with MPIL RMA Hier EB Pers Allreduce: 5.202300e+00
CG with MPIL RMA Hier EB Pers Allreduce: 4.453904e+00
CG with MPIL RMA Hier EB Pers Allreduce: 1.663784e+00
srun --ntasks-per-node 112 -N 32 ./cg /usr/workspace/bienz1/benchmark_mats/SPD/crankseg_1.pm
Read matrix: 2.885815e-01
Form comm: 1.098832e+00
Running with Standard Neighbor Collectives
CG + PMPI: 500 iter, norm 1.317635e-04
CG with PMPI Allreduce: 2.139390e+00
CG with PMPI Allreduce: 4.267555e+00
CG with PMPI Allreduce: 4.422406e+00
CG with PMPI Allreduce: 8.243627e+00
CG with PMPI Allreduce: 3.920085e+00
CG + MPIL RMA Hier Pers: 500 iter, norm 1.245058e-04
CG with MPIL RMA Hier Pers Allreduce: 6.925693e+00
CG with MPIL RMA Hier Pers Allreduce: 5.039119e+00
CG with MPIL RMA Hier Pers Allreduce: 4.398176e+00
CG with MPIL RMA Hier Pers Allreduce: 4.111387e+00
CG with MPIL RMA Hier Pers Allreduce: 5.410969e+00
CG + MPIL RMA Hier EB Pers: 500 iter, norm 1.245058e-04
CG with MPIL RMA Hier EB Pers Allreduce: 4.571254e+00
CG with MPIL RMA Hier EB Pers Allreduce: 4.196736e+00
CG with MPIL RMA Hier EB Pers Allreduce: 3.630603e+00
CG with MPIL RMA Hier EB Pers Allreduce: 4.238033e+00
CG with MPIL RMA Hier EB Pers Allreduce: 5.370733e+00
srun --ntasks-per-node 112 -N 64 ./cg /usr/workspace/bienz1/benchmark_mats/SPD/crankseg_1.pm
Read matrix: 2.333057e-01
Form comm: 1.806490e+00
Running with Standard Neighbor Collectives
CG + PMPI: 500 iter, norm 5.552992e-05
CG with PMPI Allreduce: 4.024707e+00
CG with PMPI Allreduce: 2.555964e+00
CG with PMPI Allreduce: 3.356182e+00
CG with PMPI Allreduce: 6.573006e+00
CG with PMPI Allreduce: 4.803897e+00
CG + MPIL RMA Hier Pers: 500 iter, norm 1.533258e-04
CG with MPIL RMA Hier Pers Allreduce: 3.245110e+00
CG with MPIL RMA Hier Pers Allreduce: 4.324974e+00
CG with MPIL RMA Hier Pers Allreduce: 4.003407e+00
CG with MPIL RMA Hier Pers Allreduce: 7.410863e+00
CG with MPIL RMA Hier Pers Allreduce: 5.625693e+00
CG + MPIL RMA Hier EB Pers: 500 iter, norm 1.533258e-04
CG with MPIL RMA Hier EB Pers Allreduce: 4.801232e+00
CG with MPIL RMA Hier EB Pers Allreduce: 5.130435e+00
CG with MPIL RMA Hier EB Pers Allreduce: 3.867447e+00
CG with MPIL RMA Hier EB Pers Allreduce: 3.527844e+00
CG with MPIL RMA Hier EB Pers Allreduce: 3.196410e+00
crankseg_2.pm
srun --ntasks-per-node 112 -N 1 ./cg /usr/workspace/bienz1/benchmark_mats/SPD/crankseg_2.pm
Read matrix: 9.224060e-01
Form comm: 8.941110e-04
Running with Standard Neighbor Collectives
CG + PMPI: 500 iter, norm 7.551391e-05
CG with PMPI Allreduce: 1.658613e-01
CG with PMPI Allreduce: 1.657494e-01
CG with PMPI Allreduce: 1.733523e-01
CG with PMPI Allreduce: 1.739555e-01
CG with PMPI Allreduce: 1.743869e-01
CG + MPIL RMA Hier Pers: 500 iter, norm 5.748634e-05
CG with MPIL RMA Hier Pers Allreduce: 1.755349e-01
CG with MPIL RMA Hier Pers Allreduce: 1.758308e-01
CG with MPIL RMA Hier Pers Allreduce: 1.755718e-01
CG with MPIL RMA Hier Pers Allreduce: 1.760943e-01
CG with MPIL RMA Hier Pers Allreduce: 1.756361e-01
CG + MPIL RMA Hier EB Pers: 500 iter, norm 5.748634e-05
CG with MPIL RMA Hier EB Pers Allreduce: 1.760062e-01
CG with MPIL RMA Hier EB Pers Allreduce: 1.761989e-01
CG with MPIL RMA Hier EB Pers Allreduce: 1.762067e-01
CG with MPIL RMA Hier EB Pers Allreduce: 1.757938e-01
CG with MPIL RMA Hier EB Pers Allreduce: 1.761031e-01
srun --ntasks-per-node 112 -N 2 ./cg /usr/workspace/bienz1/benchmark_mats/SPD/crankseg_2.pm
Read matrix: 5.102435e-01
Form comm: 2.178547e-01
Running with Standard Neighbor Collectives
CG + PMPI: 500 iter, norm 1.109611e-04
CG with PMPI Allreduce: 1.954272e-01
CG with PMPI Allreduce: 1.945463e-01
CG with PMPI Allreduce: 1.951065e-01
CG with PMPI Allreduce: 1.676988e-01
CG with PMPI Allreduce: 1.421248e-01
CG + MPIL RMA Hier Pers: 500 iter, norm 1.105443e-04
CG with MPIL RMA Hier Pers Allreduce: 1.412743e-01
CG with MPIL RMA Hier Pers Allreduce: 1.414660e-01
CG with MPIL RMA Hier Pers Allreduce: 1.639917e-01
CG with MPIL RMA Hier Pers Allreduce: 1.642821e-01
CG with MPIL RMA Hier Pers Allreduce: 1.643445e-01
CG + MPIL RMA Hier EB Pers: 500 iter, norm 1.105443e-04
CG with MPIL RMA Hier EB Pers Allreduce: 1.412431e-01
CG with MPIL RMA Hier EB Pers Allreduce: 1.943038e-01
CG with MPIL RMA Hier EB Pers Allreduce: 1.414954e-01
CG with MPIL RMA Hier EB Pers Allreduce: 1.952359e-01
CG with MPIL RMA Hier EB Pers Allreduce: 1.948548e-01
srun --ntasks-per-node 112 -N 4 ./cg /usr/workspace/bienz1/benchmark_mats/SPD/crankseg_2.pm
Read matrix: 3.936164e-01
Form comm: 4.180586e-01
Running with Standard Neighbor Collectives
CG + PMPI: 500 iter, norm 1.788724e-04
CG with PMPI Allreduce: 9.600632e-01
CG with PMPI Allreduce: 1.278543e+00
CG with PMPI Allreduce: 1.279137e+00
CG with PMPI Allreduce: 4.873082e-01
CG with PMPI Allreduce: 1.278379e+00
CG + MPIL RMA Hier Pers: 500 iter, norm 6.398055e-05
CG with MPIL RMA Hier Pers Allreduce: 2.883011e+00
CG with MPIL RMA Hier Pers Allreduce: 3.366969e+00
CG with MPIL RMA Hier Pers Allreduce: 1.921517e+00
CG with MPIL RMA Hier Pers Allreduce: 4.758800e-01
CG with MPIL RMA Hier Pers Allreduce: 1.437595e+00
CG + MPIL RMA Hier EB Pers: 500 iter, norm 6.398055e-05
CG with MPIL RMA Hier EB Pers Allreduce: 1.439862e+00
CG with MPIL RMA Hier EB Pers Allreduce: 4.763311e-01
CG with MPIL RMA Hier EB Pers Allreduce: 1.764179e+00
CG with MPIL RMA Hier EB Pers Allreduce: 6.361750e-01
CG with MPIL RMA Hier EB Pers Allreduce: 7.983280e-01
srun --ntasks-per-node 112 -N 8 ./cg /usr/workspace/bienz1/benchmark_mats/SPD/crankseg_2.pm
Read matrix: 3.003895e-01
Form comm: 7.159998e-01
Running with Standard Neighbor Collectives
CG + PMPI: 500 iter, norm 3.830343e-05
CG with PMPI Allreduce: 7.566187e+00
CG with PMPI Allreduce: 3.889260e+00
CG with PMPI Allreduce: 4.041905e+00
CG with PMPI Allreduce: 5.167670e+00
CG with PMPI Allreduce: 2.921840e+00
CG + MPIL RMA Hier Pers: 500 iter, norm 4.131072e-05
CG with MPIL RMA Hier Pers Allreduce: 3.081752e+00
CG with MPIL RMA Hier Pers Allreduce: 2.283201e+00
CG with MPIL RMA Hier Pers Allreduce: 4.526291e+00
CG with MPIL RMA Hier Pers Allreduce: 4.371412e+00
CG with MPIL RMA Hier Pers Allreduce: 2.934363e+00
CG + MPIL RMA Hier EB Pers: 500 iter, norm 4.131072e-05
CG with MPIL RMA Hier EB Pers Allreduce: 3.241215e+00
CG with MPIL RMA Hier EB Pers Allreduce: 4.046830e+00
CG with MPIL RMA Hier EB Pers Allreduce: 1.802365e+00
CG with MPIL RMA Hier EB Pers Allreduce: 1.805344e+00
CG with MPIL RMA Hier EB Pers Allreduce: 1.480742e+00
srun --ntasks-per-node 112 -N 16 ./cg /usr/workspace/bienz1/benchmark_mats/SPD/crankseg_2.pm
Read matrix: 2.333803e-01
Form comm: 8.652833e-01
Running with Standard Neighbor Collectives
CG + PMPI: 500 iter, norm 4.717363e-05
CG with PMPI Allreduce: 3.126559e+00
CG with PMPI Allreduce: 5.039170e+00
CG with PMPI Allreduce: 2.476527e+00
CG with PMPI Allreduce: 4.247293e+00
CG with PMPI Allreduce: 2.153746e+00
CG + MPIL RMA Hier Pers: 500 iter, norm 3.172528e-05
CG with MPIL RMA Hier Pers Allreduce: 3.118769e+00
CG with MPIL RMA Hier Pers Allreduce: 3.126206e+00
CG with MPIL RMA Hier Pers Allreduce: 5.852767e+00
CG with MPIL RMA Hier Pers Allreduce: 3.133526e+00
CG with MPIL RMA Hier Pers Allreduce: 3.277448e+00
CG + MPIL RMA Hier EB Pers: 500 iter, norm 3.172528e-05
CG with MPIL RMA Hier EB Pers Allreduce: 4.906829e+00
CG with MPIL RMA Hier EB Pers Allreduce: 3.762501e+00
CG with MPIL RMA Hier EB Pers Allreduce: 2.797530e+00
CG with MPIL RMA Hier EB Pers Allreduce: 2.641064e+00
CG with MPIL RMA Hier EB Pers Allreduce: 5.147140e+00
srun --ntasks-per-node 112 -N 32 ./cg /usr/workspace/bienz1/benchmark_mats/SPD/crankseg_2.pm
Read matrix: 2.757219e-01
Form comm: 1.267149e+00
Running with Standard Neighbor Collectives
CG + PMPI: 500 iter, norm 7.808946e-05
CG with PMPI Allreduce: 5.810282e+00
CG with PMPI Allreduce: 4.993757e+00
CG with PMPI Allreduce: 5.796535e+00
CG with PMPI Allreduce: 6.609062e+00
CG with PMPI Allreduce: 5.639439e+00
CG + MPIL RMA Hier Pers: 500 iter, norm 8.296005e-05
CG with MPIL RMA Hier Pers Allreduce: 8.869915e+00
CG with MPIL RMA Hier Pers Allreduce: 8.549802e+00
CG with MPIL RMA Hier Pers Allreduce: 6.130001e+00
CG with MPIL RMA Hier Pers Allreduce: 6.764578e+00
CG with MPIL RMA Hier Pers Allreduce: 5.664014e+00
CG + MPIL RMA Hier EB Pers: 500 iter, norm 8.296005e-05
CG with MPIL RMA Hier EB Pers Allreduce: 4.064646e+00
CG with MPIL RMA Hier EB Pers Allreduce: 3.399609e+00
CG with MPIL RMA Hier EB Pers Allreduce: 9.365301e+00
CG with MPIL RMA Hier EB Pers Allreduce: 9.817023e+00
CG with MPIL RMA Hier EB Pers Allreduce: 5.683079e+00
srun --ntasks-per-node 112 -N 64 ./cg /usr/workspace/bienz1/benchmark_mats/SPD/crankseg_2.pm
Read matrix: 3.277895e-01
Form comm: 1.982270e+00
Running with Standard Neighbor Collectives
CG + PMPI: 500 iter, norm 2.665912e-04
CG with PMPI Allreduce: 9.503784e+00
CG with PMPI Allreduce: 9.527766e+00
CG with PMPI Allreduce: 6.945590e+00
CG with PMPI Allreduce: 9.831913e+00
CG with PMPI Allreduce: 1.255189e+01
CG + MPIL RMA Hier Pers: 500 iter, norm 4.645002e-04
CG with MPIL RMA Hier Pers Allreduce: 1.027768e+01
CG with MPIL RMA Hier Pers Allreduce: 1.079018e+01
CG with MPIL RMA Hier Pers Allreduce: 7.567836e+00
CG with MPIL RMA Hier Pers Allreduce: 8.414913e+00
CG with MPIL RMA Hier Pers Allreduce: 8.093738e+00
CG + MPIL RMA Hier EB Pers: 500 iter, norm 4.645002e-04
CG with MPIL RMA Hier EB Pers Allreduce: 1.154565e+01
CG with MPIL RMA Hier EB Pers Allreduce: 8.898082e+00
CG with MPIL RMA Hier EB Pers Allreduce: 6.672004e+00
CG with MPIL RMA Hier EB Pers Allreduce: 6.639666e+00
CG with MPIL RMA Hier EB Pers Allreduce: 6.334685e+00
m_t1.pm
srun --ntasks-per-node 112 -N 1 ./cg /usr/workspace/bienz1/benchmark_mats/SPD/m_t1.pm
Read matrix: 7.726770e-01
Form comm: 3.043450e-04
Running with Standard Neighbor Collectives
CG + PMPI: 500 iter, norm 1.483244e-04
CG with PMPI Allreduce: 4.165815e-02
CG with PMPI Allreduce: 4.174927e-02
CG with PMPI Allreduce: 4.348768e-02
CG with PMPI Allreduce: 4.345505e-02
CG with PMPI Allreduce: 4.341470e-02
CG + MPIL RMA Hier Pers: 500 iter, norm 1.608900e-04
CG with MPIL RMA Hier Pers Allreduce: 4.314002e-02
CG with MPIL RMA Hier Pers Allreduce: 4.304086e-02
CG with MPIL RMA Hier Pers Allreduce: 4.311315e-02
CG with MPIL RMA Hier Pers Allreduce: 4.305454e-02
CG with MPIL RMA Hier Pers Allreduce: 4.305017e-02
CG + MPIL RMA Hier EB Pers: 500 iter, norm 1.608900e-04
CG with MPIL RMA Hier EB Pers Allreduce: 4.313887e-02
CG with MPIL RMA Hier EB Pers Allreduce: 4.309426e-02
CG with MPIL RMA Hier EB Pers Allreduce: 4.312565e-02
CG with MPIL RMA Hier EB Pers Allreduce: 4.309204e-02
CG with MPIL RMA Hier EB Pers Allreduce: 4.317259e-02
srun --ntasks-per-node 112 -N 2 ./cg /usr/workspace/bienz1/benchmark_mats/SPD/m_t1.pm
Read matrix: 3.427260e-01
Form comm: 6.307090e-03
Running with Standard Neighbor Collectives
CG + PMPI: 500 iter, norm 1.774810e-04
CG with PMPI Allreduce: 3.530156e-02
CG with PMPI Allreduce: 3.497350e-02
CG with PMPI Allreduce: 3.585166e-02
CG with PMPI Allreduce: 3.564432e-02
CG with PMPI Allreduce: 3.577438e-02
CG + MPIL RMA Hier Pers: 500 iter, norm 1.777223e-04
CG with MPIL RMA Hier Pers Allreduce: 3.520623e-02
CG with MPIL RMA Hier Pers Allreduce: 3.514366e-02
CG with MPIL RMA Hier Pers Allreduce: 3.524143e-02
CG with MPIL RMA Hier Pers Allreduce: 3.515198e-02
CG with MPIL RMA Hier Pers Allreduce: 3.523737e-02
CG + MPIL RMA Hier EB Pers: 500 iter, norm 1.777223e-04
CG with MPIL RMA Hier EB Pers Allreduce: 3.525465e-02
CG with MPIL RMA Hier EB Pers Allreduce: 3.522331e-02
CG with MPIL RMA Hier EB Pers Allreduce: 3.515138e-02
CG with MPIL RMA Hier EB Pers Allreduce: 3.523011e-02
CG with MPIL RMA Hier EB Pers Allreduce: 3.525147e-02
srun --ntasks-per-node 112 -N 4 ./cg /usr/workspace/bienz1/benchmark_mats/SPD/m_t1.pm
Read matrix: 2.242775e-01
Form comm: 1.683581e-02
Running with Standard Neighbor Collectives
CG + PMPI: 500 iter, norm 1.736845e-04
CG with PMPI Allreduce: 3.418124e-02
CG with PMPI Allreduce: 3.374736e-02
CG with PMPI Allreduce: 3.376284e-02
CG with PMPI Allreduce: 3.545458e-02
CG with PMPI Allreduce: 4.778802e-02
CG + MPIL RMA Hier Pers: 500 iter, norm 1.769897e-04
CG with MPIL RMA Hier Pers Allreduce: 4.107308e-02
CG with MPIL RMA Hier Pers Allreduce: 4.032296e-02
CG with MPIL RMA Hier Pers Allreduce: 4.059757e-02
CG with MPIL RMA Hier Pers Allreduce: 4.029975e-02
CG with MPIL RMA Hier Pers Allreduce: 4.065041e-02
CG + MPIL RMA Hier EB Pers: 500 iter, norm 1.769897e-04
CG with MPIL RMA Hier EB Pers Allreduce: 4.080397e-02
CG with MPIL RMA Hier EB Pers Allreduce: 3.963161e-02
CG with MPIL RMA Hier EB Pers Allreduce: 3.959537e-02
CG with MPIL RMA Hier EB Pers Allreduce: 4.255900e-02
CG with MPIL RMA Hier EB Pers Allreduce: 4.009933e-02
srun --ntasks-per-node 112 -N 8 ./cg /usr/workspace/bienz1/benchmark_mats/SPD/m_t1.pm
Read matrix: 2.265226e-01
Form comm: 5.945972e-02
Running with Standard Neighbor Collectives
CG + PMPI: 500 iter, norm 1.833116e-04
CG with PMPI Allreduce: 4.435144e-02
CG with PMPI Allreduce: 4.478827e-02
CG with PMPI Allreduce: 4.631082e-02
CG with PMPI Allreduce: 4.256929e-02
CG with PMPI Allreduce: 4.481508e-02
CG + MPIL RMA Hier Pers: 500 iter, norm 1.732756e-04
CG with MPIL RMA Hier Pers Allreduce: 4.399357e-02
CG with MPIL RMA Hier Pers Allreduce: 4.203581e-02
CG with MPIL RMA Hier Pers Allreduce: 4.221709e-02
CG with MPIL RMA Hier Pers Allreduce: 4.239685e-02
CG with MPIL RMA Hier Pers Allreduce: 4.240750e-02
CG + MPIL RMA Hier EB Pers: 500 iter, norm 1.732756e-04
CG with MPIL RMA Hier EB Pers Allreduce: 4.237722e-02
CG with MPIL RMA Hier EB Pers Allreduce: 4.303262e-02
CG with MPIL RMA Hier EB Pers Allreduce: 4.639007e-02
CG with MPIL RMA Hier EB Pers Allreduce: 4.263208e-02
CG with MPIL RMA Hier EB Pers Allreduce: 4.256838e-02
srun --ntasks-per-node 112 -N 16 ./cg /usr/workspace/bienz1/benchmark_mats/SPD/m_t1.pm
Read matrix: 2.166773e-01
Form comm: 1.107164e-01
Running with Standard Neighbor Collectives
CG + PMPI: 500 iter, norm 1.794444e-04
CG with PMPI Allreduce: 4.795742e-02
CG with PMPI Allreduce: 4.684693e-02
CG with PMPI Allreduce: 5.968714e-02
CG with PMPI Allreduce: 4.771498e-02
CG with PMPI Allreduce: 4.742146e-02
CG + MPIL RMA Hier Pers: 500 iter, norm 1.673817e-04
CG with MPIL RMA Hier Pers Allreduce: 4.663703e-02
CG with MPIL RMA Hier Pers Allreduce: 4.658827e-02
CG with MPIL RMA Hier Pers Allreduce: 4.669414e-02
CG with MPIL RMA Hier Pers Allreduce: 4.690491e-02
CG with MPIL RMA Hier Pers Allreduce: 6.662145e-02
CG + MPIL RMA Hier EB Pers: 500 iter, norm 1.673817e-04
CG with MPIL RMA Hier EB Pers Allreduce: 5.167614e-02
CG with MPIL RMA Hier EB Pers Allreduce: 4.737364e-02
CG with MPIL RMA Hier EB Pers Allreduce: 5.966583e-02
CG with MPIL RMA Hier EB Pers Allreduce: 4.853322e-02
CG with MPIL RMA Hier EB Pers Allreduce: 4.880898e-02
srun --ntasks-per-node 112 -N 32 ./cg /usr/workspace/bienz1/benchmark_mats/SPD/m_t1.pm
Read matrix: 2.211632e-01
Form comm: 1.536254e-01
Running with Standard Neighbor Collectives
CG + PMPI: 500 iter, norm 1.655593e-04
CG with PMPI Allreduce: 5.482129e-02
CG with PMPI Allreduce: 5.427380e-02
CG with PMPI Allreduce: 8.598218e-02
CG with PMPI Allreduce: 5.569910e-02
CG with PMPI Allreduce: 7.011375e-02
CG + MPIL RMA Hier Pers: 500 iter, norm 1.668568e-04
CG with MPIL RMA Hier Pers Allreduce: 5.563032e-02
CG with MPIL RMA Hier Pers Allreduce: 6.564274e-02
CG with MPIL RMA Hier Pers Allreduce: 9.517868e-02
CG with MPIL RMA Hier Pers Allreduce: 5.522933e-02
CG with MPIL RMA Hier Pers Allreduce: 5.302656e-02
CG + MPIL RMA Hier EB Pers: 500 iter, norm 1.668568e-04
CG with MPIL RMA Hier EB Pers Allreduce: 7.056075e-02
CG with MPIL RMA Hier EB Pers Allreduce: 5.717612e-02
CG with MPIL RMA Hier EB Pers Allreduce: 5.851487e-02
CG with MPIL RMA Hier EB Pers Allreduce: 6.972137e-02
CG with MPIL RMA Hier EB Pers Allreduce: 5.679974e-02
srun --ntasks-per-node 112 -N 64 ./cg /usr/workspace/bienz1/benchmark_mats/SPD/m_t1.pm
Read matrix: 2.598596e-01
Form comm: 2.605701e-01
Running with Standard Neighbor Collectives
CG + PMPI: 500 iter, norm 1.417608e-04
CG with PMPI Allreduce: 1.016521e-01
CG with PMPI Allreduce: 1.296023e-01
CG with PMPI Allreduce: 7.777053e-02
CG with PMPI Allreduce: 8.094709e-02
CG with PMPI Allreduce: 1.170397e-01
CG + MPIL RMA Hier Pers: 500 iter, norm 1.513515e-04
CG with MPIL RMA Hier Pers Allreduce: 7.154677e-02
CG with MPIL RMA Hier Pers Allreduce: 9.227256e-02
CG with MPIL RMA Hier Pers Allreduce: 1.091095e-01
CG with MPIL RMA Hier Pers Allreduce: 6.996171e-02
CG with MPIL RMA Hier Pers Allreduce: 1.006388e-01
CG + MPIL RMA Hier EB Pers: 500 iter, norm 1.513515e-04
CG with MPIL RMA Hier EB Pers Allreduce: 7.711199e-02
CG with MPIL RMA Hier EB Pers Allreduce: 9.436095e-02
CG with MPIL RMA Hier EB Pers Allreduce: 7.003120e-02
CG with MPIL RMA Hier EB Pers Allreduce: 1.547437e-01
CG with MPIL RMA Hier EB Pers Allreduce: 7.872671e-02
