/usr/workspace/bienz1/benchmark_mats/SPD/Fault_639.pm
srun --ntasks-per-node 112 -N 2 ./cg /usr/workspace/bienz1/benchmark_mats/SPD/Fault_639.pm
Running with Standard Neighbor Collectives
CG + PMPI: 500 iter, norm 1.739372e-03
CG with PMPI Allreduce: 9.146187e-02
CG with PMPI Allreduce: 9.106324e-02
CG with PMPI Allreduce: 9.421835e-02
CG with PMPI Allreduce: 9.395038e-02
CG with PMPI Allreduce: 9.435864e-02
CG + MPIL RD: 500 iter, norm 1.519058e-03
CG with MPIL RD Allreduce: 9.393794e-02
CG with MPIL RD Allreduce: 9.228428e-02
CG with MPIL RD Allreduce: 9.315388e-02
CG with MPIL RD Allreduce: 9.371490e-02
CG with MPIL RD Allreduce: 9.378846e-02
CG + MPIL NA: 500 iter, norm 2.470939e-03
CG with MPIL NA Allreduce: 9.634228e-02
CG with MPIL NA Allreduce: 9.677930e-02
CG with MPIL NA Allreduce: 9.614980e-02
CG with MPIL NA Allreduce: 9.712309e-02
CG with MPIL NA Allreduce: 9.811598e-02
CG + MPIL LA: 500 iter, norm 1.573240e-03
CG with MPIL LA Allreduce: 9.020679e-02
CG with MPIL LA Allreduce: 8.941095e-02
CG with MPIL LA Allreduce: 8.907165e-02
CG with MPIL LA Allreduce: 8.960797e-02
CG with MPIL LA Allreduce: 8.933958e-02
CG + MPIL RADIX: 500 iter, norm 1.546239e-03
CG with MPIL RADIX Allreduce: 9.335036e-02
CG with MPIL RADIX Allreduce: 9.361547e-02
CG with MPIL RADIX Allreduce: 9.437598e-02
CG with MPIL RADIX Allreduce: 9.280394e-02
CG with MPIL RADIX Allreduce: 9.334598e-02
CG + MPIL RD Pers: 500 iter, norm 1.519058e-03
CG with MPIL RD Pers Allreduce: 9.157889e-02
CG with MPIL RD Pers Allreduce: 8.980105e-02
CG with MPIL RD Pers Allreduce: 9.107768e-02
CG with MPIL RD Pers Allreduce: 9.089566e-02
CG with MPIL RD Pers Allreduce: 9.133079e-02
CG + MPIL NA Pers: 500 iter, norm 1.519058e-03
CG with MPIL NA Pers Allreduce: 9.100954e-02
CG with MPIL NA Pers Allreduce: 9.091044e-02
CG with MPIL NA Pers Allreduce: 9.157715e-02
CG with MPIL NA Pers Allreduce: 9.128684e-02
CG with MPIL NA Pers Allreduce: 9.187374e-02
CG + MPIL LA Pers: 500 iter, norm 1.519058e-03
CG with MPIL LA Pers Allreduce: 9.179786e-02
CG with MPIL LA Pers Allreduce: 9.144978e-02
CG with MPIL LA Pers Allreduce: 9.110681e-02
CG with MPIL LA Pers Allreduce: 9.152407e-02
CG with MPIL LA Pers Allreduce: 9.172473e-02
CG + MPIL RADIX Pers: 500 iter, norm 1.519058e-03
CG with MPIL RADIX Pers Allreduce: 9.114344e-02
CG with MPIL RADIX Pers Allreduce: 9.140734e-02
CG with MPIL RADIX Pers Allreduce: 9.127840e-02
CG with MPIL RADIX Pers Allreduce: 9.192834e-02
CG with MPIL RADIX Pers Allreduce: 9.104294e-02
CG + MPIL RMA Hier Pers: 500 iter, norm 1.519058e-03
CG with MPIL RMA Hier Pers Allreduce: 9.092480e-02
CG with MPIL RMA Hier Pers Allreduce: 9.158472e-02
CG with MPIL RMA Hier Pers Allreduce: 9.121866e-02
CG with MPIL RMA Hier Pers Allreduce: 9.133748e-02
CG with MPIL RMA Hier Pers Allreduce: 9.098132e-02
CG + MPIL RMA Hier EB Pers: 500 iter, norm 1.519058e-03
CG with MPIL RMA Hier EB Pers Allreduce: 9.085361e-02
CG with MPIL RMA Hier EB Pers Allreduce: 9.125212e-02
CG with MPIL RMA Hier EB Pers Allreduce: 9.110048e-02
CG with MPIL RMA Hier EB Pers Allreduce: 9.190507e-02
CG with MPIL RMA Hier EB Pers Allreduce: 9.166723e-02
Running with Locality Neighbor Collectives
CG + PMPI: 500 iter, norm 1.739372e-03
CG with PMPI Allreduce: 1.126602e-01
CG with PMPI Allreduce: 1.138487e-01
CG with PMPI Allreduce: 1.139305e-01
CG with PMPI Allreduce: 1.129358e-01
CG with PMPI Allreduce: 1.136616e-01
CG + MPIL RD: 500 iter, norm 1.519058e-03
CG with MPIL RD Allreduce: 1.135801e-01
CG with MPIL RD Allreduce: 1.132292e-01
CG with MPIL RD Allreduce: 1.139290e-01
CG with MPIL RD Allreduce: 1.137819e-01
CG with MPIL RD Allreduce: 1.135471e-01
CG + MPIL NA: 500 iter, norm 2.470939e-03
CG with MPIL NA Allreduce: 1.179987e-01
CG with MPIL NA Allreduce: 1.181176e-01
CG with MPIL NA Allreduce: 1.177570e-01
CG with MPIL NA Allreduce: 1.168182e-01
CG with MPIL NA Allreduce: 1.178840e-01
CG + MPIL LA: 500 iter, norm 1.573240e-03
CG with MPIL LA Allreduce: 1.105004e-01
CG with MPIL LA Allreduce: 1.110242e-01
CG with MPIL LA Allreduce: 1.109518e-01
CG with MPIL LA Allreduce: 1.115095e-01
CG with MPIL LA Allreduce: 1.107640e-01
CG + MPIL RADIX: 500 iter, norm 1.546239e-03
CG with MPIL RADIX Allreduce: 1.159793e-01
CG with MPIL RADIX Allreduce: 1.159684e-01
CG with MPIL RADIX Allreduce: 1.152324e-01
CG with MPIL RADIX Allreduce: 1.166724e-01
CG with MPIL RADIX Allreduce: 1.138484e-01
CG + MPIL RD Pers: 500 iter, norm 1.519058e-03
CG with MPIL RD Pers Allreduce: 1.130976e-01
CG with MPIL RD Pers Allreduce: 1.137323e-01
CG with MPIL RD Pers Allreduce: 1.124329e-01
CG with MPIL RD Pers Allreduce: 1.126169e-01
CG with MPIL RD Pers Allreduce: 1.131581e-01
CG + MPIL NA Pers: 500 iter, norm 1.519058e-03
CG with MPIL NA Pers Allreduce: 1.141292e-01
CG with MPIL NA Pers Allreduce: 1.125322e-01
CG with MPIL NA Pers Allreduce: 1.119726e-01
CG with MPIL NA Pers Allreduce: 1.122878e-01
CG with MPIL NA Pers Allreduce: 1.119426e-01
CG + MPIL LA Pers: 500 iter, norm 1.519058e-03
CG with MPIL LA Pers Allreduce: 1.124953e-01
CG with MPIL LA Pers Allreduce: 1.122253e-01
CG with MPIL LA Pers Allreduce: 1.123168e-01
CG with MPIL LA Pers Allreduce: 1.121397e-01
CG with MPIL LA Pers Allreduce: 1.121965e-01
CG + MPIL RADIX Pers: 500 iter, norm 1.519058e-03
CG with MPIL RADIX Pers Allreduce: 1.122363e-01
CG with MPIL RADIX Pers Allreduce: 1.124618e-01
CG with MPIL RADIX Pers Allreduce: 1.129575e-01
CG with MPIL RADIX Pers Allreduce: 1.129921e-01
CG with MPIL RADIX Pers Allreduce: 1.127728e-01
CG + MPIL RMA Hier Pers: 500 iter, norm 1.519058e-03
CG with MPIL RMA Hier Pers Allreduce: 1.121355e-01
CG with MPIL RMA Hier Pers Allreduce: 1.130260e-01
CG with MPIL RMA Hier Pers Allreduce: 1.120066e-01
CG with MPIL RMA Hier Pers Allreduce: 1.147961e-01
CG with MPIL RMA Hier Pers Allreduce: 1.130978e-01
CG + MPIL RMA Hier EB Pers: 500 iter, norm 1.519058e-03
CG with MPIL RMA Hier EB Pers Allreduce: 1.117097e-01
CG with MPIL RMA Hier EB Pers Allreduce: 1.113803e-01
CG with MPIL RMA Hier EB Pers Allreduce: 1.126060e-01
CG with MPIL RMA Hier EB Pers Allreduce: 1.096806e-01
CG with MPIL RMA Hier EB Pers Allreduce: 1.075500e-01
Running with Pers Standard Neighbor Collectives
CG + PMPI: 500 iter, norm 1.739372e-03
CG with PMPI Allreduce: 8.253640e-02
CG with PMPI Allreduce: 8.292321e-02
CG with PMPI Allreduce: 8.242753e-02
CG with PMPI Allreduce: 8.221964e-02
CG with PMPI Allreduce: 8.246766e-02
CG + MPIL RD: 500 iter, norm 1.519058e-03
CG with MPIL RD Allreduce: 8.246239e-02
CG with MPIL RD Allreduce: 8.234340e-02
CG with MPIL RD Allreduce: 8.289289e-02
CG with MPIL RD Allreduce: 8.282618e-02
CG with MPIL RD Allreduce: 8.204452e-02
CG + MPIL NA: 500 iter, norm 2.470939e-03
CG with MPIL NA Allreduce: 8.694798e-02
CG with MPIL NA Allreduce: 8.730677e-02
CG with MPIL NA Allreduce: 8.729897e-02
CG with MPIL NA Allreduce: 8.695740e-02
CG with MPIL NA Allreduce: 8.680686e-02
CG + MPIL LA: 500 iter, norm 1.573240e-03
CG with MPIL LA Allreduce: 7.926234e-02
CG with MPIL LA Allreduce: 7.952834e-02
CG with MPIL LA Allreduce: 7.935142e-02
CG with MPIL LA Allreduce: 8.018440e-02
CG with MPIL LA Allreduce: 7.938910e-02
CG + MPIL RADIX: 500 iter, norm 1.546239e-03
CG with MPIL RADIX Allreduce: 8.543347e-02
CG with MPIL RADIX Allreduce: 8.504168e-02
CG with MPIL RADIX Allreduce: 8.508429e-02
CG with MPIL RADIX Allreduce: 8.578322e-02
CG with MPIL RADIX Allreduce: 8.531214e-02
CG + MPIL RD Pers: 500 iter, norm 1.519058e-03
CG with MPIL RD Pers Allreduce: 8.189132e-02
CG with MPIL RD Pers Allreduce: 8.298203e-02
CG with MPIL RD Pers Allreduce: 8.204185e-02
CG with MPIL RD Pers Allreduce: 8.228736e-02
CG with MPIL RD Pers Allreduce: 8.250388e-02
CG + MPIL NA Pers: 500 iter, norm 1.519058e-03
CG with MPIL NA Pers Allreduce: 8.206479e-02
CG with MPIL NA Pers Allreduce: 8.169783e-02
CG with MPIL NA Pers Allreduce: 8.196537e-02
CG with MPIL NA Pers Allreduce: 8.209215e-02
CG with MPIL NA Pers Allreduce: 8.213488e-02
CG + MPIL LA Pers: 500 iter, norm 1.519058e-03
CG with MPIL LA Pers Allreduce: 8.211298e-02
CG with MPIL LA Pers Allreduce: 8.124042e-02
CG with MPIL LA Pers Allreduce: 8.233853e-02
CG with MPIL LA Pers Allreduce: 8.216304e-02
CG with MPIL LA Pers Allreduce: 8.254804e-02
CG + MPIL RADIX Pers: 500 iter, norm 1.519058e-03
CG with MPIL RADIX Pers Allreduce: 8.206775e-02
CG with MPIL RADIX Pers Allreduce: 8.239723e-02
CG with MPIL RADIX Pers Allreduce: 8.185594e-02
CG with MPIL RADIX Pers Allreduce: 8.230179e-02
CG with MPIL RADIX Pers Allreduce: 8.213010e-02
CG + MPIL RMA Hier Pers: 500 iter, norm 1.519058e-03
CG with MPIL RMA Hier Pers Allreduce: 8.192415e-02
CG with MPIL RMA Hier Pers Allreduce: 8.249282e-02
CG with MPIL RMA Hier Pers Allreduce: 8.208441e-02
CG with MPIL RMA Hier Pers Allreduce: 8.207974e-02
CG with MPIL RMA Hier Pers Allreduce: 8.245896e-02
CG + MPIL RMA Hier EB Pers: 500 iter, norm 1.519058e-03
CG with MPIL RMA Hier EB Pers Allreduce: 8.196290e-02
CG with MPIL RMA Hier EB Pers Allreduce: 8.289314e-02
CG with MPIL RMA Hier EB Pers Allreduce: 8.414423e-02
CG with MPIL RMA Hier EB Pers Allreduce: 8.216941e-02
CG with MPIL RMA Hier EB Pers Allreduce: 8.227923e-02
Running with Pers Locality Neighbor Collectives
CG + PMPI: 500 iter, norm 1.739372e-03
CG with PMPI Allreduce: 2.342668e-01
CG with PMPI Allreduce: 2.332282e-01
CG with PMPI Allreduce: 2.339502e-01
CG with PMPI Allreduce: 2.331452e-01
CG with PMPI Allreduce: 2.337763e-01
CG + MPIL RD: 500 iter, norm 1.519058e-03
CG with MPIL RD Allreduce: 2.326621e-01
CG with MPIL RD Allreduce: 2.308168e-01
CG with MPIL RD Allreduce: 2.320116e-01
CG with MPIL RD Allreduce: 2.312197e-01
CG with MPIL RD Allreduce: 2.305939e-01
CG + MPIL NA: 500 iter, norm 2.470939e-03
CG with MPIL NA Allreduce: 2.346148e-01
CG with MPIL NA Allreduce: 2.348376e-01
CG with MPIL NA Allreduce: 2.345701e-01
CG with MPIL NA Allreduce: 2.344205e-01
CG with MPIL NA Allreduce: 2.341746e-01
CG + MPIL LA: 500 iter, norm 1.573240e-03
CG with MPIL LA Allreduce: 2.284630e-01
CG with MPIL LA Allreduce: 2.282174e-01
CG with MPIL LA Allreduce: 2.277714e-01
CG with MPIL LA Allreduce: 2.276643e-01
CG with MPIL LA Allreduce: 2.287258e-01
CG + MPIL RADIX: 500 iter, norm 1.546239e-03
CG with MPIL RADIX Allreduce: 2.302276e-01
CG with MPIL RADIX Allreduce: 2.332867e-01
CG with MPIL RADIX Allreduce: 2.298580e-01
CG with MPIL RADIX Allreduce: 2.327203e-01
CG with MPIL RADIX Allreduce: 2.318890e-01
CG + MPIL RD Pers: 500 iter, norm 1.519058e-03
CG with MPIL RD Pers Allreduce: 2.322584e-01
CG with MPIL RD Pers Allreduce: 2.316648e-01
CG with MPIL RD Pers Allreduce: 2.294810e-01
CG with MPIL RD Pers Allreduce: 2.303396e-01
CG with MPIL RD Pers Allreduce: 2.306436e-01
CG + MPIL NA Pers: 500 iter, norm 1.519058e-03
CG with MPIL NA Pers Allreduce: 2.301328e-01
CG with MPIL NA Pers Allreduce: 2.293786e-01
CG with MPIL NA Pers Allreduce: 2.305179e-01
CG with MPIL NA Pers Allreduce: 2.301917e-01
CG with MPIL NA Pers Allreduce: 2.296305e-01
CG + MPIL LA Pers: 500 iter, norm 1.519058e-03
CG with MPIL LA Pers Allreduce: 2.310054e-01
CG with MPIL LA Pers Allreduce: 2.322866e-01
CG with MPIL LA Pers Allreduce: 2.305195e-01
CG with MPIL LA Pers Allreduce: 2.313708e-01
CG with MPIL LA Pers Allreduce: 2.282049e-01
CG + MPIL RADIX Pers: 500 iter, norm 1.519058e-03
CG with MPIL RADIX Pers Allreduce: 2.314975e-01
CG with MPIL RADIX Pers Allreduce: 2.303312e-01
CG with MPIL RADIX Pers Allreduce: 2.303328e-01
CG with MPIL RADIX Pers Allreduce: 2.288793e-01
CG with MPIL RADIX Pers Allreduce: 2.302618e-01
CG + MPIL RMA Hier Pers: 500 iter, norm 1.519058e-03
CG with MPIL RMA Hier Pers Allreduce: 2.308749e-01
CG with MPIL RMA Hier Pers Allreduce: 2.309860e-01
CG with MPIL RMA Hier Pers Allreduce: 2.348777e-01
CG with MPIL RMA Hier Pers Allreduce: 2.318499e-01
CG with MPIL RMA Hier Pers Allreduce: 2.309721e-01
CG + MPIL RMA Hier EB Pers: 500 iter, norm 1.519058e-03
CG with MPIL RMA Hier EB Pers Allreduce: 2.316026e-01
CG with MPIL RMA Hier EB Pers Allreduce: 2.323377e-01
CG with MPIL RMA Hier EB Pers Allreduce: 2.310764e-01
CG with MPIL RMA Hier EB Pers Allreduce: 2.298946e-01
CG with MPIL RMA Hier EB Pers Allreduce: 2.306551e-01
/usr/workspace/bienz1/benchmark_mats/SPD/nd24k.pm
srun --ntasks-per-node 112 -N 2 ./cg /usr/workspace/bienz1/benchmark_mats/SPD/nd24k.pm
Running with Standard Neighbor Collectives
CG + PMPI: 500 iter, norm 4.905240e-06
CG with PMPI Allreduce: 2.161831e-01
CG with PMPI Allreduce: 2.080237e-01
CG with PMPI Allreduce: 2.133533e-01
CG with PMPI Allreduce: 2.142056e-01
CG with PMPI Allreduce: 2.123535e-01
CG + MPIL RD: 500 iter, norm 4.956351e-06
CG with MPIL RD Allreduce: 2.213117e-01
CG with MPIL RD Allreduce: 2.131209e-01
CG with MPIL RD Allreduce: 2.108301e-01
CG with MPIL RD Allreduce: 2.139905e-01
CG with MPIL RD Allreduce: 2.160517e-01
CG + MPIL NA: 500 iter, norm 7.201757e-06
CG with MPIL NA Allreduce: 2.218880e-01
CG with MPIL NA Allreduce: 2.133160e-01
CG with MPIL NA Allreduce: 2.228956e-01
CG with MPIL NA Allreduce: 2.267211e-01
CG with MPIL NA Allreduce: 2.203173e-01
CG + MPIL LA: 500 iter, norm 6.205077e-06
CG with MPIL LA Allreduce: 2.083201e-01
CG with MPIL LA Allreduce: 2.165694e-01
CG with MPIL LA Allreduce: 2.151928e-01
CG with MPIL LA Allreduce: 2.038346e-01
CG with MPIL LA Allreduce: 2.091724e-01
CG + MPIL RADIX: 500 iter, norm 5.983146e-06
CG with MPIL RADIX Allreduce: 2.112862e-01
CG with MPIL RADIX Allreduce: 2.092536e-01
CG with MPIL RADIX Allreduce: 2.117914e-01
CG with MPIL RADIX Allreduce: 2.124218e-01
CG with MPIL RADIX Allreduce: 2.040243e-01
CG + MPIL RD Pers: 500 iter, norm 4.956351e-06
CG with MPIL RD Pers Allreduce: 2.159596e-01
CG with MPIL RD Pers Allreduce: 2.078721e-01
CG with MPIL RD Pers Allreduce: 2.055701e-01
CG with MPIL RD Pers Allreduce: 2.164485e-01
CG with MPIL RD Pers Allreduce: 2.062203e-01
CG + MPIL NA Pers: 500 iter, norm 4.956351e-06
CG with MPIL NA Pers Allreduce: 2.138381e-01
CG with MPIL NA Pers Allreduce: 2.079776e-01
CG with MPIL NA Pers Allreduce: 2.174372e-01
CG with MPIL NA Pers Allreduce: 2.155625e-01
CG with MPIL NA Pers Allreduce: 2.067607e-01
CG + MPIL LA Pers: 500 iter, norm 4.956351e-06
CG with MPIL LA Pers Allreduce: 2.040384e-01
CG with MPIL LA Pers Allreduce: 2.115885e-01
CG with MPIL LA Pers Allreduce: 2.167310e-01
CG with MPIL LA Pers Allreduce: 2.084766e-01
CG with MPIL LA Pers Allreduce: 2.032876e-01
CG + MPIL RADIX Pers: 500 iter, norm 4.956351e-06
CG with MPIL RADIX Pers Allreduce: 2.167252e-01
CG with MPIL RADIX Pers Allreduce: 1.965284e-01
CG with MPIL RADIX Pers Allreduce: 2.060204e-01
CG with MPIL RADIX Pers Allreduce: 2.099429e-01
CG with MPIL RADIX Pers Allreduce: 2.114382e-01
CG + MPIL RMA Hier Pers: 500 iter, norm 4.956351e-06
CG with MPIL RMA Hier Pers Allreduce: 2.050129e-01
CG with MPIL RMA Hier Pers Allreduce: 2.047614e-01
CG with MPIL RMA Hier Pers Allreduce: 2.010406e-01
CG with MPIL RMA Hier Pers Allreduce: 2.047373e-01
CG with MPIL RMA Hier Pers Allreduce: 2.020976e-01
CG + MPIL RMA Hier EB Pers: 500 iter, norm 4.956351e-06
CG with MPIL RMA Hier EB Pers Allreduce: 1.943321e-01
CG with MPIL RMA Hier EB Pers Allreduce: 2.055067e-01
CG with MPIL RMA Hier EB Pers Allreduce: 2.053829e-01
CG with MPIL RMA Hier EB Pers Allreduce: 2.034926e-01
CG with MPIL RMA Hier EB Pers Allreduce: 2.002422e-01
Running with Locality Neighbor Collectives
CG + PMPI: 500 iter, norm 4.905240e-06
CG with PMPI Allreduce: 2.321455e-01
CG with PMPI Allreduce: 2.185201e-01
CG with PMPI Allreduce: 2.230162e-01
CG with PMPI Allreduce: 2.304483e-01
CG with PMPI Allreduce: 2.173810e-01
CG + MPIL RD: 500 iter, norm 4.956351e-06
CG with MPIL RD Allreduce: 2.286778e-01
CG with MPIL RD Allreduce: 2.228850e-01
CG with MPIL RD Allreduce: 2.216762e-01
CG with MPIL RD Allreduce: 2.264020e-01
CG with MPIL RD Allreduce: 2.211833e-01
CG + MPIL NA: 500 iter, norm 7.201757e-06
CG with MPIL NA Allreduce: 2.275534e-01
CG with MPIL NA Allreduce: 2.356924e-01
CG with MPIL NA Allreduce: 2.260550e-01
CG with MPIL NA Allreduce: 2.323223e-01
CG with MPIL NA Allreduce: 2.348147e-01
CG + MPIL LA: 500 iter, norm 6.205077e-06
CG with MPIL LA Allreduce: 2.139574e-01
CG with MPIL LA Allreduce: 2.169381e-01
CG with MPIL LA Allreduce: 2.219136e-01
CG with MPIL LA Allreduce: 2.214862e-01
CG with MPIL LA Allreduce: 2.190201e-01
CG + MPIL RADIX: 500 iter, norm 5.983146e-06
CG with MPIL RADIX Allreduce: 2.268839e-01
CG with MPIL RADIX Allreduce: 2.126828e-01
CG with MPIL RADIX Allreduce: 2.291262e-01
CG with MPIL RADIX Allreduce: 2.214804e-01
CG with MPIL RADIX Allreduce: 2.229196e-01
CG + MPIL RD Pers: 500 iter, norm 4.956351e-06
CG with MPIL RD Pers Allreduce: 2.302790e-01
CG with MPIL RD Pers Allreduce: 2.206405e-01
CG with MPIL RD Pers Allreduce: 2.230350e-01
CG with MPIL RD Pers Allreduce: 2.238391e-01
CG with MPIL RD Pers Allreduce: 2.372305e-01
CG + MPIL NA Pers: 500 iter, norm 4.956351e-06
CG with MPIL NA Pers Allreduce: 2.272379e-01
CG with MPIL NA Pers Allreduce: 2.203926e-01
CG with MPIL NA Pers Allreduce: 2.268266e-01
CG with MPIL NA Pers Allreduce: 2.284263e-01
CG with MPIL NA Pers Allreduce: 2.245177e-01
CG + MPIL LA Pers: 500 iter, norm 4.956351e-06
CG with MPIL LA Pers Allreduce: 2.252792e-01
CG with MPIL LA Pers Allreduce: 2.307452e-01
CG with MPIL LA Pers Allreduce: 2.095856e-01
CG with MPIL LA Pers Allreduce: 2.261433e-01
CG with MPIL LA Pers Allreduce: 2.171230e-01
CG + MPIL RADIX Pers: 500 iter, norm 4.956351e-06
CG with MPIL RADIX Pers Allreduce: 2.168883e-01
CG with MPIL RADIX Pers Allreduce: 2.236941e-01
CG with MPIL RADIX Pers Allreduce: 2.232910e-01
CG with MPIL RADIX Pers Allreduce: 2.211345e-01
CG with MPIL RADIX Pers Allreduce: 2.230073e-01
CG + MPIL RMA Hier Pers: 500 iter, norm 4.956351e-06
CG with MPIL RMA Hier Pers Allreduce: 2.223347e-01
CG with MPIL RMA Hier Pers Allreduce: 2.223624e-01
CG with MPIL RMA Hier Pers Allreduce: 2.306134e-01
CG with MPIL RMA Hier Pers Allreduce: 2.207409e-01
CG with MPIL RMA Hier Pers Allreduce: 2.233721e-01
CG + MPIL RMA Hier EB Pers: 500 iter, norm 4.956351e-06
CG with MPIL RMA Hier EB Pers Allreduce: 2.247613e-01
CG with MPIL RMA Hier EB Pers Allreduce: 2.213352e-01
CG with MPIL RMA Hier EB Pers Allreduce: 2.241346e-01
CG with MPIL RMA Hier EB Pers Allreduce: 2.245518e-01
CG with MPIL RMA Hier EB Pers Allreduce: 2.155971e-01
Running with Pers Standard Neighbor Collectives
CG + PMPI: 500 iter, norm 4.905240e-06
CG with PMPI Allreduce: 1.985654e-01
CG with PMPI Allreduce: 1.935961e-01
CG with PMPI Allreduce: 1.960012e-01
CG with PMPI Allreduce: 1.939466e-01
CG with PMPI Allreduce: 1.959791e-01
CG + MPIL RD: 500 iter, norm 4.956351e-06
CG with MPIL RD Allreduce: 1.940227e-01
CG with MPIL RD Allreduce: 1.993468e-01
CG with MPIL RD Allreduce: 1.962495e-01
CG with MPIL RD Allreduce: 1.961278e-01
CG with MPIL RD Allreduce: 2.020013e-01
CG + MPIL NA: 500 iter, norm 7.201757e-06
CG with MPIL NA Allreduce: 2.015270e-01
CG with MPIL NA Allreduce: 2.017570e-01
CG with MPIL NA Allreduce: 2.015551e-01
CG with MPIL NA Allreduce: 2.022943e-01
CG with MPIL NA Allreduce: 2.046953e-01
CG + MPIL LA: 500 iter, norm 6.205077e-06
CG with MPIL LA Allreduce: 1.849630e-01
CG with MPIL LA Allreduce: 2.005905e-01
CG with MPIL LA Allreduce: 1.902460e-01
CG with MPIL LA Allreduce: 1.896504e-01
CG with MPIL LA Allreduce: 2.017239e-01
CG + MPIL RADIX: 500 iter, norm 5.983146e-06
CG with MPIL RADIX Allreduce: 1.973150e-01
CG with MPIL RADIX Allreduce: 2.006393e-01
CG with MPIL RADIX Allreduce: 1.964972e-01
CG with MPIL RADIX Allreduce: 1.906579e-01
CG with MPIL RADIX Allreduce: 1.997489e-01
CG + MPIL RD Pers: 500 iter, norm 4.956351e-06
CG with MPIL RD Pers Allreduce: 1.879622e-01
CG with MPIL RD Pers Allreduce: 1.965031e-01
CG with MPIL RD Pers Allreduce: 1.969418e-01
CG with MPIL RD Pers Allreduce: 2.017339e-01
CG with MPIL RD Pers Allreduce: 1.930827e-01
CG + MPIL NA Pers: 500 iter, norm 4.956351e-06
CG with MPIL NA Pers Allreduce: 2.046704e-01
CG with MPIL NA Pers Allreduce: 1.907721e-01
CG with MPIL NA Pers Allreduce: 1.891714e-01
CG with MPIL NA Pers Allreduce: 1.928641e-01
CG with MPIL NA Pers Allreduce: 1.997666e-01
CG + MPIL LA Pers: 500 iter, norm 4.956351e-06
CG with MPIL LA Pers Allreduce: 1.966667e-01
CG with MPIL LA Pers Allreduce: 1.966244e-01
CG with MPIL LA Pers Allreduce: 2.002775e-01
CG with MPIL LA Pers Allreduce: 1.972532e-01
CG with MPIL LA Pers Allreduce: 1.913843e-01
CG + MPIL RADIX Pers: 500 iter, norm 4.956351e-06
CG with MPIL RADIX Pers Allreduce: 2.026120e-01
CG with MPIL RADIX Pers Allreduce: 1.924783e-01
CG with MPIL RADIX Pers Allreduce: 1.918709e-01
CG with MPIL RADIX Pers Allreduce: 1.975696e-01
CG with MPIL RADIX Pers Allreduce: 1.944924e-01
CG + MPIL RMA Hier Pers: 500 iter, norm 4.956351e-06
CG with MPIL RMA Hier Pers Allreduce: 1.887435e-01
CG with MPIL RMA Hier Pers Allreduce: 2.003145e-01
CG with MPIL RMA Hier Pers Allreduce: 1.946893e-01
CG with MPIL RMA Hier Pers Allreduce: 1.941576e-01
CG with MPIL RMA Hier Pers Allreduce: 2.006729e-01
CG + MPIL RMA Hier EB Pers: 500 iter, norm 4.956351e-06
CG with MPIL RMA Hier EB Pers Allreduce: 2.033951e-01
CG with MPIL RMA Hier EB Pers Allreduce: 1.961359e-01
CG with MPIL RMA Hier EB Pers Allreduce: 2.049513e-01
CG with MPIL RMA Hier EB Pers Allreduce: 1.911032e-01
CG with MPIL RMA Hier EB Pers Allreduce: 1.981019e-01
Running with Pers Locality Neighbor Collectives
CG + PMPI: 500 iter, norm 4.905240e-06
CG with PMPI Allreduce: 5.842808e-01
CG with PMPI Allreduce: 5.854561e-01
CG with PMPI Allreduce: 5.868961e-01
CG with PMPI Allreduce: 5.839064e-01
CG with PMPI Allreduce: 5.837847e-01
CG + MPIL RD: 500 iter, norm 4.956351e-06
CG with MPIL RD Allreduce: 5.868104e-01
CG with MPIL RD Allreduce: 5.849112e-01
CG with MPIL RD Allreduce: 5.857954e-01
CG with MPIL RD Allreduce: 5.841841e-01
CG with MPIL RD Allreduce: 5.859030e-01
CG + MPIL NA: 500 iter, norm 7.201757e-06
CG with MPIL NA Allreduce: 5.878052e-01
CG with MPIL NA Allreduce: 5.866237e-01
CG with MPIL NA Allreduce: 5.830978e-01
CG with MPIL NA Allreduce: 5.848434e-01
CG with MPIL NA Allreduce: 5.849521e-01
CG + MPIL LA: 500 iter, norm 6.205077e-06
CG with MPIL LA Allreduce: 5.760689e-01
CG with MPIL LA Allreduce: 5.761352e-01
CG with MPIL LA Allreduce: 5.766594e-01
CG with MPIL LA Allreduce: 5.783796e-01
CG with MPIL LA Allreduce: 5.809994e-01
CG + MPIL RADIX: 500 iter, norm 5.983146e-06
CG with MPIL RADIX Allreduce: 5.898286e-01
CG with MPIL RADIX Allreduce: 5.858422e-01
CG with MPIL RADIX Allreduce: 5.859868e-01
CG with MPIL RADIX Allreduce: 5.902290e-01
CG with MPIL RADIX Allreduce: 5.838609e-01
CG + MPIL RD Pers: 500 iter, norm 4.956351e-06
CG with MPIL RD Pers Allreduce: 5.851948e-01
CG with MPIL RD Pers Allreduce: 5.877003e-01
CG with MPIL RD Pers Allreduce: 5.836007e-01
CG with MPIL RD Pers Allreduce: 5.962804e-01
CG with MPIL RD Pers Allreduce: 5.856474e-01
CG + MPIL NA Pers: 500 iter, norm 4.956351e-06
CG with MPIL NA Pers Allreduce: 5.901177e-01
CG with MPIL NA Pers Allreduce: 5.847058e-01
CG with MPIL NA Pers Allreduce: 5.841629e-01
CG with MPIL NA Pers Allreduce: 5.889454e-01
CG with MPIL NA Pers Allreduce: 5.830406e-01
CG + MPIL LA Pers: 500 iter, norm 4.956351e-06
CG with MPIL LA Pers Allreduce: 5.868252e-01
CG with MPIL LA Pers Allreduce: 5.878562e-01
CG with MPIL LA Pers Allreduce: 5.840658e-01
CG with MPIL LA Pers Allreduce: 5.840649e-01
CG with MPIL LA Pers Allreduce: 5.859109e-01
CG + MPIL RADIX Pers: 500 iter, norm 4.956351e-06
CG with MPIL RADIX Pers Allreduce: 5.835322e-01
CG with MPIL RADIX Pers Allreduce: 5.859274e-01
CG with MPIL RADIX Pers Allreduce: 5.840375e-01
CG with MPIL RADIX Pers Allreduce: 5.848582e-01
CG with MPIL RADIX Pers Allreduce: 5.870557e-01
CG + MPIL RMA Hier Pers: 500 iter, norm 4.956351e-06
CG with MPIL RMA Hier Pers Allreduce: 5.871201e-01
CG with MPIL RMA Hier Pers Allreduce: 5.839693e-01
CG with MPIL RMA Hier Pers Allreduce: 5.860390e-01
CG with MPIL RMA Hier Pers Allreduce: 5.872003e-01
CG with MPIL RMA Hier Pers Allreduce: 5.927725e-01
CG + MPIL RMA Hier EB Pers: 500 iter, norm 4.956351e-06
CG with MPIL RMA Hier EB Pers Allreduce: 5.868076e-01
CG with MPIL RMA Hier EB Pers Allreduce: 5.875009e-01
CG with MPIL RMA Hier EB Pers Allreduce: 5.857393e-01
CG with MPIL RMA Hier EB Pers Allreduce: 5.844063e-01
CG with MPIL RMA Hier EB Pers Allreduce: 5.901392e-01
/usr/workspace/bienz1/benchmark_mats/SPD/PFlow_742.pm
srun --ntasks-per-node 112 -N 2 ./cg /usr/workspace/bienz1/benchmark_mats/SPD/PFlow_742.pm
Running with Standard Neighbor Collectives
CG + PMPI: 500 iter, norm 6.659268e-04
CG with PMPI Allreduce: 1.110197e-01
CG with PMPI Allreduce: 1.113248e-01
CG with PMPI Allreduce: 1.171215e-01
CG with PMPI Allreduce: 1.159364e-01
CG with PMPI Allreduce: 1.150456e-01
CG + MPIL RD: 500 iter, norm 6.959366e-04
CG with MPIL RD Allreduce: 1.151471e-01
CG with MPIL RD Allreduce: 1.149058e-01
CG with MPIL RD Allreduce: 1.156465e-01
CG with MPIL RD Allreduce: 1.144241e-01
CG with MPIL RD Allreduce: 1.150927e-01
CG + MPIL NA: 500 iter, norm 6.870361e-04
CG with MPIL NA Allreduce: 1.189627e-01
CG with MPIL NA Allreduce: 1.193217e-01
CG with MPIL NA Allreduce: 1.184411e-01
CG with MPIL NA Allreduce: 1.188336e-01
CG with MPIL NA Allreduce: 1.186846e-01
CG + MPIL LA: 500 iter, norm 6.572725e-04
CG with MPIL LA Allreduce: 1.131800e-01
CG with MPIL LA Allreduce: 1.136217e-01
CG with MPIL LA Allreduce: 1.132463e-01
CG with MPIL LA Allreduce: 1.132532e-01
CG with MPIL LA Allreduce: 1.124603e-01
CG + MPIL RADIX: 500 iter, norm 6.673064e-04
CG with MPIL RADIX Allreduce: 1.149226e-01
CG with MPIL RADIX Allreduce: 1.160774e-01
CG with MPIL RADIX Allreduce: 1.157393e-01
CG with MPIL RADIX Allreduce: 1.151038e-01
CG with MPIL RADIX Allreduce: 1.151782e-01
CG + MPIL RD Pers: 500 iter, norm 6.959366e-04
CG with MPIL RD Pers Allreduce: 1.130139e-01
CG with MPIL RD Pers Allreduce: 1.132555e-01
CG with MPIL RD Pers Allreduce: 1.128010e-01
CG with MPIL RD Pers Allreduce: 1.130287e-01
CG with MPIL RD Pers Allreduce: 1.134776e-01
CG + MPIL NA Pers: 500 iter, norm 6.959366e-04
CG with MPIL NA Pers Allreduce: 1.124500e-01
CG with MPIL NA Pers Allreduce: 1.123103e-01
CG with MPIL NA Pers Allreduce: 1.138948e-01
CG with MPIL NA Pers Allreduce: 1.132976e-01
CG with MPIL NA Pers Allreduce: 1.131457e-01
CG + MPIL LA Pers: 500 iter, norm 6.959366e-04
CG with MPIL LA Pers Allreduce: 1.129148e-01
CG with MPIL LA Pers Allreduce: 1.135350e-01
CG with MPIL LA Pers Allreduce: 1.132113e-01
CG with MPIL LA Pers Allreduce: 1.140724e-01
CG with MPIL LA Pers Allreduce: 1.128160e-01
CG + MPIL RADIX Pers: 500 iter, norm 6.959366e-04
CG with MPIL RADIX Pers Allreduce: 1.137604e-01
CG with MPIL RADIX Pers Allreduce: 1.128222e-01
CG with MPIL RADIX Pers Allreduce: 1.129854e-01
CG with MPIL RADIX Pers Allreduce: 1.141400e-01
CG with MPIL RADIX Pers Allreduce: 1.131902e-01
CG + MPIL RMA Hier Pers: 500 iter, norm 6.959366e-04
CG with MPIL RMA Hier Pers Allreduce: 1.146778e-01
CG with MPIL RMA Hier Pers Allreduce: 1.135707e-01
CG with MPIL RMA Hier Pers Allreduce: 1.135333e-01
CG with MPIL RMA Hier Pers Allreduce: 1.134435e-01
CG with MPIL RMA Hier Pers Allreduce: 1.153772e-01
CG + MPIL RMA Hier EB Pers: 500 iter, norm 6.959366e-04
CG with MPIL RMA Hier EB Pers Allreduce: 1.134936e-01
CG with MPIL RMA Hier EB Pers Allreduce: 1.143652e-01
CG with MPIL RMA Hier EB Pers Allreduce: 1.133421e-01
CG with MPIL RMA Hier EB Pers Allreduce: 1.140104e-01
CG with MPIL RMA Hier EB Pers Allreduce: 1.137821e-01
Running with Locality Neighbor Collectives
CG + PMPI: 500 iter, norm 6.659268e-04
CG with PMPI Allreduce: 1.357074e-01
CG with PMPI Allreduce: 1.353676e-01
CG with PMPI Allreduce: 1.367232e-01
CG with PMPI Allreduce: 1.354907e-01
CG with PMPI Allreduce: 1.359242e-01
CG + MPIL RD: 500 iter, norm 6.959366e-04
CG with MPIL RD Allreduce: 1.351233e-01
CG with MPIL RD Allreduce: 1.365754e-01
CG with MPIL RD Allreduce: 1.365390e-01
CG with MPIL RD Allreduce: 1.365564e-01
CG with MPIL RD Allreduce: 1.367022e-01
CG + MPIL NA: 500 iter, norm 6.870361e-04
CG with MPIL NA Allreduce: 1.396015e-01
CG with MPIL NA Allreduce: 1.392195e-01
CG with MPIL NA Allreduce: 1.363690e-01
CG with MPIL NA Allreduce: 1.346447e-01
CG with MPIL NA Allreduce: 1.320496e-01
CG + MPIL LA: 500 iter, norm 6.572725e-04
CG with MPIL LA Allreduce: 1.259537e-01
CG with MPIL LA Allreduce: 1.257133e-01
CG with MPIL LA Allreduce: 1.251973e-01
CG with MPIL LA Allreduce: 1.252120e-01
CG with MPIL LA Allreduce: 1.270224e-01
CG + MPIL RADIX: 500 iter, norm 6.673064e-04
CG with MPIL RADIX Allreduce: 1.308798e-01
CG with MPIL RADIX Allreduce: 1.299682e-01
CG with MPIL RADIX Allreduce: 1.295079e-01
CG with MPIL RADIX Allreduce: 1.294611e-01
CG with MPIL RADIX Allreduce: 1.296126e-01
CG + MPIL RD Pers: 500 iter, norm 6.959366e-04
CG with MPIL RD Pers Allreduce: 1.291524e-01
CG with MPIL RD Pers Allreduce: 1.303178e-01
CG with MPIL RD Pers Allreduce: 1.286245e-01
CG with MPIL RD Pers Allreduce: 1.287987e-01
CG with MPIL RD Pers Allreduce: 1.284180e-01
CG + MPIL NA Pers: 500 iter, norm 6.959366e-04
CG with MPIL NA Pers Allreduce: 1.291939e-01
CG with MPIL NA Pers Allreduce: 1.284054e-01
CG with MPIL NA Pers Allreduce: 1.290217e-01
CG with MPIL NA Pers Allreduce: 1.284555e-01
CG with MPIL NA Pers Allreduce: 1.297791e-01
CG + MPIL LA Pers: 500 iter, norm 6.959366e-04
CG with MPIL LA Pers Allreduce: 1.291509e-01
CG with MPIL LA Pers Allreduce: 1.274903e-01
CG with MPIL LA Pers Allreduce: 1.291244e-01
CG with MPIL LA Pers Allreduce: 1.285742e-01
CG with MPIL LA Pers Allreduce: 1.284601e-01
CG + MPIL RADIX Pers: 500 iter, norm 6.959366e-04
CG with MPIL RADIX Pers Allreduce: 1.288210e-01
CG with MPIL RADIX Pers Allreduce: 1.285437e-01
CG with MPIL RADIX Pers Allreduce: 1.283561e-01
CG with MPIL RADIX Pers Allreduce: 1.289708e-01
CG with MPIL RADIX Pers Allreduce: 1.297198e-01
CG + MPIL RMA Hier Pers: 500 iter, norm 6.959366e-04
CG with MPIL RMA Hier Pers Allreduce: 1.288808e-01
CG with MPIL RMA Hier Pers Allreduce: 1.285476e-01
CG with MPIL RMA Hier Pers Allreduce: 1.286548e-01
CG with MPIL RMA Hier Pers Allreduce: 1.288237e-01
CG with MPIL RMA Hier Pers Allreduce: 1.288044e-01
CG + MPIL RMA Hier EB Pers: 500 iter, norm 6.959366e-04
CG with MPIL RMA Hier EB Pers Allreduce: 1.278914e-01
CG with MPIL RMA Hier EB Pers Allreduce: 1.280013e-01
CG with MPIL RMA Hier EB Pers Allreduce: 1.301815e-01
CG with MPIL RMA Hier EB Pers Allreduce: 1.272899e-01
CG with MPIL RMA Hier EB Pers Allreduce: 1.281853e-01
Running with Pers Standard Neighbor Collectives
CG + PMPI: 500 iter, norm 6.659268e-04
CG with PMPI Allreduce: 1.052957e-01
CG with PMPI Allreduce: 1.061667e-01
CG with PMPI Allreduce: 1.062359e-01
CG with PMPI Allreduce: 1.056780e-01
CG with PMPI Allreduce: 1.062639e-01
CG + MPIL RD: 500 iter, norm 6.959366e-04
CG with MPIL RD Allreduce: 1.035265e-01
CG with MPIL RD Allreduce: 1.042069e-01
CG with MPIL RD Allreduce: 1.040069e-01
CG with MPIL RD Allreduce: 1.044080e-01
CG with MPIL RD Allreduce: 1.031471e-01
CG + MPIL NA: 500 iter, norm 6.870361e-04
CG with MPIL NA Allreduce: 1.087480e-01
CG with MPIL NA Allreduce: 1.086556e-01
CG with MPIL NA Allreduce: 1.090560e-01
CG with MPIL NA Allreduce: 1.087362e-01
CG with MPIL NA Allreduce: 1.093277e-01
CG + MPIL LA: 500 iter, norm 6.572725e-04
CG with MPIL LA Allreduce: 1.025322e-01
CG with MPIL LA Allreduce: 1.023913e-01
CG with MPIL LA Allreduce: 1.025829e-01
CG with MPIL LA Allreduce: 1.027430e-01
CG with MPIL LA Allreduce: 1.025513e-01
CG + MPIL RADIX: 500 iter, norm 6.673064e-04
CG with MPIL RADIX Allreduce: 1.054322e-01
CG with MPIL RADIX Allreduce: 1.057542e-01
CG with MPIL RADIX Allreduce: 1.063811e-01
CG with MPIL RADIX Allreduce: 1.069759e-01
CG with MPIL RADIX Allreduce: 1.057637e-01
CG + MPIL RD Pers: 500 iter, norm 6.959366e-04
CG with MPIL RD Pers Allreduce: 1.040701e-01
CG with MPIL RD Pers Allreduce: 1.032737e-01
CG with MPIL RD Pers Allreduce: 1.036914e-01
CG with MPIL RD Pers Allreduce: 1.034314e-01
CG with MPIL RD Pers Allreduce: 1.047325e-01
CG + MPIL NA Pers: 500 iter, norm 6.959366e-04
CG with MPIL NA Pers Allreduce: 1.033616e-01
CG with MPIL NA Pers Allreduce: 1.041278e-01
CG with MPIL NA Pers Allreduce: 1.026882e-01
CG with MPIL NA Pers Allreduce: 1.045735e-01
CG with MPIL NA Pers Allreduce: 1.037193e-01
CG + MPIL LA Pers: 500 iter, norm 6.959366e-04
CG with MPIL LA Pers Allreduce: 1.032814e-01
CG with MPIL LA Pers Allreduce: 1.044417e-01
CG with MPIL LA Pers Allreduce: 1.037634e-01
CG with MPIL LA Pers Allreduce: 1.034872e-01
CG with MPIL LA Pers Allreduce: 1.041876e-01
CG + MPIL RADIX Pers: 500 iter, norm 6.959366e-04
CG with MPIL RADIX Pers Allreduce: 1.047009e-01
CG with MPIL RADIX Pers Allreduce: 1.038463e-01
CG with MPIL RADIX Pers Allreduce: 1.038502e-01
CG with MPIL RADIX Pers Allreduce: 1.042436e-01
CG with MPIL RADIX Pers Allreduce: 1.038829e-01
CG + MPIL RMA Hier Pers: 500 iter, norm 6.959366e-04
CG with MPIL RMA Hier Pers Allreduce: 1.042957e-01
CG with MPIL RMA Hier Pers Allreduce: 1.041844e-01
CG with MPIL RMA Hier Pers Allreduce: 1.034994e-01
CG with MPIL RMA Hier Pers Allreduce: 1.036951e-01
CG with MPIL RMA Hier Pers Allreduce: 1.035822e-01
CG + MPIL RMA Hier EB Pers: 500 iter, norm 6.959366e-04
CG with MPIL RMA Hier EB Pers Allreduce: 1.043661e-01
CG with MPIL RMA Hier EB Pers Allreduce: 1.035311e-01
CG with MPIL RMA Hier EB Pers Allreduce: 1.045626e-01
CG with MPIL RMA Hier EB Pers Allreduce: 1.043073e-01
CG with MPIL RMA Hier EB Pers Allreduce: 1.040257e-01
Running with Pers Locality Neighbor Collectives
CG + PMPI: 500 iter, norm 6.659268e-04
CG with PMPI Allreduce: 1.507606e-01
CG with PMPI Allreduce: 1.510956e-01
CG with PMPI Allreduce: 1.513123e-01
CG with PMPI Allreduce: 1.509886e-01
CG with PMPI Allreduce: 1.519446e-01
CG + MPIL RD: 500 iter, norm 6.959366e-04
CG with MPIL RD Allreduce: 1.478462e-01
CG with MPIL RD Allreduce: 1.487580e-01
CG with MPIL RD Allreduce: 1.479468e-01
CG with MPIL RD Allreduce: 1.482822e-01
CG with MPIL RD Allreduce: 1.486567e-01
CG + MPIL NA: 500 iter, norm 6.870361e-04
CG with MPIL NA Allreduce: 1.527456e-01
CG with MPIL NA Allreduce: 1.531694e-01
CG with MPIL NA Allreduce: 1.542436e-01
CG with MPIL NA Allreduce: 1.540096e-01
CG with MPIL NA Allreduce: 1.534285e-01
CG + MPIL LA: 500 iter, norm 6.572725e-04
CG with MPIL LA Allreduce: 1.480474e-01
CG with MPIL LA Allreduce: 1.473477e-01
CG with MPIL LA Allreduce: 1.484340e-01
CG with MPIL LA Allreduce: 1.480526e-01
CG with MPIL LA Allreduce: 1.480418e-01
CG + MPIL RADIX: 500 iter, norm 6.673064e-04
CG with MPIL RADIX Allreduce: 1.508552e-01
CG with MPIL RADIX Allreduce: 1.499879e-01
CG with MPIL RADIX Allreduce: 1.504357e-01
CG with MPIL RADIX Allreduce: 1.503432e-01
CG with MPIL RADIX Allreduce: 1.506403e-01
CG + MPIL RD Pers: 500 iter, norm 6.959366e-04
CG with MPIL RD Pers Allreduce: 1.490124e-01
CG with MPIL RD Pers Allreduce: 1.486253e-01
CG with MPIL RD Pers Allreduce: 1.499527e-01
CG with MPIL RD Pers Allreduce: 1.494189e-01
CG with MPIL RD Pers Allreduce: 1.496544e-01
CG + MPIL NA Pers: 500 iter, norm 6.959366e-04
CG with MPIL NA Pers Allreduce: 1.491917e-01
CG with MPIL NA Pers Allreduce: 1.498690e-01
CG with MPIL NA Pers Allreduce: 1.482669e-01
CG with MPIL NA Pers Allreduce: 1.484179e-01
CG with MPIL NA Pers Allreduce: 1.473572e-01
CG + MPIL LA Pers: 500 iter, norm 6.959366e-04
CG with MPIL LA Pers Allreduce: 1.487979e-01
CG with MPIL LA Pers Allreduce: 1.478499e-01
CG with MPIL LA Pers Allreduce: 1.484299e-01
CG with MPIL LA Pers Allreduce: 1.493498e-01
CG with MPIL LA Pers Allreduce: 1.486235e-01
CG + MPIL RADIX Pers: 500 iter, norm 6.959366e-04
CG with MPIL RADIX Pers Allreduce: 1.480484e-01
CG with MPIL RADIX Pers Allreduce: 1.484561e-01
CG with MPIL RADIX Pers Allreduce: 1.483611e-01
CG with MPIL RADIX Pers Allreduce: 1.477064e-01
CG with MPIL RADIX Pers Allreduce: 1.480821e-01
CG + MPIL RMA Hier Pers: 500 iter, norm 6.959366e-04
CG with MPIL RMA Hier Pers Allreduce: 1.481760e-01
CG with MPIL RMA Hier Pers Allreduce: 1.486096e-01
CG with MPIL RMA Hier Pers Allreduce: 1.478392e-01
CG with MPIL RMA Hier Pers Allreduce: 1.487486e-01
CG with MPIL RMA Hier Pers Allreduce: 1.486152e-01
CG + MPIL RMA Hier EB Pers: 500 iter, norm 6.959366e-04
CG with MPIL RMA Hier EB Pers Allreduce: 1.497928e-01
CG with MPIL RMA Hier EB Pers Allreduce: 1.487173e-01
CG with MPIL RMA Hier EB Pers Allreduce: 1.489835e-01
CG with MPIL RMA Hier EB Pers Allreduce: 1.486672e-01
CG with MPIL RMA Hier EB Pers Allreduce: 1.488239e-01
/usr/workspace/bienz1/benchmark_mats/SPD/StocF-1465.pm
srun --ntasks-per-node 112 -N 2 ./cg /usr/workspace/bienz1/benchmark_mats/SPD/StocF-1465.pm
Running with Standard Neighbor Collectives
CG + PMPI: 500 iter, norm 3.829464e-03
CG with PMPI Allreduce: 1.331683e-01
CG with PMPI Allreduce: 1.333584e-01
CG with PMPI Allreduce: 1.373076e-01
CG with PMPI Allreduce: 1.361743e-01
CG with PMPI Allreduce: 1.365861e-01
CG + MPIL RD: 500 iter, norm 1.309708e-03
CG with MPIL RD Allreduce: 1.355186e-01
CG with MPIL RD Allreduce: 1.364866e-01
CG with MPIL RD Allreduce: 1.351789e-01
CG with MPIL RD Allreduce: 1.353810e-01
CG with MPIL RD Allreduce: 1.360523e-01
CG + MPIL NA: 500 iter, norm 1.410685e-03
CG with MPIL NA Allreduce: 1.403834e-01
CG with MPIL NA Allreduce: 1.405658e-01
CG with MPIL NA Allreduce: 1.399376e-01
CG with MPIL NA Allreduce: 1.406894e-01
CG with MPIL NA Allreduce: 1.398519e-01
CG + MPIL LA: 500 iter, norm 3.275528e-03
CG with MPIL LA Allreduce: 1.338584e-01
CG with MPIL LA Allreduce: 1.333037e-01
CG with MPIL LA Allreduce: 1.330357e-01
CG with MPIL LA Allreduce: 1.321427e-01
CG with MPIL LA Allreduce: 1.317740e-01
CG + MPIL RADIX: 500 iter, norm 3.776906e-03
CG with MPIL RADIX Allreduce: 1.365183e-01
CG with MPIL RADIX Allreduce: 1.368981e-01
CG with MPIL RADIX Allreduce: 1.363821e-01
CG with MPIL RADIX Allreduce: 1.360507e-01
CG with MPIL RADIX Allreduce: 1.367661e-01
CG + MPIL RD Pers: 500 iter, norm 1.309708e-03
CG with MPIL RD Pers Allreduce: 1.328180e-01
CG with MPIL RD Pers Allreduce: 1.329472e-01
CG with MPIL RD Pers Allreduce: 1.333109e-01
CG with MPIL RD Pers Allreduce: 1.333787e-01
CG with MPIL RD Pers Allreduce: 1.332908e-01
CG + MPIL NA Pers: 500 iter, norm 1.309708e-03
CG with MPIL NA Pers Allreduce: 1.335448e-01
CG with MPIL NA Pers Allreduce: 1.330909e-01
CG with MPIL NA Pers Allreduce: 1.337076e-01
CG with MPIL NA Pers Allreduce: 1.326601e-01
CG with MPIL NA Pers Allreduce: 1.343450e-01
CG + MPIL LA Pers: 500 iter, norm 1.309708e-03
CG with MPIL LA Pers Allreduce: 1.335305e-01
CG with MPIL LA Pers Allreduce: 1.323739e-01
CG with MPIL LA Pers Allreduce: 1.338326e-01
CG with MPIL LA Pers Allreduce: 1.347153e-01
CG with MPIL LA Pers Allreduce: 1.334984e-01
CG + MPIL RADIX Pers: 500 iter, norm 1.309708e-03
CG with MPIL RADIX Pers Allreduce: 1.331772e-01
CG with MPIL RADIX Pers Allreduce: 1.336148e-01
CG with MPIL RADIX Pers Allreduce: 1.327438e-01
CG with MPIL RADIX Pers Allreduce: 1.331933e-01
CG with MPIL RADIX Pers Allreduce: 1.329061e-01
CG + MPIL RMA Hier Pers: 500 iter, norm 1.309708e-03
CG with MPIL RMA Hier Pers Allreduce: 1.341199e-01
CG with MPIL RMA Hier Pers Allreduce: 1.327934e-01
CG with MPIL RMA Hier Pers Allreduce: 1.328021e-01
CG with MPIL RMA Hier Pers Allreduce: 1.333479e-01
CG with MPIL RMA Hier Pers Allreduce: 1.336885e-01
CG + MPIL RMA Hier EB Pers: 500 iter, norm 1.309708e-03
CG with MPIL RMA Hier EB Pers Allreduce: 1.333299e-01
CG with MPIL RMA Hier EB Pers Allreduce: 1.330336e-01
CG with MPIL RMA Hier EB Pers Allreduce: 1.338980e-01
CG with MPIL RMA Hier EB Pers Allreduce: 1.346262e-01
CG with MPIL RMA Hier EB Pers Allreduce: 1.336277e-01
Running with Locality Neighbor Collectives
CG + PMPI: 500 iter, norm 3.829464e-03
CG with PMPI Allreduce: 1.549366e-01
CG with PMPI Allreduce: 1.540665e-01
CG with PMPI Allreduce: 1.554557e-01
CG with PMPI Allreduce: 1.543098e-01
CG with PMPI Allreduce: 1.548183e-01
CG + MPIL RD: 500 iter, norm 1.309708e-03
CG with MPIL RD Allreduce: 1.545652e-01
CG with MPIL RD Allreduce: 1.541909e-01
CG with MPIL RD Allreduce: 1.537883e-01
CG with MPIL RD Allreduce: 1.540131e-01
CG with MPIL RD Allreduce: 1.543500e-01
CG + MPIL NA: 500 iter, norm 1.410685e-03
CG with MPIL NA Allreduce: 1.583157e-01
CG with MPIL NA Allreduce: 1.586089e-01
CG with MPIL NA Allreduce: 1.575850e-01
CG with MPIL NA Allreduce: 1.581048e-01
CG with MPIL NA Allreduce: 1.582340e-01
CG + MPIL LA: 500 iter, norm 3.275528e-03
CG with MPIL LA Allreduce: 1.531191e-01
CG with MPIL LA Allreduce: 1.518098e-01
CG with MPIL LA Allreduce: 1.517248e-01
CG with MPIL LA Allreduce: 1.522662e-01
CG with MPIL LA Allreduce: 1.510833e-01
CG + MPIL RADIX: 500 iter, norm 3.776906e-03
CG with MPIL RADIX Allreduce: 1.577228e-01
CG with MPIL RADIX Allreduce: 1.575574e-01
CG with MPIL RADIX Allreduce: 1.578291e-01
CG with MPIL RADIX Allreduce: 1.604423e-01
CG with MPIL RADIX Allreduce: 1.566581e-01
CG + MPIL RD Pers: 500 iter, norm 1.309708e-03
CG with MPIL RD Pers Allreduce: 1.551533e-01
CG with MPIL RD Pers Allreduce: 1.539088e-01
CG with MPIL RD Pers Allreduce: 1.528702e-01
CG with MPIL RD Pers Allreduce: 1.540640e-01
CG with MPIL RD Pers Allreduce: 1.540819e-01
CG + MPIL NA Pers: 500 iter, norm 1.309708e-03
CG with MPIL NA Pers Allreduce: 1.528661e-01
CG with MPIL NA Pers Allreduce: 1.545853e-01
CG with MPIL NA Pers Allreduce: 1.526563e-01
CG with MPIL NA Pers Allreduce: 1.541408e-01
CG with MPIL NA Pers Allreduce: 1.535797e-01
CG + MPIL LA Pers: 500 iter, norm 1.309708e-03
CG with MPIL LA Pers Allreduce: 1.525740e-01
CG with MPIL LA Pers Allreduce: 1.548138e-01
CG with MPIL LA Pers Allreduce: 1.532220e-01
CG with MPIL LA Pers Allreduce: 1.528928e-01
CG with MPIL LA Pers Allreduce: 1.541429e-01
CG + MPIL RADIX Pers: 500 iter, norm 1.309708e-03
CG with MPIL RADIX Pers Allreduce: 1.534089e-01
CG with MPIL RADIX Pers Allreduce: 1.553091e-01
CG with MPIL RADIX Pers Allreduce: 1.543606e-01
CG with MPIL RADIX Pers Allreduce: 1.533180e-01
CG with MPIL RADIX Pers Allreduce: 1.538649e-01
CG + MPIL RMA Hier Pers: 500 iter, norm 1.309708e-03
CG with MPIL RMA Hier Pers Allreduce: 1.544619e-01
CG with MPIL RMA Hier Pers Allreduce: 1.536980e-01
CG with MPIL RMA Hier Pers Allreduce: 1.556471e-01
CG with MPIL RMA Hier Pers Allreduce: 1.538561e-01
CG with MPIL RMA Hier Pers Allreduce: 1.550662e-01
CG + MPIL RMA Hier EB Pers: 500 iter, norm 1.309708e-03
CG with MPIL RMA Hier EB Pers Allreduce: 1.547120e-01
CG with MPIL RMA Hier EB Pers Allreduce: 1.542940e-01
CG with MPIL RMA Hier EB Pers Allreduce: 1.558405e-01
CG with MPIL RMA Hier EB Pers Allreduce: 1.536922e-01
CG with MPIL RMA Hier EB Pers Allreduce: 1.548891e-01
Running with Pers Standard Neighbor Collectives
CG + PMPI: 500 iter, norm 3.829464e-03
CG with PMPI Allreduce: 1.198769e-01
CG with PMPI Allreduce: 1.201078e-01
CG with PMPI Allreduce: 1.204671e-01
CG with PMPI Allreduce: 1.202559e-01
CG with PMPI Allreduce: 1.197953e-01
CG + MPIL RD: 500 iter, norm 1.309708e-03
CG with MPIL RD Allreduce: 1.198470e-01
CG with MPIL RD Allreduce: 1.199176e-01
CG with MPIL RD Allreduce: 1.196499e-01
CG with MPIL RD Allreduce: 1.196871e-01
CG with MPIL RD Allreduce: 1.195825e-01
CG + MPIL NA: 500 iter, norm 1.410685e-03
CG with MPIL NA Allreduce: 1.240944e-01
CG with MPIL NA Allreduce: 1.239655e-01
CG with MPIL NA Allreduce: 1.243799e-01
CG with MPIL NA Allreduce: 1.242470e-01
CG with MPIL NA Allreduce: 1.244295e-01
CG + MPIL LA: 500 iter, norm 3.275528e-03
CG with MPIL LA Allreduce: 1.173413e-01
CG with MPIL LA Allreduce: 1.176594e-01
CG with MPIL LA Allreduce: 1.176912e-01
CG with MPIL LA Allreduce: 1.175019e-01
CG with MPIL LA Allreduce: 1.183518e-01
CG + MPIL RADIX: 500 iter, norm 3.776906e-03
CG with MPIL RADIX Allreduce: 1.227533e-01
CG with MPIL RADIX Allreduce: 1.224132e-01
CG with MPIL RADIX Allreduce: 1.229283e-01
CG with MPIL RADIX Allreduce: 1.225284e-01
CG with MPIL RADIX Allreduce: 1.227471e-01
CG + MPIL RD Pers: 500 iter, norm 1.309708e-03
CG with MPIL RD Pers Allreduce: 1.205332e-01
CG with MPIL RD Pers Allreduce: 1.192802e-01
CG with MPIL RD Pers Allreduce: 1.190723e-01
CG with MPIL RD Pers Allreduce: 1.184988e-01
CG with MPIL RD Pers Allreduce: 1.187715e-01
CG + MPIL NA Pers: 500 iter, norm 1.309708e-03
CG with MPIL NA Pers Allreduce: 1.187895e-01
CG with MPIL NA Pers Allreduce: 1.189467e-01
CG with MPIL NA Pers Allreduce: 1.189609e-01
CG with MPIL NA Pers Allreduce: 1.189250e-01
CG with MPIL NA Pers Allreduce: 1.188915e-01
CG + MPIL LA Pers: 500 iter, norm 1.309708e-03
CG with MPIL LA Pers Allreduce: 1.182735e-01
CG with MPIL LA Pers Allreduce: 1.183621e-01
CG with MPIL LA Pers Allreduce: 1.191241e-01
CG with MPIL LA Pers Allreduce: 1.188788e-01
CG with MPIL LA Pers Allreduce: 1.185959e-01
CG + MPIL RADIX Pers: 500 iter, norm 1.309708e-03
CG with MPIL RADIX Pers Allreduce: 1.187048e-01
CG with MPIL RADIX Pers Allreduce: 1.191146e-01
CG with MPIL RADIX Pers Allreduce: 1.187565e-01
CG with MPIL RADIX Pers Allreduce: 1.196372e-01
CG with MPIL RADIX Pers Allreduce: 1.180571e-01
CG + MPIL RMA Hier Pers: 500 iter, norm 1.309708e-03
CG with MPIL RMA Hier Pers Allreduce: 1.185270e-01
CG with MPIL RMA Hier Pers Allreduce: 1.185266e-01
CG with MPIL RMA Hier Pers Allreduce: 1.188328e-01
CG with MPIL RMA Hier Pers Allreduce: 1.196347e-01
CG with MPIL RMA Hier Pers Allreduce: 1.184706e-01
CG + MPIL RMA Hier EB Pers: 500 iter, norm 1.309708e-03
CG with MPIL RMA Hier EB Pers Allreduce: 1.178377e-01
CG with MPIL RMA Hier EB Pers Allreduce: 1.186859e-01
CG with MPIL RMA Hier EB Pers Allreduce: 1.186840e-01
CG with MPIL RMA Hier EB Pers Allreduce: 1.190781e-01
CG with MPIL RMA Hier EB Pers Allreduce: 1.203824e-01
Running with Pers Locality Neighbor Collectives
CG + PMPI: 500 iter, norm 3.829464e-03
CG with PMPI Allreduce: 3.729748e-01
CG with PMPI Allreduce: 3.688353e-01
CG with PMPI Allreduce: 3.718282e-01
CG with PMPI Allreduce: 3.729841e-01
CG with PMPI Allreduce: 3.707560e-01
CG + MPIL RD: 500 iter, norm 1.309708e-03
CG with MPIL RD Allreduce: 3.694788e-01
CG with MPIL RD Allreduce: 3.692927e-01
CG with MPIL RD Allreduce: 3.694365e-01
CG with MPIL RD Allreduce: 3.697561e-01
CG with MPIL RD Allreduce: 3.745966e-01
CG + MPIL NA: 500 iter, norm 1.410685e-03
CG with MPIL NA Allreduce: 3.742830e-01
CG with MPIL NA Allreduce: 3.720883e-01
CG with MPIL NA Allreduce: 3.787895e-01
CG with MPIL NA Allreduce: 3.693988e-01
CG with MPIL NA Allreduce: 3.715953e-01
CG + MPIL LA: 500 iter, norm 3.275528e-03
CG with MPIL LA Allreduce: 3.697339e-01
CG with MPIL LA Allreduce: 3.647216e-01
CG with MPIL LA Allreduce: 3.652142e-01
CG with MPIL LA Allreduce: 3.656616e-01
CG with MPIL LA Allreduce: 3.673099e-01
CG + MPIL RADIX: 500 iter, norm 3.776906e-03
CG with MPIL RADIX Allreduce: 3.678468e-01
CG with MPIL RADIX Allreduce: 3.693607e-01
CG with MPIL RADIX Allreduce: 3.720637e-01
CG with MPIL RADIX Allreduce: 3.689232e-01
CG with MPIL RADIX Allreduce: 3.685128e-01
CG + MPIL RD Pers: 500 iter, norm 1.309708e-03
CG with MPIL RD Pers Allreduce: 3.684218e-01
CG with MPIL RD Pers Allreduce: 3.658097e-01
CG with MPIL RD Pers Allreduce: 3.667490e-01
CG with MPIL RD Pers Allreduce: 3.686427e-01
CG with MPIL RD Pers Allreduce: 3.654424e-01
CG + MPIL NA Pers: 500 iter, norm 1.309708e-03
CG with MPIL NA Pers Allreduce: 3.674262e-01
CG with MPIL NA Pers Allreduce: 3.660001e-01
CG with MPIL NA Pers Allreduce: 3.672003e-01
CG with MPIL NA Pers Allreduce: 3.692771e-01
CG with MPIL NA Pers Allreduce: 3.687562e-01
CG + MPIL LA Pers: 500 iter, norm 1.309708e-03
CG with MPIL LA Pers Allreduce: 3.692061e-01
CG with MPIL LA Pers Allreduce: 3.696168e-01
CG with MPIL LA Pers Allreduce: 3.694876e-01
CG with MPIL LA Pers Allreduce: 3.726497e-01
CG with MPIL LA Pers Allreduce: 3.698047e-01
CG + MPIL RADIX Pers: 500 iter, norm 1.309708e-03
CG with MPIL RADIX Pers Allreduce: 3.697859e-01
CG with MPIL RADIX Pers Allreduce: 3.689479e-01
CG with MPIL RADIX Pers Allreduce: 3.661109e-01
CG with MPIL RADIX Pers Allreduce: 3.690330e-01
CG with MPIL RADIX Pers Allreduce: 3.685154e-01
CG + MPIL RMA Hier Pers: 500 iter, norm 1.309708e-03
CG with MPIL RMA Hier Pers Allreduce: 3.708668e-01
CG with MPIL RMA Hier Pers Allreduce: 3.669928e-01
CG with MPIL RMA Hier Pers Allreduce: 3.690355e-01
CG with MPIL RMA Hier Pers Allreduce: 3.647572e-01
CG with MPIL RMA Hier Pers Allreduce: 3.643579e-01
CG + MPIL RMA Hier EB Pers: 500 iter, norm 1.309708e-03
CG with MPIL RMA Hier EB Pers Allreduce: 3.665178e-01
CG with MPIL RMA Hier EB Pers Allreduce: 3.668321e-01
CG with MPIL RMA Hier EB Pers Allreduce: 3.667767e-01
CG with MPIL RMA Hier EB Pers Allreduce: 3.657405e-01
CG with MPIL RMA Hier EB Pers Allreduce: 3.686246e-01
