/usr/workspace/bienz1/benchmark_mats/SPD/Fault_639.pm
srun --ntasks-per-node 112 -N 4 ./cg /usr/workspace/bienz1/benchmark_mats/SPD/Fault_639.pm
Running with Standard Neighbor Collectives
CG + PMPI: 500 iter, norm 1.304209e-03
CG with PMPI Allreduce: 9.425085e-02
CG with PMPI Allreduce: 8.655714e-02
CG with PMPI Allreduce: 9.261100e-02
CG with PMPI Allreduce: 9.933782e-02
CG with PMPI Allreduce: 9.297345e-02
CG + MPIL RD: 500 iter, norm 1.351995e-03
CG with MPIL RD Allreduce: 1.057006e-01
CG with MPIL RD Allreduce: 1.028208e-01
CG with MPIL RD Allreduce: 1.040549e-01
CG with MPIL RD Allreduce: 1.033292e-01
CG with MPIL RD Allreduce: 1.046590e-01
CG + MPIL NA: 500 iter, norm 1.377276e-03
CG with MPIL NA Allreduce: 9.086524e-02
CG with MPIL NA Allreduce: 9.304594e-02
CG with MPIL NA Allreduce: 8.968245e-02
CG with MPIL NA Allreduce: 8.943643e-02
CG with MPIL NA Allreduce: 8.803987e-02
CG + MPIL LA: 500 iter, norm 1.312174e-03
CG with MPIL LA Allreduce: 8.454942e-02
CG with MPIL LA Allreduce: 8.733648e-02
CG with MPIL LA Allreduce: 8.598087e-02
CG with MPIL LA Allreduce: 9.012378e-02
CG with MPIL LA Allreduce: 8.569243e-02
CG + MPIL RADIX: 500 iter, norm 1.476031e-03
CG with MPIL RADIX Allreduce: 1.171215e-01
CG with MPIL RADIX Allreduce: 1.176908e-01
CG with MPIL RADIX Allreduce: 1.167043e-01
CG with MPIL RADIX Allreduce: 1.146352e-01
CG with MPIL RADIX Allreduce: 1.185821e-01
CG + MPIL RD Pers: 500 iter, norm 1.351995e-03
CG with MPIL RD Pers Allreduce: 1.065666e-01
CG with MPIL RD Pers Allreduce: 1.006783e-01
CG with MPIL RD Pers Allreduce: 9.900822e-02
CG with MPIL RD Pers Allreduce: 1.071172e-01
CG with MPIL RD Pers Allreduce: 1.028990e-01
CG + MPIL NA Pers: 500 iter, norm 1.351995e-03
CG with MPIL NA Pers Allreduce: 1.068965e-01
CG with MPIL NA Pers Allreduce: 9.019511e-02
CG with MPIL NA Pers Allreduce: 1.116757e-01
CG with MPIL NA Pers Allreduce: 1.096836e-01
CG with MPIL NA Pers Allreduce: 1.095368e-01
CG + MPIL LA Pers: 500 iter, norm 1.351995e-03
CG with MPIL LA Pers Allreduce: 1.034665e-01
CG with MPIL LA Pers Allreduce: 1.004640e-01
CG with MPIL LA Pers Allreduce: 1.017915e-01
CG with MPIL LA Pers Allreduce: 9.920841e-02
CG with MPIL LA Pers Allreduce: 1.027127e-01
CG + MPIL RADIX Pers: 500 iter, norm 1.351995e-03
CG with MPIL RADIX Pers Allreduce: 1.107256e-01
CG with MPIL RADIX Pers Allreduce: 1.111423e-01
CG with MPIL RADIX Pers Allreduce: 1.087114e-01
CG with MPIL RADIX Pers Allreduce: 1.063125e-01
CG with MPIL RADIX Pers Allreduce: 1.005656e-01
CG + MPIL RMA Hier Pers: 500 iter, norm 1.351995e-03
CG with MPIL RMA Hier Pers Allreduce: 1.008522e-01
CG with MPIL RMA Hier Pers Allreduce: 9.757828e-02
CG with MPIL RMA Hier Pers Allreduce: 1.007970e-01
CG with MPIL RMA Hier Pers Allreduce: 9.900515e-02
CG with MPIL RMA Hier Pers Allreduce: 1.064476e-01
CG + MPIL RMA Hier EB Pers: 500 iter, norm 1.351995e-03
CG with MPIL RMA Hier EB Pers Allreduce: 1.091695e-01
CG with MPIL RMA Hier EB Pers Allreduce: 1.069774e-01
CG with MPIL RMA Hier EB Pers Allreduce: 1.120090e-01
CG with MPIL RMA Hier EB Pers Allreduce: 1.117169e-01
CG with MPIL RMA Hier EB Pers Allreduce: 1.089699e-01
Running with Locality Neighbor Collectives
CG + PMPI: 500 iter, norm 1.304209e-03
CG with PMPI Allreduce: 1.200768e-01
CG with PMPI Allreduce: 1.240646e-01
CG with PMPI Allreduce: 1.292111e-01
CG with PMPI Allreduce: 1.226589e-01
CG with PMPI Allreduce: 1.046517e-01
CG + MPIL RD: 500 iter, norm 1.351995e-03
CG with MPIL RD Allreduce: 1.462348e-01
CG with MPIL RD Allreduce: 1.406106e-01
CG with MPIL RD Allreduce: 1.393999e-01
CG with MPIL RD Allreduce: 1.410179e-01
CG with MPIL RD Allreduce: 1.367916e-01
CG + MPIL NA: 500 iter, norm 1.377276e-03
CG with MPIL NA Allreduce: 1.172679e-01
CG with MPIL NA Allreduce: 1.203723e-01
CG with MPIL NA Allreduce: 1.178405e-01
CG with MPIL NA Allreduce: 1.179810e-01
CG with MPIL NA Allreduce: 1.165390e-01
CG + MPIL LA: 500 iter, norm 1.312174e-03
CG with MPIL LA Allreduce: 1.140289e-01
CG with MPIL LA Allreduce: 1.098756e-01
CG with MPIL LA Allreduce: 1.248934e-01
CG with MPIL LA Allreduce: 1.164082e-01
CG with MPIL LA Allreduce: 1.022433e-01
CG + MPIL RADIX: 500 iter, norm 1.476031e-03
CG with MPIL RADIX Allreduce: 1.562218e-01
CG with MPIL RADIX Allreduce: 1.521547e-01
CG with MPIL RADIX Allreduce: 1.501601e-01
CG with MPIL RADIX Allreduce: 1.502580e-01
CG with MPIL RADIX Allreduce: 1.557394e-01
CG + MPIL RD Pers: 500 iter, norm 1.351995e-03
CG with MPIL RD Pers Allreduce: 1.378593e-01
CG with MPIL RD Pers Allreduce: 1.337448e-01
CG with MPIL RD Pers Allreduce: 1.421657e-01
CG with MPIL RD Pers Allreduce: 1.455621e-01
CG with MPIL RD Pers Allreduce: 1.372059e-01
CG + MPIL NA Pers: 500 iter, norm 1.351995e-03
CG with MPIL NA Pers Allreduce: 1.411550e-01
CG with MPIL NA Pers Allreduce: 1.359253e-01
CG with MPIL NA Pers Allreduce: 1.364422e-01
CG with MPIL NA Pers Allreduce: 1.384961e-01
CG with MPIL NA Pers Allreduce: 1.165900e-01
CG + MPIL LA Pers: 500 iter, norm 1.351995e-03
CG with MPIL LA Pers Allreduce: 1.377822e-01
CG with MPIL LA Pers Allreduce: 1.328004e-01
CG with MPIL LA Pers Allreduce: 1.468962e-01
CG with MPIL LA Pers Allreduce: 1.403138e-01
CG with MPIL LA Pers Allreduce: 1.342018e-01
CG + MPIL RADIX Pers: 500 iter, norm 1.351995e-03
CG with MPIL RADIX Pers Allreduce: 1.409741e-01
CG with MPIL RADIX Pers Allreduce: 1.446518e-01
CG with MPIL RADIX Pers Allreduce: 1.353803e-01
CG with MPIL RADIX Pers Allreduce: 1.362627e-01
CG with MPIL RADIX Pers Allreduce: 1.435535e-01
CG + MPIL RMA Hier Pers: 500 iter, norm 1.351995e-03
CG with MPIL RMA Hier Pers Allreduce: 1.358841e-01
CG with MPIL RMA Hier Pers Allreduce: 1.436192e-01
CG with MPIL RMA Hier Pers Allreduce: 1.385414e-01
CG with MPIL RMA Hier Pers Allreduce: 1.344981e-01
CG with MPIL RMA Hier Pers Allreduce: 1.267934e-01
CG + MPIL RMA Hier EB Pers: 500 iter, norm 1.351995e-03
CG with MPIL RMA Hier EB Pers Allreduce: 1.318552e-01
CG with MPIL RMA Hier EB Pers Allreduce: 1.397901e-01
CG with MPIL RMA Hier EB Pers Allreduce: 1.394853e-01
CG with MPIL RMA Hier EB Pers Allreduce: 1.387387e-01
CG with MPIL RMA Hier EB Pers Allreduce: 1.358872e-01
Running with Pers Standard Neighbor Collectives
CG + PMPI: 500 iter, norm 1.304209e-03
CG with PMPI Allreduce: 8.931170e-02
CG with PMPI Allreduce: 8.847663e-02
CG with PMPI Allreduce: 9.045622e-02
CG with PMPI Allreduce: 8.896317e-02
CG with PMPI Allreduce: 8.732942e-02
CG + MPIL RD: 500 iter, norm 1.351995e-03
CG with MPIL RD Allreduce: 9.315706e-02
CG with MPIL RD Allreduce: 9.404835e-02
CG with MPIL RD Allreduce: 9.834967e-02
CG with MPIL RD Allreduce: 9.030881e-02
CG with MPIL RD Allreduce: 9.081835e-02
CG + MPIL NA: 500 iter, norm 1.377276e-03
CG with MPIL NA Allreduce: 8.508295e-02
CG with MPIL NA Allreduce: 8.522365e-02
CG with MPIL NA Allreduce: 8.479255e-02
CG with MPIL NA Allreduce: 8.384479e-02
CG with MPIL NA Allreduce: 8.411716e-02
CG + MPIL LA: 500 iter, norm 1.312174e-03
CG with MPIL LA Allreduce: 8.496743e-02
CG with MPIL LA Allreduce: 8.039891e-02
CG with MPIL LA Allreduce: 7.987669e-02
CG with MPIL LA Allreduce: 8.121339e-02
CG with MPIL LA Allreduce: 8.032468e-02
CG + MPIL RADIX: 500 iter, norm 1.476031e-03
CG with MPIL RADIX Allreduce: 1.106803e-01
CG with MPIL RADIX Allreduce: 1.184533e-01
CG with MPIL RADIX Allreduce: 1.079198e-01
CG with MPIL RADIX Allreduce: 1.125675e-01
CG with MPIL RADIX Allreduce: 8.897512e-02
CG + MPIL RD Pers: 500 iter, norm 1.351995e-03
CG with MPIL RD Pers Allreduce: 1.008467e-01
CG with MPIL RD Pers Allreduce: 9.616324e-02
CG with MPIL RD Pers Allreduce: 9.563178e-02
CG with MPIL RD Pers Allreduce: 9.920351e-02
CG with MPIL RD Pers Allreduce: 9.634058e-02
CG + MPIL NA Pers: 500 iter, norm 1.351995e-03
CG with MPIL NA Pers Allreduce: 9.606409e-02
CG with MPIL NA Pers Allreduce: 9.623680e-02
CG with MPIL NA Pers Allreduce: 9.740395e-02
CG with MPIL NA Pers Allreduce: 1.023515e-01
CG with MPIL NA Pers Allreduce: 9.537870e-02
CG + MPIL LA Pers: 500 iter, norm 1.351995e-03
CG with MPIL LA Pers Allreduce: 9.874197e-02
CG with MPIL LA Pers Allreduce: 9.700103e-02
CG with MPIL LA Pers Allreduce: 9.574682e-02
CG with MPIL LA Pers Allreduce: 9.615217e-02
CG with MPIL LA Pers Allreduce: 9.839047e-02
CG + MPIL RADIX Pers: 500 iter, norm 1.351995e-03
CG with MPIL RADIX Pers Allreduce: 7.600015e-02
CG with MPIL RADIX Pers Allreduce: 9.609515e-02
CG with MPIL RADIX Pers Allreduce: 1.006163e-01
CG with MPIL RADIX Pers Allreduce: 1.005354e-01
CG with MPIL RADIX Pers Allreduce: 9.846260e-02
CG + MPIL RMA Hier Pers: 500 iter, norm 1.351995e-03
CG with MPIL RMA Hier Pers Allreduce: 9.532428e-02
CG with MPIL RMA Hier Pers Allreduce: 1.009184e-01
CG with MPIL RMA Hier Pers Allreduce: 9.494023e-02
CG with MPIL RMA Hier Pers Allreduce: 9.601262e-02
CG with MPIL RMA Hier Pers Allreduce: 1.006242e-01
CG + MPIL RMA Hier EB Pers: 500 iter, norm 1.351995e-03
CG with MPIL RMA Hier EB Pers Allreduce: 9.472808e-02
CG with MPIL RMA Hier EB Pers Allreduce: 9.543618e-02
CG with MPIL RMA Hier EB Pers Allreduce: 1.006265e-01
CG with MPIL RMA Hier EB Pers Allreduce: 9.472686e-02
CG with MPIL RMA Hier EB Pers Allreduce: 9.767755e-02
Running with Pers Locality Neighbor Collectives
CG + PMPI: 500 iter, norm 1.304209e-03
CG with PMPI Allreduce: 2.089316e-01
CG with PMPI Allreduce: 2.078566e-01
CG with PMPI Allreduce: 2.133874e-01
CG with PMPI Allreduce: 2.195314e-01
CG with PMPI Allreduce: 2.198182e-01
CG + MPIL RD: 500 iter, norm 1.351995e-03
CG with MPIL RD Allreduce: 2.213418e-01
CG with MPIL RD Allreduce: 2.172872e-01
CG with MPIL RD Allreduce: 2.169102e-01
CG with MPIL RD Allreduce: 2.246690e-01
CG with MPIL RD Allreduce: 2.164029e-01
CG + MPIL NA: 500 iter, norm 1.377276e-03
CG with MPIL NA Allreduce: 2.060763e-01
CG with MPIL NA Allreduce: 2.026807e-01
CG with MPIL NA Allreduce: 2.040658e-01
CG with MPIL NA Allreduce: 2.027920e-01
CG with MPIL NA Allreduce: 2.044605e-01
CG + MPIL LA: 500 iter, norm 1.312174e-03
CG with MPIL LA Allreduce: 1.978180e-01
CG with MPIL LA Allreduce: 2.037427e-01
CG with MPIL LA Allreduce: 1.971445e-01
CG with MPIL LA Allreduce: 1.994334e-01
CG with MPIL LA Allreduce: 1.977277e-01
CG + MPIL RADIX: 500 iter, norm 1.476031e-03
CG with MPIL RADIX Allreduce: 2.307459e-01
CG with MPIL RADIX Allreduce: 2.324386e-01
CG with MPIL RADIX Allreduce: 2.296259e-01
CG with MPIL RADIX Allreduce: 2.297895e-01
CG with MPIL RADIX Allreduce: 2.322881e-01
CG + MPIL RD Pers: 500 iter, norm 1.351995e-03
CG with MPIL RD Pers Allreduce: 2.229823e-01
CG with MPIL RD Pers Allreduce: 2.181418e-01
CG with MPIL RD Pers Allreduce: 2.181773e-01
CG with MPIL RD Pers Allreduce: 2.124195e-01
CG with MPIL RD Pers Allreduce: 2.299355e-01
CG + MPIL NA Pers: 500 iter, norm 1.351995e-03
CG with MPIL NA Pers Allreduce: 2.156712e-01
CG with MPIL NA Pers Allreduce: 2.163665e-01
CG with MPIL NA Pers Allreduce: 2.327272e-01
CG with MPIL NA Pers Allreduce: 2.023940e-01
CG with MPIL NA Pers Allreduce: 2.169860e-01
CG + MPIL LA Pers: 500 iter, norm 1.351995e-03
CG with MPIL LA Pers Allreduce: 2.181490e-01
CG with MPIL LA Pers Allreduce: 2.220669e-01
CG with MPIL LA Pers Allreduce: 2.161196e-01
CG with MPIL LA Pers Allreduce: 2.176895e-01
CG with MPIL LA Pers Allreduce: 2.153246e-01
CG + MPIL RADIX Pers: 500 iter, norm 1.351995e-03
CG with MPIL RADIX Pers Allreduce: 2.192313e-01
CG with MPIL RADIX Pers Allreduce: 2.194608e-01
CG with MPIL RADIX Pers Allreduce: 2.229428e-01
CG with MPIL RADIX Pers Allreduce: 2.219639e-01
CG with MPIL RADIX Pers Allreduce: 2.177228e-01
CG + MPIL RMA Hier Pers: 500 iter, norm 1.351995e-03
CG with MPIL RMA Hier Pers Allreduce: 2.168664e-01
CG with MPIL RMA Hier Pers Allreduce: 2.194977e-01
CG with MPIL RMA Hier Pers Allreduce: 2.270190e-01
CG with MPIL RMA Hier Pers Allreduce: 2.140441e-01
CG with MPIL RMA Hier Pers Allreduce: 2.176074e-01
CG + MPIL RMA Hier EB Pers: 500 iter, norm 1.351995e-03
CG with MPIL RMA Hier EB Pers Allreduce: 2.078929e-01
CG with MPIL RMA Hier EB Pers Allreduce: 2.184667e-01
CG with MPIL RMA Hier EB Pers Allreduce: 2.161816e-01
CG with MPIL RMA Hier EB Pers Allreduce: 2.127114e-01
CG with MPIL RMA Hier EB Pers Allreduce: 2.203811e-01
/usr/workspace/bienz1/benchmark_mats/SPD/nd24k.pm
srun --ntasks-per-node 112 -N 4 ./cg /usr/workspace/bienz1/benchmark_mats/SPD/nd24k.pm
Running with Standard Neighbor Collectives
CG + PMPI: 500 iter, norm 5.487079e-06
CG with PMPI Allreduce: 1.098764e+00
CG with PMPI Allreduce: 1.157009e+00
CG with PMPI Allreduce: 8.449618e-01
CG with PMPI Allreduce: 3.137891e-01
CG with PMPI Allreduce: 3.553320e-01
CG + MPIL RD: 500 iter, norm 5.692462e-06
CG with MPIL RD Allreduce: 7.722625e-01
CG with MPIL RD Allreduce: 7.857897e-01
CG with MPIL RD Allreduce: 4.353463e-01
CG with MPIL RD Allreduce: 5.703265e-01
CG with MPIL RD Allreduce: 8.242335e-01
CG + MPIL NA: 500 iter, norm 5.788288e-06
CG with MPIL NA Allreduce: 3.835597e-01
CG with MPIL NA Allreduce: 3.816981e-01
CG with MPIL NA Allreduce: 3.592435e-01
CG with MPIL NA Allreduce: 5.928064e-01
CG with MPIL NA Allreduce: 4.420912e-01
CG + MPIL LA: 500 iter, norm 5.662153e-06
CG with MPIL LA Allreduce: 4.588390e-01
CG with MPIL LA Allreduce: 9.590493e-01
CG with MPIL LA Allreduce: 3.284720e-01
CG with MPIL LA Allreduce: 3.030501e-01
CG with MPIL LA Allreduce: 6.121828e-01
CG + MPIL RADIX: 500 iter, norm 5.482436e-06
CG with MPIL RADIX Allreduce: 1.015611e+00
CG with MPIL RADIX Allreduce: 1.380158e+00
CG with MPIL RADIX Allreduce: 5.115932e-01
CG with MPIL RADIX Allreduce: 5.106763e-01
CG with MPIL RADIX Allreduce: 3.387843e-01
CG + MPIL RD Pers: 500 iter, norm 5.692462e-06
CG with MPIL RD Pers Allreduce: 6.929733e-01
CG with MPIL RD Pers Allreduce: 4.835541e-01
CG with MPIL RD Pers Allreduce: 2.830471e-01
CG with MPIL RD Pers Allreduce: 8.331692e-01
CG with MPIL RD Pers Allreduce: 8.928027e-01
CG + MPIL NA Pers: 500 iter, norm 5.692462e-06
CG with MPIL NA Pers Allreduce: 5.256720e-01
CG with MPIL NA Pers Allreduce: 3.127064e-01
CG with MPIL NA Pers Allreduce: 9.922500e-01
CG with MPIL NA Pers Allreduce: 3.715530e-01
CG with MPIL NA Pers Allreduce: 1.168848e+00
CG + MPIL LA Pers: 500 iter, norm 5.692462e-06
CG with MPIL LA Pers Allreduce: 6.655203e-01
CG with MPIL LA Pers Allreduce: 4.065167e-01
CG with MPIL LA Pers Allreduce: 5.983816e-01
CG with MPIL LA Pers Allreduce: 4.808898e-01
CG with MPIL LA Pers Allreduce: 8.937317e-01
CG + MPIL RADIX Pers: 500 iter, norm 5.692462e-06
CG with MPIL RADIX Pers Allreduce: 4.578878e-01
CG with MPIL RADIX Pers Allreduce: 6.174314e-01
CG with MPIL RADIX Pers Allreduce: 6.891309e-01
CG with MPIL RADIX Pers Allreduce: 5.097931e-01
CG with MPIL RADIX Pers Allreduce: 6.481029e-01
CG + MPIL RMA Hier Pers: 500 iter, norm 5.692462e-06
CG with MPIL RMA Hier Pers Allreduce: 4.802948e-01
CG with MPIL RMA Hier Pers Allreduce: 1.159363e+00
CG with MPIL RMA Hier Pers Allreduce: 6.559302e-01
CG with MPIL RMA Hier Pers Allreduce: 3.678751e-01
CG with MPIL RMA Hier Pers Allreduce: 6.543166e-01
CG + MPIL RMA Hier EB Pers: 500 iter, norm 5.692462e-06
CG with MPIL RMA Hier EB Pers Allreduce: 4.767610e-01
CG with MPIL RMA Hier EB Pers Allreduce: 1.090349e+00
CG with MPIL RMA Hier EB Pers Allreduce: 9.348779e-01
CG with MPIL RMA Hier EB Pers Allreduce: 7.659038e-01
CG with MPIL RMA Hier EB Pers Allreduce: 4.638499e-01
Running with Locality Neighbor Collectives
CG + PMPI: 500 iter, norm 5.487079e-06
CG with PMPI Allreduce: 5.021362e-01
CG with PMPI Allreduce: 1.210320e+00
CG with PMPI Allreduce: 3.546933e-01
CG with PMPI Allreduce: 3.702473e-01
CG with PMPI Allreduce: 6.681764e-01
CG + MPIL RD: 500 iter, norm 5.692462e-06
CG with MPIL RD Allreduce: 6.694166e-01
CG with MPIL RD Allreduce: 3.637751e-01
CG with MPIL RD Allreduce: 8.874752e-01
CG with MPIL RD Allreduce: 1.131604e+00
CG with MPIL RD Allreduce: 8.778246e-01
CG + MPIL NA: 500 iter, norm 5.788288e-06
CG with MPIL NA Allreduce: 4.908685e-01
CG with MPIL NA Allreduce: 5.686010e-01
CG with MPIL NA Allreduce: 5.158373e-01
CG with MPIL NA Allreduce: 3.756988e-01
CG with MPIL NA Allreduce: 3.633000e-01
CG + MPIL LA: 500 iter, norm 5.662153e-06
CG with MPIL LA Allreduce: 5.410567e-01
CG with MPIL LA Allreduce: 5.124684e-01
CG with MPIL LA Allreduce: 5.042021e-01
CG with MPIL LA Allreduce: 1.140301e+00
CG with MPIL LA Allreduce: 5.358003e-01
CG + MPIL RADIX: 500 iter, norm 5.482436e-06
CG with MPIL RADIX Allreduce: 3.746287e-01
CG with MPIL RADIX Allreduce: 7.356465e-01
CG with MPIL RADIX Allreduce: 7.676142e-01
CG with MPIL RADIX Allreduce: 1.355235e+00
CG with MPIL RADIX Allreduce: 5.935595e-01
CG + MPIL RD Pers: 500 iter, norm 5.692462e-06
CG with MPIL RD Pers Allreduce: 3.170282e-01
CG with MPIL RD Pers Allreduce: 1.195882e+00
CG with MPIL RD Pers Allreduce: 8.431914e-01
CG with MPIL RD Pers Allreduce: 1.339535e+00
CG with MPIL RD Pers Allreduce: 6.637887e-01
CG + MPIL NA Pers: 500 iter, norm 5.692462e-06
CG with MPIL NA Pers Allreduce: 5.446495e-01
CG with MPIL NA Pers Allreduce: 1.356011e+00
CG with MPIL NA Pers Allreduce: 8.109998e-01
CG with MPIL NA Pers Allreduce: 2.099484e-01
CG with MPIL NA Pers Allreduce: 8.780971e-01
CG + MPIL LA Pers: 500 iter, norm 5.692462e-06
CG with MPIL LA Pers Allreduce: 1.191272e+00
CG with MPIL LA Pers Allreduce: 1.488652e+00
CG with MPIL LA Pers Allreduce: 5.129615e-01
CG with MPIL LA Pers Allreduce: 6.803260e-01
CG with MPIL LA Pers Allreduce: 7.254508e-01
CG + MPIL RADIX Pers: 500 iter, norm 5.692462e-06
CG with MPIL RADIX Pers Allreduce: 4.031602e-01
CG with MPIL RADIX Pers Allreduce: 9.895243e-01
CG with MPIL RADIX Pers Allreduce: 8.707107e-01
CG with MPIL RADIX Pers Allreduce: 1.199094e+00
CG with MPIL RADIX Pers Allreduce: 6.276533e-01
CG + MPIL RMA Hier Pers: 500 iter, norm 5.692462e-06
CG with MPIL RMA Hier Pers Allreduce: 1.199953e+00
CG with MPIL RMA Hier Pers Allreduce: 9.903477e-01
CG with MPIL RMA Hier Pers Allreduce: 5.323028e-01
CG with MPIL RMA Hier Pers Allreduce: 1.163943e+00
CG with MPIL RMA Hier Pers Allreduce: 6.492536e-01
CG + MPIL RMA Hier EB Pers: 500 iter, norm 5.692462e-06
CG with MPIL RMA Hier EB Pers Allreduce: 1.020842e+00
CG with MPIL RMA Hier EB Pers Allreduce: 6.726743e-01
CG with MPIL RMA Hier EB Pers Allreduce: 7.365144e-01
CG with MPIL RMA Hier EB Pers Allreduce: 5.040678e-01
CG with MPIL RMA Hier EB Pers Allreduce: 5.403744e-01
Running with Pers Standard Neighbor Collectives
CG + PMPI: 500 iter, norm 5.487079e-06
CG with PMPI Allreduce: 3.140421e-01
CG with PMPI Allreduce: 8.622767e-01
CG with PMPI Allreduce: 3.219162e-01
CG with PMPI Allreduce: 5.162059e-01
CG with PMPI Allreduce: 3.209339e-01
CG + MPIL RD: 500 iter, norm 5.692462e-06
CG with MPIL RD Allreduce: 5.042497e-01
CG with MPIL RD Allreduce: 1.094118e+00
CG with MPIL RD Allreduce: 5.436152e-01
CG with MPIL RD Allreduce: 4.822625e-01
CG with MPIL RD Allreduce: 7.019566e-01
CG + MPIL NA: 500 iter, norm 5.788288e-06
CG with MPIL NA Allreduce: 3.211959e-01
CG with MPIL NA Allreduce: 4.419703e-01
CG with MPIL NA Allreduce: 3.970572e-01
CG with MPIL NA Allreduce: 3.999241e-01
CG with MPIL NA Allreduce: 5.179979e-01
CG + MPIL LA: 500 iter, norm 5.662153e-06
CG with MPIL LA Allreduce: 5.468417e-01
CG with MPIL LA Allreduce: 4.202186e-01
CG with MPIL LA Allreduce: 5.305071e-01
CG with MPIL LA Allreduce: 6.812939e-01
CG with MPIL LA Allreduce: 6.289971e-01
CG + MPIL RADIX: 500 iter, norm 5.482436e-06
CG with MPIL RADIX Allreduce: 3.848745e-01
CG with MPIL RADIX Allreduce: 6.468305e-01
CG with MPIL RADIX Allreduce: 5.235074e-01
CG with MPIL RADIX Allreduce: 3.429580e-01
CG with MPIL RADIX Allreduce: 3.188063e-01
CG + MPIL RD Pers: 500 iter, norm 5.692462e-06
CG with MPIL RD Pers Allreduce: 5.555231e-01
CG with MPIL RD Pers Allreduce: 3.736517e-01
CG with MPIL RD Pers Allreduce: 4.867833e-01
CG with MPIL RD Pers Allreduce: 4.430422e-01
CG with MPIL RD Pers Allreduce: 3.236442e-01
CG + MPIL NA Pers: 500 iter, norm 5.692462e-06
CG with MPIL NA Pers Allreduce: 5.379015e-01
CG with MPIL NA Pers Allreduce: 4.279608e-01
CG with MPIL NA Pers Allreduce: 3.379600e-01
CG with MPIL NA Pers Allreduce: 3.467248e-01
CG with MPIL NA Pers Allreduce: 4.841036e-01
CG + MPIL LA Pers: 500 iter, norm 5.692462e-06
CG with MPIL LA Pers Allreduce: 5.729890e-01
CG with MPIL LA Pers Allreduce: 4.693214e-01
CG with MPIL LA Pers Allreduce: 4.645838e-01
CG with MPIL LA Pers Allreduce: 4.929077e-01
CG with MPIL LA Pers Allreduce: 4.356773e-01
CG + MPIL RADIX Pers: 500 iter, norm 5.692462e-06
CG with MPIL RADIX Pers Allreduce: 6.755061e-01
CG with MPIL RADIX Pers Allreduce: 3.996104e-01
CG with MPIL RADIX Pers Allreduce: 2.574001e-01
CG with MPIL RADIX Pers Allreduce: 4.090135e-01
CG with MPIL RADIX Pers Allreduce: 3.204228e-01
CG + MPIL RMA Hier Pers: 500 iter, norm 5.692462e-06
CG with MPIL RMA Hier Pers Allreduce: 4.955497e-01
CG with MPIL RMA Hier Pers Allreduce: 3.507969e-01
CG with MPIL RMA Hier Pers Allreduce: 4.754268e-01
CG with MPIL RMA Hier Pers Allreduce: 5.729467e-01
CG with MPIL RMA Hier Pers Allreduce: 3.368942e-01
CG + MPIL RMA Hier EB Pers: 500 iter, norm 5.692462e-06
CG with MPIL RMA Hier EB Pers Allreduce: 4.725908e-01
CG with MPIL RMA Hier EB Pers Allreduce: 5.057839e-01
CG with MPIL RMA Hier EB Pers Allreduce: 5.088789e-01
CG with MPIL RMA Hier EB Pers Allreduce: 6.642141e-01
CG with MPIL RMA Hier EB Pers Allreduce: 4.871653e-01
Running with Pers Locality Neighbor Collectives
CG + PMPI: 500 iter, norm 5.487079e-06
CG with PMPI Allreduce: 5.161663e-01
CG with PMPI Allreduce: 5.276853e-01
CG with PMPI Allreduce: 5.165626e-01
CG with PMPI Allreduce: 5.267071e-01
CG with PMPI Allreduce: 5.124206e-01
CG + MPIL RD: 500 iter, norm 5.692462e-06
CG with MPIL RD Allreduce: 5.423335e-01
CG with MPIL RD Allreduce: 5.341316e-01
CG with MPIL RD Allreduce: 5.308163e-01
CG with MPIL RD Allreduce: 5.119565e-01
CG with MPIL RD Allreduce: 5.402410e-01
CG + MPIL NA: 500 iter, norm 5.788288e-06
CG with MPIL NA Allreduce: 5.166321e-01
CG with MPIL NA Allreduce: 5.143821e-01
CG with MPIL NA Allreduce: 5.193316e-01
CG with MPIL NA Allreduce: 5.141823e-01
CG with MPIL NA Allreduce: 5.488912e-01
CG + MPIL LA: 500 iter, norm 5.662153e-06
CG with MPIL LA Allreduce: 5.147471e-01
CG with MPIL LA Allreduce: 5.094055e-01
CG with MPIL LA Allreduce: 5.040597e-01
CG with MPIL LA Allreduce: 5.179969e-01
CG with MPIL LA Allreduce: 5.069685e-01
CG + MPIL RADIX: 500 iter, norm 5.482436e-06
CG with MPIL RADIX Allreduce: 5.329180e-01
CG with MPIL RADIX Allreduce: 5.355996e-01
CG with MPIL RADIX Allreduce: 5.325651e-01
CG with MPIL RADIX Allreduce: 5.373872e-01
CG with MPIL RADIX Allreduce: 5.339579e-01
CG + MPIL RD Pers: 500 iter, norm 5.692462e-06
CG with MPIL RD Pers Allreduce: 5.346576e-01
CG with MPIL RD Pers Allreduce: 5.337059e-01
CG with MPIL RD Pers Allreduce: 5.346650e-01
CG with MPIL RD Pers Allreduce: 5.325854e-01
CG with MPIL RD Pers Allreduce: 5.313428e-01
CG + MPIL NA Pers: 500 iter, norm 5.692462e-06
CG with MPIL NA Pers Allreduce: 5.204839e-01
CG with MPIL NA Pers Allreduce: 5.331758e-01
CG with MPIL NA Pers Allreduce: 5.151843e-01
CG with MPIL NA Pers Allreduce: 5.433540e-01
CG with MPIL NA Pers Allreduce: 5.302727e-01
CG + MPIL LA Pers: 500 iter, norm 5.692462e-06
CG with MPIL LA Pers Allreduce: 5.609026e-01
CG with MPIL LA Pers Allreduce: 5.326395e-01
CG with MPIL LA Pers Allreduce: 5.392313e-01
CG with MPIL LA Pers Allreduce: 5.329254e-01
CG with MPIL LA Pers Allreduce: 5.358669e-01
CG + MPIL RADIX Pers: 500 iter, norm 5.692462e-06
CG with MPIL RADIX Pers Allreduce: 5.229228e-01
CG with MPIL RADIX Pers Allreduce: 5.332586e-01
CG with MPIL RADIX Pers Allreduce: 5.194565e-01
CG with MPIL RADIX Pers Allreduce: 5.327469e-01
CG with MPIL RADIX Pers Allreduce: 5.216531e-01
CG + MPIL RMA Hier Pers: 500 iter, norm 5.692462e-06
CG with MPIL RMA Hier Pers Allreduce: 5.385760e-01
CG with MPIL RMA Hier Pers Allreduce: 5.372109e-01
CG with MPIL RMA Hier Pers Allreduce: 5.375987e-01
CG with MPIL RMA Hier Pers Allreduce: 5.384901e-01
CG with MPIL RMA Hier Pers Allreduce: 5.322683e-01
CG + MPIL RMA Hier EB Pers: 500 iter, norm 5.692462e-06
CG with MPIL RMA Hier EB Pers Allreduce: 5.270877e-01
CG with MPIL RMA Hier EB Pers Allreduce: 5.346182e-01
CG with MPIL RMA Hier EB Pers Allreduce: 5.398812e-01
CG with MPIL RMA Hier EB Pers Allreduce: 5.344777e-01
CG with MPIL RMA Hier EB Pers Allreduce: 5.193765e-01
/usr/workspace/bienz1/benchmark_mats/SPD/PFlow_742.pm
srun --ntasks-per-node 112 -N 4 ./cg /usr/workspace/bienz1/benchmark_mats/SPD/PFlow_742.pm
Running with Standard Neighbor Collectives
CG + PMPI: 500 iter, norm 6.695612e-04
CG with PMPI Allreduce: 8.045239e-02
CG with PMPI Allreduce: 8.041288e-02
CG with PMPI Allreduce: 8.085267e-02
CG with PMPI Allreduce: 7.963751e-02
CG with PMPI Allreduce: 7.516219e-02
CG + MPIL RD: 500 iter, norm 6.926434e-04
CG with MPIL RD Allreduce: 9.824422e-02
CG with MPIL RD Allreduce: 9.738891e-02
CG with MPIL RD Allreduce: 1.013619e-01
CG with MPIL RD Allreduce: 1.012857e-01
CG with MPIL RD Allreduce: 1.063300e-01
CG + MPIL NA: 500 iter, norm 6.738011e-04
CG with MPIL NA Allreduce: 8.184462e-02
CG with MPIL NA Allreduce: 8.176647e-02
CG with MPIL NA Allreduce: 8.161625e-02
CG with MPIL NA Allreduce: 8.242629e-02
CG with MPIL NA Allreduce: 8.276515e-02
CG + MPIL LA: 500 iter, norm 6.653642e-04
CG with MPIL LA Allreduce: 7.370705e-02
CG with MPIL LA Allreduce: 7.574208e-02
CG with MPIL LA Allreduce: 7.526522e-02
CG with MPIL LA Allreduce: 5.856757e-02
CG with MPIL LA Allreduce: 7.491140e-02
CG + MPIL RADIX: 500 iter, norm 6.829577e-04
CG with MPIL RADIX Allreduce: 1.077451e-01
CG with MPIL RADIX Allreduce: 1.092035e-01
CG with MPIL RADIX Allreduce: 1.036432e-01
CG with MPIL RADIX Allreduce: 1.028184e-01
CG with MPIL RADIX Allreduce: 1.014210e-01
CG + MPIL RD Pers: 500 iter, norm 6.926434e-04
CG with MPIL RD Pers Allreduce: 9.068643e-02
CG with MPIL RD Pers Allreduce: 8.991632e-02
CG with MPIL RD Pers Allreduce: 8.783105e-02
CG with MPIL RD Pers Allreduce: 9.153588e-02
CG with MPIL RD Pers Allreduce: 8.977899e-02
CG + MPIL NA Pers: 500 iter, norm 6.926434e-04
CG with MPIL NA Pers Allreduce: 9.530828e-02
CG with MPIL NA Pers Allreduce: 9.545147e-02
CG with MPIL NA Pers Allreduce: 1.006281e-01
CG with MPIL NA Pers Allreduce: 9.517619e-02
CG with MPIL NA Pers Allreduce: 9.690180e-02
CG + MPIL LA Pers: 500 iter, norm 6.926434e-04
CG with MPIL LA Pers Allreduce: 8.936174e-02
CG with MPIL LA Pers Allreduce: 7.382882e-02
CG with MPIL LA Pers Allreduce: 6.346790e-02
CG with MPIL LA Pers Allreduce: 8.899954e-02
CG with MPIL LA Pers Allreduce: 8.974970e-02
CG + MPIL RADIX Pers: 500 iter, norm 6.926434e-04
CG with MPIL RADIX Pers Allreduce: 9.854992e-02
CG with MPIL RADIX Pers Allreduce: 9.497436e-02
CG with MPIL RADIX Pers Allreduce: 9.418416e-02
CG with MPIL RADIX Pers Allreduce: 9.727067e-02
CG with MPIL RADIX Pers Allreduce: 9.561157e-02
CG + MPIL RMA Hier Pers: 500 iter, norm 6.926434e-04
CG with MPIL RMA Hier Pers Allreduce: 8.661037e-02
CG with MPIL RMA Hier Pers Allreduce: 9.732758e-02
CG with MPIL RMA Hier Pers Allreduce: 9.363790e-02
CG with MPIL RMA Hier Pers Allreduce: 8.704794e-02
CG with MPIL RMA Hier Pers Allreduce: 8.747449e-02
CG + MPIL RMA Hier EB Pers: 500 iter, norm 6.926434e-04
CG with MPIL RMA Hier EB Pers Allreduce: 9.639110e-02
CG with MPIL RMA Hier EB Pers Allreduce: 9.442759e-02
CG with MPIL RMA Hier EB Pers Allreduce: 9.644225e-02
CG with MPIL RMA Hier EB Pers Allreduce: 7.200192e-02
CG with MPIL RMA Hier EB Pers Allreduce: 9.107294e-02
Running with Locality Neighbor Collectives
CG + PMPI: 500 iter, norm 6.695612e-04
CG with PMPI Allreduce: 9.303707e-02
CG with PMPI Allreduce: 1.060704e-01
CG with PMPI Allreduce: 1.074393e-01
CG with PMPI Allreduce: 1.075905e-01
CG with PMPI Allreduce: 1.076543e-01
CG + MPIL RD: 500 iter, norm 6.926434e-04
CG with MPIL RD Allreduce: 1.240241e-01
CG with MPIL RD Allreduce: 1.281650e-01
CG with MPIL RD Allreduce: 1.225359e-01
CG with MPIL RD Allreduce: 1.267223e-01
CG with MPIL RD Allreduce: 1.268203e-01
CG + MPIL NA: 500 iter, norm 6.738011e-04
CG with MPIL NA Allreduce: 1.039668e-01
CG with MPIL NA Allreduce: 1.053167e-01
CG with MPIL NA Allreduce: 1.035002e-01
CG with MPIL NA Allreduce: 1.065115e-01
CG with MPIL NA Allreduce: 9.438971e-02
CG + MPIL LA: 500 iter, norm 6.653642e-04
CG with MPIL LA Allreduce: 9.819967e-02
CG with MPIL LA Allreduce: 9.441942e-02
CG with MPIL LA Allreduce: 1.015972e-01
CG with MPIL LA Allreduce: 1.003582e-01
CG with MPIL LA Allreduce: 9.599803e-02
CG + MPIL RADIX: 500 iter, norm 6.829577e-04
CG with MPIL RADIX Allreduce: 1.391883e-01
CG with MPIL RADIX Allreduce: 1.352962e-01
CG with MPIL RADIX Allreduce: 1.360268e-01
CG with MPIL RADIX Allreduce: 1.423576e-01
CG with MPIL RADIX Allreduce: 1.400293e-01
CG + MPIL RD Pers: 500 iter, norm 6.926434e-04
CG with MPIL RD Pers Allreduce: 1.218259e-01
CG with MPIL RD Pers Allreduce: 1.271640e-01
CG with MPIL RD Pers Allreduce: 1.010462e-01
CG with MPIL RD Pers Allreduce: 1.230832e-01
CG with MPIL RD Pers Allreduce: 1.187566e-01
CG + MPIL NA Pers: 500 iter, norm 6.926434e-04
CG with MPIL NA Pers Allreduce: 1.286604e-01
CG with MPIL NA Pers Allreduce: 1.312229e-01
CG with MPIL NA Pers Allreduce: 1.184194e-01
CG with MPIL NA Pers Allreduce: 1.253613e-01
CG with MPIL NA Pers Allreduce: 1.235962e-01
CG + MPIL LA Pers: 500 iter, norm 6.926434e-04
CG with MPIL LA Pers Allreduce: 1.256697e-01
CG with MPIL LA Pers Allreduce: 1.261548e-01
CG with MPIL LA Pers Allreduce: 1.206232e-01
CG with MPIL LA Pers Allreduce: 1.234950e-01
CG with MPIL LA Pers Allreduce: 1.244322e-01
CG + MPIL RADIX Pers: 500 iter, norm 6.926434e-04
CG with MPIL RADIX Pers Allreduce: 1.220031e-01
CG with MPIL RADIX Pers Allreduce: 1.080948e-01
CG with MPIL RADIX Pers Allreduce: 1.124539e-01
CG with MPIL RADIX Pers Allreduce: 1.206038e-01
CG with MPIL RADIX Pers Allreduce: 9.266215e-02
CG + MPIL RMA Hier Pers: 500 iter, norm 6.926434e-04
CG with MPIL RMA Hier Pers Allreduce: 1.237195e-01
CG with MPIL RMA Hier Pers Allreduce: 1.205912e-01
CG with MPIL RMA Hier Pers Allreduce: 1.259252e-01
CG with MPIL RMA Hier Pers Allreduce: 1.305998e-01
CG with MPIL RMA Hier Pers Allreduce: 1.199007e-01
CG + MPIL RMA Hier EB Pers: 500 iter, norm 6.926434e-04
CG with MPIL RMA Hier EB Pers Allreduce: 1.044886e-01
CG with MPIL RMA Hier EB Pers Allreduce: 1.283848e-01
CG with MPIL RMA Hier EB Pers Allreduce: 1.306564e-01
CG with MPIL RMA Hier EB Pers Allreduce: 1.225259e-01
CG with MPIL RMA Hier EB Pers Allreduce: 1.218219e-01
Running with Pers Standard Neighbor Collectives
CG + PMPI: 500 iter, norm 6.695612e-04
CG with PMPI Allreduce: 7.755132e-02
CG with PMPI Allreduce: 7.470439e-02
CG with PMPI Allreduce: 7.619872e-02
CG with PMPI Allreduce: 7.404253e-02
CG with PMPI Allreduce: 7.468835e-02
CG + MPIL RD: 500 iter, norm 6.926434e-04
CG with MPIL RD Allreduce: 9.532905e-02
CG with MPIL RD Allreduce: 9.251134e-02
CG with MPIL RD Allreduce: 6.847095e-02
CG with MPIL RD Allreduce: 9.207965e-02
CG with MPIL RD Allreduce: 9.858026e-02
CG + MPIL NA: 500 iter, norm 6.738011e-04
CG with MPIL NA Allreduce: 7.754840e-02
CG with MPIL NA Allreduce: 7.590313e-02
CG with MPIL NA Allreduce: 8.080759e-02
CG with MPIL NA Allreduce: 7.781526e-02
CG with MPIL NA Allreduce: 7.602429e-02
CG + MPIL LA: 500 iter, norm 6.653642e-04
CG with MPIL LA Allreduce: 7.119135e-02
CG with MPIL LA Allreduce: 7.166560e-02
CG with MPIL LA Allreduce: 6.997733e-02
CG with MPIL LA Allreduce: 6.866529e-02
CG with MPIL LA Allreduce: 7.143406e-02
CG + MPIL RADIX: 500 iter, norm 6.829577e-04
CG with MPIL RADIX Allreduce: 1.017004e-01
CG with MPIL RADIX Allreduce: 9.792801e-02
CG with MPIL RADIX Allreduce: 1.037204e-01
CG with MPIL RADIX Allreduce: 8.809648e-02
CG with MPIL RADIX Allreduce: 8.606824e-02
CG + MPIL RD Pers: 500 iter, norm 6.926434e-04
CG with MPIL RD Pers Allreduce: 8.809114e-02
CG with MPIL RD Pers Allreduce: 8.386331e-02
CG with MPIL RD Pers Allreduce: 8.883865e-02
CG with MPIL RD Pers Allreduce: 8.606407e-02
CG with MPIL RD Pers Allreduce: 8.400125e-02
CG + MPIL NA Pers: 500 iter, norm 6.926434e-04
CG with MPIL NA Pers Allreduce: 9.086816e-02
CG with MPIL NA Pers Allreduce: 8.367549e-02
CG with MPIL NA Pers Allreduce: 8.415204e-02
CG with MPIL NA Pers Allreduce: 8.768516e-02
CG with MPIL NA Pers Allreduce: 8.623806e-02
CG + MPIL LA Pers: 500 iter, norm 6.926434e-04
CG with MPIL LA Pers Allreduce: 8.511029e-02
CG with MPIL LA Pers Allreduce: 8.705404e-02
CG with MPIL LA Pers Allreduce: 9.076920e-02
CG with MPIL LA Pers Allreduce: 8.563788e-02
CG with MPIL LA Pers Allreduce: 7.615017e-02
CG + MPIL RADIX Pers: 500 iter, norm 6.926434e-04
CG with MPIL RADIX Pers Allreduce: 8.433809e-02
CG with MPIL RADIX Pers Allreduce: 8.491003e-02
CG with MPIL RADIX Pers Allreduce: 8.804387e-02
CG with MPIL RADIX Pers Allreduce: 8.565611e-02
CG with MPIL RADIX Pers Allreduce: 8.507085e-02
CG + MPIL RMA Hier Pers: 500 iter, norm 6.926434e-04
CG with MPIL RMA Hier Pers Allreduce: 8.653304e-02
CG with MPIL RMA Hier Pers Allreduce: 8.514721e-02
CG with MPIL RMA Hier Pers Allreduce: 8.838864e-02
CG with MPIL RMA Hier Pers Allreduce: 9.230376e-02
CG with MPIL RMA Hier Pers Allreduce: 8.623557e-02
CG + MPIL RMA Hier EB Pers: 500 iter, norm 6.926434e-04
CG with MPIL RMA Hier EB Pers Allreduce: 8.639672e-02
CG with MPIL RMA Hier EB Pers Allreduce: 8.504368e-02
CG with MPIL RMA Hier EB Pers Allreduce: 8.634589e-02
CG with MPIL RMA Hier EB Pers Allreduce: 6.631628e-02
CG with MPIL RMA Hier EB Pers Allreduce: 8.610355e-02
Running with Pers Locality Neighbor Collectives
CG + PMPI: 500 iter, norm 6.695612e-04
CG with PMPI Allreduce: 1.094538e-01
CG with PMPI Allreduce: 1.099457e-01
CG with PMPI Allreduce: 1.087811e-01
CG with PMPI Allreduce: 1.095296e-01
CG with PMPI Allreduce: 1.112633e-01
CG + MPIL RD: 500 iter, norm 6.926434e-04
CG with MPIL RD Allreduce: 1.219086e-01
CG with MPIL RD Allreduce: 1.213624e-01
CG with MPIL RD Allreduce: 1.275270e-01
CG with MPIL RD Allreduce: 1.234044e-01
CG with MPIL RD Allreduce: 9.998315e-02
CG + MPIL NA: 500 iter, norm 6.738011e-04
CG with MPIL NA Allreduce: 1.099748e-01
CG with MPIL NA Allreduce: 1.076811e-01
CG with MPIL NA Allreduce: 9.175749e-02
CG with MPIL NA Allreduce: 9.211284e-02
CG with MPIL NA Allreduce: 9.159062e-02
CG + MPIL LA: 500 iter, norm 6.653642e-04
CG with MPIL LA Allreduce: 9.857038e-02
CG with MPIL LA Allreduce: 1.020549e-01
CG with MPIL LA Allreduce: 1.004902e-01
CG with MPIL LA Allreduce: 1.017454e-01
CG with MPIL LA Allreduce: 1.022872e-01
CG + MPIL RADIX: 500 iter, norm 6.829577e-04
CG with MPIL RADIX Allreduce: 1.357206e-01
CG with MPIL RADIX Allreduce: 1.462232e-01
CG with MPIL RADIX Allreduce: 1.333929e-01
CG with MPIL RADIX Allreduce: 1.391830e-01
CG with MPIL RADIX Allreduce: 1.390471e-01
CG + MPIL RD Pers: 500 iter, norm 6.926434e-04
CG with MPIL RD Pers Allreduce: 1.183696e-01
CG with MPIL RD Pers Allreduce: 1.224020e-01
CG with MPIL RD Pers Allreduce: 1.221961e-01
CG with MPIL RD Pers Allreduce: 1.286951e-01
CG with MPIL RD Pers Allreduce: 1.195060e-01
CG + MPIL NA Pers: 500 iter, norm 6.926434e-04
CG with MPIL NA Pers Allreduce: 1.271740e-01
CG with MPIL NA Pers Allreduce: 1.239359e-01
CG with MPIL NA Pers Allreduce: 1.250738e-01
CG with MPIL NA Pers Allreduce: 1.213635e-01
CG with MPIL NA Pers Allreduce: 1.176463e-01
CG + MPIL LA Pers: 500 iter, norm 6.926434e-04
CG with MPIL LA Pers Allreduce: 1.154830e-01
CG with MPIL LA Pers Allreduce: 1.243129e-01
CG with MPIL LA Pers Allreduce: 1.226242e-01
CG with MPIL LA Pers Allreduce: 1.248009e-01
CG with MPIL LA Pers Allreduce: 1.231279e-01
CG + MPIL RADIX Pers: 500 iter, norm 6.926434e-04
CG with MPIL RADIX Pers Allreduce: 1.232386e-01
CG with MPIL RADIX Pers Allreduce: 1.286062e-01
CG with MPIL RADIX Pers Allreduce: 1.143353e-01
CG with MPIL RADIX Pers Allreduce: 1.218047e-01
CG with MPIL RADIX Pers Allreduce: 1.235265e-01
CG + MPIL RMA Hier Pers: 500 iter, norm 6.926434e-04
CG with MPIL RMA Hier Pers Allreduce: 1.265216e-01
CG with MPIL RMA Hier Pers Allreduce: 1.215382e-01
CG with MPIL RMA Hier Pers Allreduce: 1.222111e-01
CG with MPIL RMA Hier Pers Allreduce: 1.137610e-01
CG with MPIL RMA Hier Pers Allreduce: 1.242509e-01
CG + MPIL RMA Hier EB Pers: 500 iter, norm 6.926434e-04
CG with MPIL RMA Hier EB Pers Allreduce: 1.224441e-01
CG with MPIL RMA Hier EB Pers Allreduce: 1.251485e-01
CG with MPIL RMA Hier EB Pers Allreduce: 1.222944e-01
CG with MPIL RMA Hier EB Pers Allreduce: 1.232799e-01
CG with MPIL RMA Hier EB Pers Allreduce: 1.314398e-01
/usr/workspace/bienz1/benchmark_mats/SPD/StocF-1465.pm
srun --ntasks-per-node 112 -N 4 ./cg /usr/workspace/bienz1/benchmark_mats/SPD/StocF-1465.pm
Running with Standard Neighbor Collectives
CG + PMPI: 500 iter, norm 1.484664e-03
CG with PMPI Allreduce: 1.096513e-01
CG with PMPI Allreduce: 1.132108e-01
CG with PMPI Allreduce: 1.145254e-01
CG with PMPI Allreduce: 1.161918e-01
CG with PMPI Allreduce: 1.131459e-01
CG + MPIL RD: 500 iter, norm 1.814358e-03
CG with MPIL RD Allreduce: 1.213499e-01
CG with MPIL RD Allreduce: 1.176913e-01
CG with MPIL RD Allreduce: 1.182924e-01
CG with MPIL RD Allreduce: 1.250990e-01
CG with MPIL RD Allreduce: 1.214992e-01
CG + MPIL NA: 500 iter, norm 1.655557e-03
CG with MPIL NA Allreduce: 1.110694e-01
CG with MPIL NA Allreduce: 1.082519e-01
CG with MPIL NA Allreduce: 1.004994e-01
CG with MPIL NA Allreduce: 1.067101e-01
CG with MPIL NA Allreduce: 1.084107e-01
CG + MPIL LA: 500 iter, norm 1.012426e-03
CG with MPIL LA Allreduce: 1.015573e-01
CG with MPIL LA Allreduce: 1.030704e-01
CG with MPIL LA Allreduce: 1.034332e-01
CG with MPIL LA Allreduce: 1.035379e-01
CG with MPIL LA Allreduce: 1.011150e-01
CG + MPIL RADIX: 500 iter, norm 7.650434e-04
CG with MPIL RADIX Allreduce: 1.326418e-01
CG with MPIL RADIX Allreduce: 1.305673e-01
CG with MPIL RADIX Allreduce: 1.363370e-01
CG with MPIL RADIX Allreduce: 1.342507e-01
CG with MPIL RADIX Allreduce: 1.344966e-01
CG + MPIL RD Pers: 500 iter, norm 1.814358e-03
CG with MPIL RD Pers Allreduce: 1.273929e-01
CG with MPIL RD Pers Allreduce: 1.227350e-01
CG with MPIL RD Pers Allreduce: 1.169002e-01
CG with MPIL RD Pers Allreduce: 1.209851e-01
CG with MPIL RD Pers Allreduce: 1.194199e-01
CG + MPIL NA Pers: 500 iter, norm 1.814358e-03
CG with MPIL NA Pers Allreduce: 1.126166e-01
CG with MPIL NA Pers Allreduce: 1.275904e-01
CG with MPIL NA Pers Allreduce: 1.248681e-01
CG with MPIL NA Pers Allreduce: 1.315249e-01
CG with MPIL NA Pers Allreduce: 1.305167e-01
CG + MPIL LA Pers: 500 iter, norm 1.814358e-03
CG with MPIL LA Pers Allreduce: 1.171103e-01
CG with MPIL LA Pers Allreduce: 1.195767e-01
CG with MPIL LA Pers Allreduce: 1.338173e-01
CG with MPIL LA Pers Allreduce: 1.170626e-01
CG with MPIL LA Pers Allreduce: 1.192502e-01
CG + MPIL RADIX Pers: 500 iter, norm 1.814358e-03
CG with MPIL RADIX Pers Allreduce: 1.320405e-01
CG with MPIL RADIX Pers Allreduce: 1.342705e-01
CG with MPIL RADIX Pers Allreduce: 1.250984e-01
CG with MPIL RADIX Pers Allreduce: 1.285049e-01
CG with MPIL RADIX Pers Allreduce: 1.329269e-01
CG + MPIL RMA Hier Pers: 500 iter, norm 1.814358e-03
CG with MPIL RMA Hier Pers Allreduce: 1.215943e-01
CG with MPIL RMA Hier Pers Allreduce: 1.188999e-01
CG with MPIL RMA Hier Pers Allreduce: 1.058279e-01
CG with MPIL RMA Hier Pers Allreduce: 1.211448e-01
CG with MPIL RMA Hier Pers Allreduce: 1.182484e-01
CG + MPIL RMA Hier EB Pers: 500 iter, norm 1.814358e-03
CG with MPIL RMA Hier EB Pers Allreduce: 1.323425e-01
CG with MPIL RMA Hier EB Pers Allreduce: 1.329247e-01
CG with MPIL RMA Hier EB Pers Allreduce: 1.259669e-01
CG with MPIL RMA Hier EB Pers Allreduce: 1.373028e-01
CG with MPIL RMA Hier EB Pers Allreduce: 1.269361e-01
Running with Locality Neighbor Collectives
CG + PMPI: 500 iter, norm 1.484664e-03
CG with PMPI Allreduce: 1.410582e-01
CG with PMPI Allreduce: 1.426012e-01
CG with PMPI Allreduce: 1.480410e-01
CG with PMPI Allreduce: 1.441241e-01
CG with PMPI Allreduce: 1.453105e-01
CG + MPIL RD: 500 iter, norm 1.814358e-03
CG with MPIL RD Allreduce: 1.612253e-01
CG with MPIL RD Allreduce: 1.537934e-01
CG with MPIL RD Allreduce: 1.575002e-01
CG with MPIL RD Allreduce: 1.409542e-01
CG with MPIL RD Allreduce: 1.580089e-01
CG + MPIL NA: 500 iter, norm 1.655557e-03
CG with MPIL NA Allreduce: 1.370556e-01
CG with MPIL NA Allreduce: 1.421208e-01
CG with MPIL NA Allreduce: 1.363762e-01
CG with MPIL NA Allreduce: 1.444784e-01
CG with MPIL NA Allreduce: 1.368080e-01
CG + MPIL LA: 500 iter, norm 1.012426e-03
CG with MPIL LA Allreduce: 1.342932e-01
CG with MPIL LA Allreduce: 1.318391e-01
CG with MPIL LA Allreduce: 1.313576e-01
CG with MPIL LA Allreduce: 1.328421e-01
CG with MPIL LA Allreduce: 1.246967e-01
CG + MPIL RADIX: 500 iter, norm 7.650434e-04
CG with MPIL RADIX Allreduce: 1.753730e-01
CG with MPIL RADIX Allreduce: 1.765615e-01
CG with MPIL RADIX Allreduce: 1.713757e-01
CG with MPIL RADIX Allreduce: 1.393739e-01
CG with MPIL RADIX Allreduce: 1.776554e-01
CG + MPIL RD Pers: 500 iter, norm 1.814358e-03
CG with MPIL RD Pers Allreduce: 1.551855e-01
CG with MPIL RD Pers Allreduce: 1.572591e-01
CG with MPIL RD Pers Allreduce: 1.533413e-01
CG with MPIL RD Pers Allreduce: 1.570193e-01
CG with MPIL RD Pers Allreduce: 1.577046e-01
CG + MPIL NA Pers: 500 iter, norm 1.814358e-03
CG with MPIL NA Pers Allreduce: 1.570796e-01
CG with MPIL NA Pers Allreduce: 1.636734e-01
CG with MPIL NA Pers Allreduce: 1.552630e-01
CG with MPIL NA Pers Allreduce: 1.579219e-01
CG with MPIL NA Pers Allreduce: 1.596888e-01
CG + MPIL LA Pers: 500 iter, norm 1.814358e-03
CG with MPIL LA Pers Allreduce: 1.612444e-01
CG with MPIL LA Pers Allreduce: 1.551535e-01
CG with MPIL LA Pers Allreduce: 1.588951e-01
CG with MPIL LA Pers Allreduce: 1.464002e-01
CG with MPIL LA Pers Allreduce: 1.423973e-01
CG + MPIL RADIX Pers: 500 iter, norm 1.814358e-03
CG with MPIL RADIX Pers Allreduce: 1.601609e-01
CG with MPIL RADIX Pers Allreduce: 1.663625e-01
CG with MPIL RADIX Pers Allreduce: 1.562600e-01
CG with MPIL RADIX Pers Allreduce: 1.617812e-01
CG with MPIL RADIX Pers Allreduce: 1.572462e-01
CG + MPIL RMA Hier Pers: 500 iter, norm 1.814358e-03
CG with MPIL RMA Hier Pers Allreduce: 1.564017e-01
CG with MPIL RMA Hier Pers Allreduce: 1.544924e-01
CG with MPIL RMA Hier Pers Allreduce: 1.586392e-01
CG with MPIL RMA Hier Pers Allreduce: 1.600572e-01
CG with MPIL RMA Hier Pers Allreduce: 1.559640e-01
CG + MPIL RMA Hier EB Pers: 500 iter, norm 1.814358e-03
CG with MPIL RMA Hier EB Pers Allreduce: 1.529355e-01
CG with MPIL RMA Hier EB Pers Allreduce: 1.663222e-01
CG with MPIL RMA Hier EB Pers Allreduce: 1.530863e-01
CG with MPIL RMA Hier EB Pers Allreduce: 1.558557e-01
CG with MPIL RMA Hier EB Pers Allreduce: 1.484627e-01
Running with Pers Standard Neighbor Collectives
CG + PMPI: 500 iter, norm 1.484664e-03
CG with PMPI Allreduce: 7.939738e-02
CG with PMPI Allreduce: 8.553942e-02
CG with PMPI Allreduce: 7.775265e-02
CG with PMPI Allreduce: 7.868595e-02
CG with PMPI Allreduce: 7.726229e-02
CG + MPIL RD: 500 iter, norm 1.814358e-03
CG with MPIL RD Allreduce: 7.781536e-02
CG with MPIL RD Allreduce: 8.063858e-02
CG with MPIL RD Allreduce: 7.661726e-02
CG with MPIL RD Allreduce: 7.648317e-02
CG with MPIL RD Allreduce: 9.812777e-02
CG + MPIL NA: 500 iter, norm 1.655557e-03
CG with MPIL NA Allreduce: 9.492523e-02
CG with MPIL NA Allreduce: 9.529920e-02
CG with MPIL NA Allreduce: 9.696813e-02
CG with MPIL NA Allreduce: 1.038671e-01
CG with MPIL NA Allreduce: 9.714672e-02
CG + MPIL LA: 500 iter, norm 1.012426e-03
CG with MPIL LA Allreduce: 8.975386e-02
CG with MPIL LA Allreduce: 9.276063e-02
CG with MPIL LA Allreduce: 9.052317e-02
CG with MPIL LA Allreduce: 9.150979e-02
CG with MPIL LA Allreduce: 9.062897e-02
CG + MPIL RADIX: 500 iter, norm 7.650434e-04
CG with MPIL RADIX Allreduce: 1.278089e-01
CG with MPIL RADIX Allreduce: 1.190144e-01
CG with MPIL RADIX Allreduce: 1.208039e-01
CG with MPIL RADIX Allreduce: 1.218582e-01
CG with MPIL RADIX Allreduce: 1.141767e-01
CG + MPIL RD Pers: 500 iter, norm 1.814358e-03
CG with MPIL RD Pers Allreduce: 1.052417e-01
CG with MPIL RD Pers Allreduce: 1.063662e-01
CG with MPIL RD Pers Allreduce: 1.101326e-01
CG with MPIL RD Pers Allreduce: 1.070300e-01
CG with MPIL RD Pers Allreduce: 1.066925e-01
CG + MPIL NA Pers: 500 iter, norm 1.814358e-03
CG with MPIL NA Pers Allreduce: 1.048938e-01
CG with MPIL NA Pers Allreduce: 1.079859e-01
CG with MPIL NA Pers Allreduce: 1.087755e-01
CG with MPIL NA Pers Allreduce: 1.078232e-01
CG with MPIL NA Pers Allreduce: 1.053667e-01
CG + MPIL LA Pers: 500 iter, norm 1.814358e-03
CG with MPIL LA Pers Allreduce: 1.037961e-01
CG with MPIL LA Pers Allreduce: 1.150760e-01
CG with MPIL LA Pers Allreduce: 1.070433e-01
CG with MPIL LA Pers Allreduce: 1.085387e-01
CG with MPIL LA Pers Allreduce: 9.200871e-02
CG + MPIL RADIX Pers: 500 iter, norm 1.814358e-03
CG with MPIL RADIX Pers Allreduce: 1.062456e-01
CG with MPIL RADIX Pers Allreduce: 1.109398e-01
CG with MPIL RADIX Pers Allreduce: 1.069785e-01
CG with MPIL RADIX Pers Allreduce: 1.081650e-01
CG with MPIL RADIX Pers Allreduce: 1.082130e-01
CG + MPIL RMA Hier Pers: 500 iter, norm 1.814358e-03
CG with MPIL RMA Hier Pers Allreduce: 1.050619e-01
CG with MPIL RMA Hier Pers Allreduce: 1.056408e-01
CG with MPIL RMA Hier Pers Allreduce: 1.129215e-01
CG with MPIL RMA Hier Pers Allreduce: 1.091242e-01
CG with MPIL RMA Hier Pers Allreduce: 1.058111e-01
CG + MPIL RMA Hier EB Pers: 500 iter, norm 1.814358e-03
CG with MPIL RMA Hier EB Pers Allreduce: 1.078173e-01
CG with MPIL RMA Hier EB Pers Allreduce: 1.080077e-01
CG with MPIL RMA Hier EB Pers Allreduce: 1.060132e-01
CG with MPIL RMA Hier EB Pers Allreduce: 9.191815e-02
CG with MPIL RMA Hier EB Pers Allreduce: 1.068310e-01
Running with Pers Locality Neighbor Collectives
CG + PMPI: 500 iter, norm 1.484664e-03
CG with PMPI Allreduce: 3.324168e-01
CG with PMPI Allreduce: 3.361630e-01
CG with PMPI Allreduce: 3.366590e-01
CG with PMPI Allreduce: 3.424586e-01
CG with PMPI Allreduce: 3.355998e-01
CG + MPIL RD: 500 iter, norm 1.814358e-03
CG with MPIL RD Allreduce: 3.469296e-01
CG with MPIL RD Allreduce: 3.550860e-01
CG with MPIL RD Allreduce: 3.453081e-01
CG with MPIL RD Allreduce: 3.396505e-01
CG with MPIL RD Allreduce: 3.484510e-01
CG + MPIL NA: 500 iter, norm 1.655557e-03
CG with MPIL NA Allreduce: 3.243379e-01
CG with MPIL NA Allreduce: 3.161421e-01
CG with MPIL NA Allreduce: 3.249999e-01
CG with MPIL NA Allreduce: 3.180689e-01
CG with MPIL NA Allreduce: 3.286391e-01
CG + MPIL LA: 500 iter, norm 1.012426e-03
CG with MPIL LA Allreduce: 3.198492e-01
CG with MPIL LA Allreduce: 3.067204e-01
CG with MPIL LA Allreduce: 3.198405e-01
CG with MPIL LA Allreduce: 3.168725e-01
CG with MPIL LA Allreduce: 3.288183e-01
CG + MPIL RADIX: 500 iter, norm 7.650434e-04
CG with MPIL RADIX Allreduce: 3.476280e-01
CG with MPIL RADIX Allreduce: 3.469951e-01
CG with MPIL RADIX Allreduce: 3.473207e-01
CG with MPIL RADIX Allreduce: 3.524055e-01
CG with MPIL RADIX Allreduce: 3.453946e-01
CG + MPIL RD Pers: 500 iter, norm 1.814358e-03
CG with MPIL RD Pers Allreduce: 3.362459e-01
CG with MPIL RD Pers Allreduce: 3.435464e-01
CG with MPIL RD Pers Allreduce: 3.426153e-01
CG with MPIL RD Pers Allreduce: 3.441116e-01
CG with MPIL RD Pers Allreduce: 3.444708e-01
CG + MPIL NA Pers: 500 iter, norm 1.814358e-03
CG with MPIL NA Pers Allreduce: 3.413295e-01
CG with MPIL NA Pers Allreduce: 3.552706e-01
CG with MPIL NA Pers Allreduce: 3.434052e-01
CG with MPIL NA Pers Allreduce: 3.369557e-01
CG with MPIL NA Pers Allreduce: 3.454699e-01
CG + MPIL LA Pers: 500 iter, norm 1.814358e-03
CG with MPIL LA Pers Allreduce: 3.263162e-01
CG with MPIL LA Pers Allreduce: 3.409488e-01
CG with MPIL LA Pers Allreduce: 3.425634e-01
CG with MPIL LA Pers Allreduce: 3.418534e-01
CG with MPIL LA Pers Allreduce: 3.426752e-01
CG + MPIL RADIX Pers: 500 iter, norm 1.814358e-03
CG with MPIL RADIX Pers Allreduce: 3.410281e-01
CG with MPIL RADIX Pers Allreduce: 3.444665e-01
CG with MPIL RADIX Pers Allreduce: 3.380395e-01
CG with MPIL RADIX Pers Allreduce: 3.439010e-01
CG with MPIL RADIX Pers Allreduce: 3.410400e-01
CG + MPIL RMA Hier Pers: 500 iter, norm 1.814358e-03
CG with MPIL RMA Hier Pers Allreduce: 3.465935e-01
CG with MPIL RMA Hier Pers Allreduce: 3.375307e-01
CG with MPIL RMA Hier Pers Allreduce: 3.431500e-01
CG with MPIL RMA Hier Pers Allreduce: 3.409358e-01
CG with MPIL RMA Hier Pers Allreduce: 3.604473e-01
CG + MPIL RMA Hier EB Pers: 500 iter, norm 1.814358e-03
CG with MPIL RMA Hier EB Pers Allreduce: 3.465027e-01
CG with MPIL RMA Hier EB Pers Allreduce: 3.564578e-01
CG with MPIL RMA Hier EB Pers Allreduce: 3.427536e-01
CG with MPIL RMA Hier EB Pers Allreduce: 3.396585e-01
CG with MPIL RMA Hier EB Pers Allreduce: 3.383054e-01
