/usr/workspace/bienz1/benchmark_mats/SPD/Fault_639.pm
srun --ntasks-per-node 112 -N 64 ./cg /usr/workspace/bienz1/benchmark_mats/SPD/Fault_639.pm
Read matrix: 6.843109e-01
Form comm: 2.769656e-01
Running with Standard Neighbor Collectives
CG + PMPI: 500 iter, norm 1.450569e-03
CG with PMPI Allreduce: 1.042284e-01
CG with PMPI Allreduce: 1.009110e-01
CG with PMPI Allreduce: 1.033042e-01
CG with PMPI Allreduce: 9.939754e-02
CG with PMPI Allreduce: 9.501500e-02
CG + MPIL RD: 500 iter, norm 1.587899e-03
CG with MPIL RD Allreduce: 1.081103e-01
CG with MPIL RD Allreduce: 1.332568e-01
CG with MPIL RD Allreduce: 1.130794e-01
CG with MPIL RD Allreduce: 9.591587e-02
CG with MPIL RD Allreduce: 9.913650e-02
CG + MPIL NA: 500 iter, norm 1.693073e-03
CG with MPIL NA Allreduce: 1.050144e-01
CG with MPIL NA Allreduce: 1.016866e-01
CG with MPIL NA Allreduce: 9.127288e-02
CG with MPIL NA Allreduce: 1.078005e-01
CG with MPIL NA Allreduce: 9.670239e-02
CG + MPIL LA: 500 iter, norm 1.617190e-03
CG with MPIL LA Allreduce: 1.343084e-01
CG with MPIL LA Allreduce: 1.253818e-01
CG with MPIL LA Allreduce: 1.606689e-01
CG with MPIL LA Allreduce: 1.270078e-01
CG with MPIL LA Allreduce: 1.192550e-01
CG + MPIL RADIX: 500 iter, norm 1.514621e-03
CG with MPIL RADIX Allreduce: 2.032344e-01
CG with MPIL RADIX Allreduce: 1.164544e-01
CG with MPIL RADIX Allreduce: 1.626541e-01
CG with MPIL RADIX Allreduce: 9.975217e-02
CG with MPIL RADIX Allreduce: 1.242174e-01
CG + MPIL RD Pers: 500 iter, norm 1.587899e-03
CG with MPIL RD Pers Allreduce: 9.907085e-02
CG with MPIL RD Pers Allreduce: 1.323355e-01
CG with MPIL RD Pers Allreduce: 1.110727e-01
CG with MPIL RD Pers Allreduce: 1.018080e-01
CG with MPIL RD Pers Allreduce: 1.176560e-01
CG + MPIL NA Pers: 500 iter, norm 1.587899e-03
CG with MPIL NA Pers Allreduce: 1.115725e-01
CG with MPIL NA Pers Allreduce: 1.204076e-01
CG with MPIL NA Pers Allreduce: 1.064551e-01
CG with MPIL NA Pers Allreduce: 1.090096e-01
CG with MPIL NA Pers Allreduce: 1.314132e-01
CG + MPIL LA Pers: 500 iter, norm 1.587899e-03
CG with MPIL LA Pers Allreduce: 1.104281e-01
CG with MPIL LA Pers Allreduce: 1.103829e-01
CG with MPIL LA Pers Allreduce: 1.360715e-01
CG with MPIL LA Pers Allreduce: 1.507627e-01
CG with MPIL LA Pers Allreduce: 1.088713e-01
CG + MPIL RADIX Pers: 500 iter, norm 1.587899e-03
CG with MPIL RADIX Pers Allreduce: 1.411497e-01
CG with MPIL RADIX Pers Allreduce: 1.564894e-01
CG with MPIL RADIX Pers Allreduce: 1.662725e-01
CG with MPIL RADIX Pers Allreduce: 2.017267e-01
CG with MPIL RADIX Pers Allreduce: 1.477326e-01
CG + MPIL RMA Hier Pers: 500 iter, norm 1.587899e-03
CG with MPIL RMA Hier Pers Allreduce: 1.572681e-01
CG with MPIL RMA Hier Pers Allreduce: 1.406458e-01
CG with MPIL RMA Hier Pers Allreduce: 1.274598e-01
CG with MPIL RMA Hier Pers Allreduce: 1.350070e-01
CG with MPIL RMA Hier Pers Allreduce: 1.383400e-01
CG + MPIL RMA Hier EB Pers: 500 iter, norm 1.587899e-03
CG with MPIL RMA Hier EB Pers Allreduce: 1.244205e-01
CG with MPIL RMA Hier EB Pers Allreduce: 1.268872e-01
CG with MPIL RMA Hier EB Pers Allreduce: 1.178891e-01
CG with MPIL RMA Hier EB Pers Allreduce: 1.190923e-01
CG with MPIL RMA Hier EB Pers Allreduce: 1.132623e-01
Running with Locality Neighbor Collectives
CG + PMPI: 500 iter, norm 1.450569e-03
CG with PMPI Allreduce: 1.430293e+00
CG with PMPI Allreduce: 1.357702e+00
CG with PMPI Allreduce: 1.451438e+00
CG with PMPI Allreduce: 1.355018e+00
CG with PMPI Allreduce: 1.464019e+00
CG + MPIL RD: 500 iter, norm 1.587899e-03
CG with MPIL RD Allreduce: 1.465651e+00
CG with MPIL RD Allreduce: 1.367297e+00
CG with MPIL RD Allreduce: 1.452823e+00
CG with MPIL RD Allreduce: 1.372735e+00
CG with MPIL RD Allreduce: 1.451653e+00
CG + MPIL NA: 500 iter, norm 1.693073e-03
CG with MPIL NA Allreduce: 1.434366e+00
CG with MPIL NA Allreduce: 1.345757e+00
CG with MPIL NA Allreduce: 1.448248e+00
CG with MPIL NA Allreduce: 1.310914e+00
CG with MPIL NA Allreduce: 1.432110e+00
CG + MPIL LA: 500 iter, norm 1.617190e-03
CG with MPIL LA Allreduce: 1.452566e+00
CG with MPIL LA Allreduce: 1.352762e+00
CG with MPIL LA Allreduce: 1.451005e+00
CG with MPIL LA Allreduce: 1.334114e+00
CG with MPIL LA Allreduce: 1.440534e+00
CG + MPIL RADIX: 500 iter, norm 1.514621e-03
CG with MPIL RADIX Allreduce: 1.463764e+00
CG with MPIL RADIX Allreduce: 1.382042e+00
CG with MPIL RADIX Allreduce: 1.466979e+00
CG with MPIL RADIX Allreduce: 1.345838e+00
CG with MPIL RADIX Allreduce: 1.464989e+00
CG + MPIL RD Pers: 500 iter, norm 1.587899e-03
CG with MPIL RD Pers Allreduce: 1.554526e+00
CG with MPIL RD Pers Allreduce: 1.429973e+00
CG with MPIL RD Pers Allreduce: 1.486455e+00
CG with MPIL RD Pers Allreduce: 1.384219e+00
CG with MPIL RD Pers Allreduce: 1.477438e+00
CG + MPIL NA Pers: 500 iter, norm 1.587899e-03
CG with MPIL NA Pers Allreduce: 1.437662e+00
CG with MPIL NA Pers Allreduce: 1.358906e+00
CG with MPIL NA Pers Allreduce: 1.448022e+00
CG with MPIL NA Pers Allreduce: 1.373555e+00
CG with MPIL NA Pers Allreduce: 1.455574e+00
CG + MPIL LA Pers: 500 iter, norm 1.587899e-03
CG with MPIL LA Pers Allreduce: 1.459486e+00
CG with MPIL LA Pers Allreduce: 1.371238e+00
CG with MPIL LA Pers Allreduce: 1.464564e+00
CG with MPIL LA Pers Allreduce: 1.374050e+00
CG with MPIL LA Pers Allreduce: 1.471775e+00
CG + MPIL RADIX Pers: 500 iter, norm 1.587899e-03
CG with MPIL RADIX Pers Allreduce: 1.526558e+00
CG with MPIL RADIX Pers Allreduce: 1.363224e+00
CG with MPIL RADIX Pers Allreduce: 1.599584e+00
CG with MPIL RADIX Pers Allreduce: 1.354468e+00
CG with MPIL RADIX Pers Allreduce: 1.427240e+00
CG + MPIL RMA Hier Pers: 500 iter, norm 1.587899e-03
CG with MPIL RMA Hier Pers Allreduce: 1.517465e+00
CG with MPIL RMA Hier Pers Allreduce: 1.356960e+00
CG with MPIL RMA Hier Pers Allreduce: 1.464661e+00
CG with MPIL RMA Hier Pers Allreduce: 1.374541e+00
CG with MPIL RMA Hier Pers Allreduce: 1.470886e+00
CG + MPIL RMA Hier EB Pers: 500 iter, norm 1.587899e-03
CG with MPIL RMA Hier EB Pers Allreduce: 1.479003e+00
CG with MPIL RMA Hier EB Pers Allreduce: 1.375815e+00
CG with MPIL RMA Hier EB Pers Allreduce: 1.494585e+00
CG with MPIL RMA Hier EB Pers Allreduce: 1.375998e+00
CG with MPIL RMA Hier EB Pers Allreduce: 1.509304e+00
Running with Pers Standard Neighbor Collectives
CG + PMPI: 500 iter, norm 1.450569e-03
CG with PMPI Allreduce: 1.034352e-01
CG with PMPI Allreduce: 9.893690e-02
CG with PMPI Allreduce: 1.037364e-01
CG with PMPI Allreduce: 1.010686e-01
CG with PMPI Allreduce: 1.014981e-01
CG + MPIL RD: 500 iter, norm 1.587899e-03
CG with MPIL RD Allreduce: 1.055170e-01
CG with MPIL RD Allreduce: 1.100559e-01
CG with MPIL RD Allreduce: 1.083565e-01
CG with MPIL RD Allreduce: 1.534932e-01
CG with MPIL RD Allreduce: 1.122985e-01
CG + MPIL NA: 500 iter, norm 1.693073e-03
CG with MPIL NA Allreduce: 1.212423e-01
CG with MPIL NA Allreduce: 1.206487e-01
CG with MPIL NA Allreduce: 1.295911e-01
CG with MPIL NA Allreduce: 1.200686e-01
CG with MPIL NA Allreduce: 1.199869e-01
CG + MPIL LA: 500 iter, norm 1.617190e-03
CG with MPIL LA Allreduce: 1.154042e-01
CG with MPIL LA Allreduce: 1.216553e-01
CG with MPIL LA Allreduce: 1.139111e-01
CG with MPIL LA Allreduce: 1.177135e-01
CG with MPIL LA Allreduce: 1.065015e-01
CG + MPIL RADIX: 500 iter, norm 1.514621e-03
CG with MPIL RADIX Allreduce: 1.053450e-01
CG with MPIL RADIX Allreduce: 1.032654e-01
CG with MPIL RADIX Allreduce: 1.201608e-01
CG with MPIL RADIX Allreduce: 9.984736e-02
CG with MPIL RADIX Allreduce: 1.163672e-01
CG + MPIL RD Pers: 500 iter, norm 1.587899e-03
CG with MPIL RD Pers Allreduce: 1.501051e-01
CG with MPIL RD Pers Allreduce: 1.119784e-01
CG with MPIL RD Pers Allreduce: 1.128541e-01
CG with MPIL RD Pers Allreduce: 1.136509e-01
CG with MPIL RD Pers Allreduce: 1.089775e-01
CG + MPIL NA Pers: 500 iter, norm 1.587899e-03
CG with MPIL NA Pers Allreduce: 1.151721e-01
CG with MPIL NA Pers Allreduce: 1.177749e-01
CG with MPIL NA Pers Allreduce: 1.366375e-01
CG with MPIL NA Pers Allreduce: 1.128438e-01
CG with MPIL NA Pers Allreduce: 1.317558e-01
CG + MPIL LA Pers: 500 iter, norm 1.587899e-03
CG with MPIL LA Pers Allreduce: 1.582214e-01
CG with MPIL LA Pers Allreduce: 1.155780e-01
CG with MPIL LA Pers Allreduce: 1.004871e-01
CG with MPIL LA Pers Allreduce: 1.085753e-01
CG with MPIL LA Pers Allreduce: 1.218554e-01
CG + MPIL RADIX Pers: 500 iter, norm 1.587899e-03
CG with MPIL RADIX Pers Allreduce: 1.024464e-01
CG with MPIL RADIX Pers Allreduce: 1.124147e-01
CG with MPIL RADIX Pers Allreduce: 1.147146e-01
CG with MPIL RADIX Pers Allreduce: 1.245028e-01
CG with MPIL RADIX Pers Allreduce: 1.297066e-01
CG + MPIL RMA Hier Pers: 500 iter, norm 1.587899e-03
CG with MPIL RMA Hier Pers Allreduce: 1.359986e-01
CG with MPIL RMA Hier Pers Allreduce: 1.304101e-01
CG with MPIL RMA Hier Pers Allreduce: 1.212120e-01
CG with MPIL RMA Hier Pers Allreduce: 1.339253e-01
CG with MPIL RMA Hier Pers Allreduce: 1.391504e-01
CG + MPIL RMA Hier EB Pers: 500 iter, norm 1.587899e-03
CG with MPIL RMA Hier EB Pers Allreduce: 1.353941e-01
CG with MPIL RMA Hier EB Pers Allreduce: 1.145072e-01
CG with MPIL RMA Hier EB Pers Allreduce: 1.259124e-01
CG with MPIL RMA Hier EB Pers Allreduce: 1.236303e-01
CG with MPIL RMA Hier EB Pers Allreduce: 1.689387e-01
Running with Pers Locality Neighbor Collectives
CG + PMPI: 500 iter, norm 1.450569e-03
CG with PMPI Allreduce: 3.398325e-01
CG with PMPI Allreduce: 3.389066e-01
CG with PMPI Allreduce: 3.248320e-01
CG with PMPI Allreduce: 3.340020e-01
CG with PMPI Allreduce: 3.375145e-01
CG + MPIL RD: 500 iter, norm 1.587899e-03
CG with MPIL RD Allreduce: 3.309989e-01
CG with MPIL RD Allreduce: 3.343891e-01
CG with MPIL RD Allreduce: 3.321709e-01
CG with MPIL RD Allreduce: 3.323863e-01
CG with MPIL RD Allreduce: 3.416877e-01
CG + MPIL NA: 500 iter, norm 1.693073e-03
CG with MPIL NA Allreduce: 3.304297e-01
CG with MPIL NA Allreduce: 3.291789e-01
CG with MPIL NA Allreduce: 3.236948e-01
CG with MPIL NA Allreduce: 3.275424e-01
CG with MPIL NA Allreduce: 3.446304e-01
CG + MPIL LA: 500 iter, norm 1.617190e-03
CG with MPIL LA Allreduce: 3.287089e-01
CG with MPIL LA Allreduce: 3.283229e-01
CG with MPIL LA Allreduce: 3.383797e-01
CG with MPIL LA Allreduce: 3.252202e-01
CG with MPIL LA Allreduce: 3.322222e-01
CG + MPIL RADIX: 500 iter, norm 1.514621e-03
CG with MPIL RADIX Allreduce: 3.340271e-01
CG with MPIL RADIX Allreduce: 3.366461e-01
CG with MPIL RADIX Allreduce: 3.264005e-01
CG with MPIL RADIX Allreduce: 3.338789e-01
CG with MPIL RADIX Allreduce: 3.309550e-01
CG + MPIL RD Pers: 500 iter, norm 1.587899e-03
CG with MPIL RD Pers Allreduce: 3.352877e-01
CG with MPIL RD Pers Allreduce: 3.359111e-01
CG with MPIL RD Pers Allreduce: 3.523146e-01
CG with MPIL RD Pers Allreduce: 3.314636e-01
CG with MPIL RD Pers Allreduce: 3.307237e-01
CG + MPIL NA Pers: 500 iter, norm 1.587899e-03
CG with MPIL NA Pers Allreduce: 3.407608e-01
CG with MPIL NA Pers Allreduce: 3.384698e-01
CG with MPIL NA Pers Allreduce: 3.272597e-01
CG with MPIL NA Pers Allreduce: 3.339633e-01
CG with MPIL NA Pers Allreduce: 3.341893e-01
CG + MPIL LA Pers: 500 iter, norm 1.587899e-03
CG with MPIL LA Pers Allreduce: 3.285741e-01
CG with MPIL LA Pers Allreduce: 3.414487e-01
CG with MPIL LA Pers Allreduce: 3.355952e-01
CG with MPIL LA Pers Allreduce: 3.290316e-01
CG with MPIL LA Pers Allreduce: 3.371186e-01
CG + MPIL RADIX Pers: 500 iter, norm 1.587899e-03
CG with MPIL RADIX Pers Allreduce: 3.347950e-01
CG with MPIL RADIX Pers Allreduce: 3.338359e-01
CG with MPIL RADIX Pers Allreduce: 3.468528e-01
CG with MPIL RADIX Pers Allreduce: 3.341849e-01
CG with MPIL RADIX Pers Allreduce: 3.341414e-01
CG + MPIL RMA Hier Pers: 500 iter, norm 1.587899e-03
CG with MPIL RMA Hier Pers Allreduce: 3.320215e-01
CG with MPIL RMA Hier Pers Allreduce: 3.298781e-01
CG with MPIL RMA Hier Pers Allreduce: 3.353451e-01
CG with MPIL RMA Hier Pers Allreduce: 3.334034e-01
CG with MPIL RMA Hier Pers Allreduce: 3.412544e-01
CG + MPIL RMA Hier EB Pers: 500 iter, norm 1.587899e-03
CG with MPIL RMA Hier EB Pers Allreduce: 3.376304e-01
CG with MPIL RMA Hier EB Pers Allreduce: 3.339927e-01
CG with MPIL RMA Hier EB Pers Allreduce: 3.347205e-01
CG with MPIL RMA Hier EB Pers Allreduce: 3.502638e-01
CG with MPIL RMA Hier EB Pers Allreduce: 3.323524e-01
/usr/workspace/bienz1/benchmark_mats/SPD/nd24k.pm
srun --ntasks-per-node 112 -N 64 ./cg /usr/workspace/bienz1/benchmark_mats/SPD/nd24k.pm
Read matrix: 6.382827e-01
Form comm: 9.845226e-01
Running with Standard Neighbor Collectives
CG + PMPI: 500 iter, norm 6.326919e-06
CG with PMPI Allreduce: 1.277032e+01
CG with PMPI Allreduce: 1.019181e+01
CG with PMPI Allreduce: 1.069625e+01
CG with PMPI Allreduce: 7.010050e+00
CG with PMPI Allreduce: 1.100730e+01
CG + MPIL RD: 500 iter, norm 5.063296e-06
CG with MPIL RD Allreduce: 1.104244e+01
CG with MPIL RD Allreduce: 1.073932e+01
CG with MPIL RD Allreduce: 1.152272e+01
CG with MPIL RD Allreduce: 9.421552e+00
CG with MPIL RD Allreduce: 1.264355e+01
CG + MPIL NA: 500 iter, norm 4.960627e-06
CG with MPIL NA Allreduce: 1.218798e+01
CG with MPIL NA Allreduce: 1.357842e+01
CG with MPIL NA Allreduce: 1.214228e+01
CG with MPIL NA Allreduce: 1.215829e+01
CG with MPIL NA Allreduce: 9.753127e+00
CG + MPIL LA: 500 iter, norm 5.666612e-06
CG with MPIL LA Allreduce: 5.877053e+00
CG with MPIL LA Allreduce: 1.134974e+01
CG with MPIL LA Allreduce: 8.284192e+00
CG with MPIL LA Allreduce: 1.152473e+01
CG with MPIL LA Allreduce: 1.585114e+01
CG + MPIL RADIX: 500 iter, norm 6.144495e-06
CG with MPIL RADIX Allreduce: 1.167970e+01
CG with MPIL RADIX Allreduce: 1.346193e+01
CG with MPIL RADIX Allreduce: 9.428683e+00
CG with MPIL RADIX Allreduce: 6.695424e+00
CG with MPIL RADIX Allreduce: 1.186717e+01
CG + MPIL RD Pers: 500 iter, norm 5.063296e-06
CG with MPIL RD Pers Allreduce: 1.346609e+01
CG with MPIL RD Pers Allreduce: 1.216827e+01
CG with MPIL RD Pers Allreduce: 1.138202e+01
CG with MPIL RD Pers Allreduce: 9.428193e+00
CG with MPIL RD Pers Allreduce: 1.099814e+01
CG + MPIL NA Pers: 500 iter, norm 5.063296e-06
CG with MPIL NA Pers Allreduce: 6.682055e+00
CG with MPIL NA Pers Allreduce: 1.230950e+01
CG with MPIL NA Pers Allreduce: 9.400055e+00
CG with MPIL NA Pers Allreduce: 7.627742e+00
CG with MPIL NA Pers Allreduce: 8.919058e+00
CG + MPIL LA Pers: 500 iter, norm 5.063296e-06
CG with MPIL LA Pers Allreduce: 9.895611e+00
CG with MPIL LA Pers Allreduce: 1.134117e+01
CG with MPIL LA Pers Allreduce: 1.053175e+01
CG with MPIL LA Pers Allreduce: 7.046797e+00
CG with MPIL LA Pers Allreduce: 1.215184e+01
CG + MPIL RADIX Pers: 500 iter, norm 5.063296e-06
CG with MPIL RADIX Pers Allreduce: 9.748099e+00
CG with MPIL RADIX Pers Allreduce: 8.169345e+00
CG with MPIL RADIX Pers Allreduce: 5.897023e+00
CG with MPIL RADIX Pers Allreduce: 7.329223e+00
CG with MPIL RADIX Pers Allreduce: 6.043999e+00
CG + MPIL RMA Hier Pers: 500 iter, norm 5.063296e-06
CG with MPIL RMA Hier Pers Allreduce: 9.579697e+00
CG with MPIL RMA Hier Pers Allreduce: 1.004698e+01
CG with MPIL RMA Hier Pers Allreduce: 1.120288e+01
CG with MPIL RMA Hier Pers Allreduce: 1.265710e+01
CG with MPIL RMA Hier Pers Allreduce: 9.898638e+00
CG + MPIL RMA Hier EB Pers: 500 iter, norm 5.063296e-06
CG with MPIL RMA Hier EB Pers Allreduce: 6.666167e+00
CG with MPIL RMA Hier EB Pers Allreduce: 8.936591e+00
CG with MPIL RMA Hier EB Pers Allreduce: 7.447186e+00
CG with MPIL RMA Hier EB Pers Allreduce: 1.026330e+01
CG with MPIL RMA Hier EB Pers Allreduce: 6.817259e+00
Running with Locality Neighbor Collectives
CG + PMPI: 500 iter, norm 6.326919e-06
CG with PMPI Allreduce: 1.773583e+00
CG with PMPI Allreduce: 2.375851e+00
CG with PMPI Allreduce: 1.965741e+00
CG with PMPI Allreduce: 1.756250e+00
CG with PMPI Allreduce: 1.739566e+00
CG + MPIL RD: 500 iter, norm 5.063296e-06
CG with MPIL RD Allreduce: 1.931393e+00
CG with MPIL RD Allreduce: 1.979781e+00
CG with MPIL RD Allreduce: 1.924578e+00
CG with MPIL RD Allreduce: 1.565037e+00
CG with MPIL RD Allreduce: 1.826696e+00
CG + MPIL NA: 500 iter, norm 4.960627e-06
CG with MPIL NA Allreduce: 2.256355e+00
CG with MPIL NA Allreduce: 1.503610e+00
CG with MPIL NA Allreduce: 1.894206e+00
CG with MPIL NA Allreduce: 1.940108e+00
CG with MPIL NA Allreduce: 1.770994e+00
CG + MPIL LA: 500 iter, norm 5.666612e-06
CG with MPIL LA Allreduce: 1.907530e+00
CG with MPIL LA Allreduce: 1.835251e+00
CG with MPIL LA Allreduce: 1.954591e+00
CG with MPIL LA Allreduce: 1.759650e+00
CG with MPIL LA Allreduce: 1.982455e+00
CG + MPIL RADIX: 500 iter, norm 6.144495e-06
CG with MPIL RADIX Allreduce: 1.768864e+00
CG with MPIL RADIX Allreduce: 1.925923e+00
CG with MPIL RADIX Allreduce: 1.755241e+00
CG with MPIL RADIX Allreduce: 1.854576e+00
CG with MPIL RADIX Allreduce: 1.790000e+00
CG + MPIL RD Pers: 500 iter, norm 5.063296e-06
CG with MPIL RD Pers Allreduce: 1.752318e+00
CG with MPIL RD Pers Allreduce: 1.908986e+00
CG with MPIL RD Pers Allreduce: 1.756405e+00
CG with MPIL RD Pers Allreduce: 1.754379e+00
CG with MPIL RD Pers Allreduce: 2.068435e+00
CG + MPIL NA Pers: 500 iter, norm 5.063296e-06
CG with MPIL NA Pers Allreduce: 2.017952e+00
CG with MPIL NA Pers Allreduce: 1.680274e+00
CG with MPIL NA Pers Allreduce: 1.843922e+00
CG with MPIL NA Pers Allreduce: 1.660963e+00
CG with MPIL NA Pers Allreduce: 2.006632e+00
CG + MPIL LA Pers: 500 iter, norm 5.063296e-06
CG with MPIL LA Pers Allreduce: 2.137829e+00
CG with MPIL LA Pers Allreduce: 1.749843e+00
CG with MPIL LA Pers Allreduce: 1.844285e+00
CG with MPIL LA Pers Allreduce: 1.818639e+00
CG with MPIL LA Pers Allreduce: 2.030207e+00
CG + MPIL RADIX Pers: 500 iter, norm 5.063296e-06
CG with MPIL RADIX Pers Allreduce: 1.952401e+00
CG with MPIL RADIX Pers Allreduce: 1.892047e+00
CG with MPIL RADIX Pers Allreduce: 1.925096e+00
CG with MPIL RADIX Pers Allreduce: 2.598203e+00
CG with MPIL RADIX Pers Allreduce: 1.779662e+00
CG + MPIL RMA Hier Pers: 500 iter, norm 5.063296e-06
CG with MPIL RMA Hier Pers Allreduce: 2.034493e+00
CG with MPIL RMA Hier Pers Allreduce: 1.953836e+00
CG with MPIL RMA Hier Pers Allreduce: 1.794131e+00
CG with MPIL RMA Hier Pers Allreduce: 1.653814e+00
CG with MPIL RMA Hier Pers Allreduce: 1.950131e+00
CG + MPIL RMA Hier EB Pers: 500 iter, norm 5.063296e-06
CG with MPIL RMA Hier EB Pers Allreduce: 1.921774e+00
CG with MPIL RMA Hier EB Pers Allreduce: 1.803075e+00
CG with MPIL RMA Hier EB Pers Allreduce: 1.762560e+00
CG with MPIL RMA Hier EB Pers Allreduce: 1.775337e+00
CG with MPIL RMA Hier EB Pers Allreduce: 1.801824e+00
Running with Pers Standard Neighbor Collectives
CG + PMPI: 500 iter, norm 6.326919e-06
CG with PMPI Allreduce: 8.125067e+00
CG with PMPI Allreduce: 6.997966e+00
CG with PMPI Allreduce: 1.086645e+01
CG with PMPI Allreduce: 8.085497e+00
CG with PMPI Allreduce: 7.783003e+00
CG + MPIL RD: 500 iter, norm 5.063296e-06
CG with MPIL RD Allreduce: 4.899658e+00
CG with MPIL RD Allreduce: 3.125020e+00
CG with MPIL RD Allreduce: 5.740281e+00
CG with MPIL RD Allreduce: 7.471307e+00
CG with MPIL RD Allreduce: 6.206098e+00
CG + MPIL NA: 500 iter, norm 4.960627e-06
CG with MPIL NA Allreduce: 7.329801e+00
CG with MPIL NA Allreduce: 5.397774e+00
CG with MPIL NA Allreduce: 4.567087e+00
CG with MPIL NA Allreduce: 5.072493e+00
CG with MPIL NA Allreduce: 6.505478e+00
CG + MPIL LA: 500 iter, norm 5.666612e-06
CG with MPIL LA Allreduce: 5.075658e+00
CG with MPIL LA Allreduce: 3.239072e+00
CG with MPIL LA Allreduce: 5.209479e+00
CG with MPIL LA Allreduce: 6.362479e+00
CG with MPIL LA Allreduce: 4.071022e+00
CG + MPIL RADIX: 500 iter, norm 6.144495e-06
CG with MPIL RADIX Allreduce: 7.478337e+00
CG with MPIL RADIX Allreduce: 6.867110e+00
CG with MPIL RADIX Allreduce: 4.874159e+00
CG with MPIL RADIX Allreduce: 8.282645e+00
CG with MPIL RADIX Allreduce: 6.355390e+00
CG + MPIL RD Pers: 500 iter, norm 5.063296e-06
CG with MPIL RD Pers Allreduce: 5.580997e+00
CG with MPIL RD Pers Allreduce: 5.681508e+00
CG with MPIL RD Pers Allreduce: 3.432955e+00
CG with MPIL RD Pers Allreduce: 4.443880e+00
CG with MPIL RD Pers Allreduce: 5.890186e+00
CG + MPIL NA Pers: 500 iter, norm 5.063296e-06
CG with MPIL NA Pers Allreduce: 5.207046e+00
CG with MPIL NA Pers Allreduce: 4.087512e+00
CG with MPIL NA Pers Allreduce: 6.051197e+00
CG with MPIL NA Pers Allreduce: 6.042083e+00
CG with MPIL NA Pers Allreduce: 6.979366e+00
CG + MPIL LA Pers: 500 iter, norm 5.063296e-06
CG with MPIL LA Pers Allreduce: 7.184813e+00
CG with MPIL LA Pers Allreduce: 4.454217e+00
CG with MPIL LA Pers Allreduce: 6.156312e+00
CG with MPIL LA Pers Allreduce: 8.614026e+00
CG with MPIL LA Pers Allreduce: 3.094189e+00
CG + MPIL RADIX Pers: 500 iter, norm 5.063296e-06
CG with MPIL RADIX Pers Allreduce: 5.839285e+00
CG with MPIL RADIX Pers Allreduce: 4.381407e+00
CG with MPIL RADIX Pers Allreduce: 5.033417e+00
CG with MPIL RADIX Pers Allreduce: 5.458422e+00
CG with MPIL RADIX Pers Allreduce: 5.555142e+00
CG + MPIL RMA Hier Pers: 500 iter, norm 5.063296e-06
CG with MPIL RMA Hier Pers Allreduce: 5.094934e+00
CG with MPIL RMA Hier Pers Allreduce: 5.399649e+00
CG with MPIL RMA Hier Pers Allreduce: 5.530376e+00
CG with MPIL RMA Hier Pers Allreduce: 5.270040e+00
CG with MPIL RMA Hier Pers Allreduce: 4.875099e+00
CG + MPIL RMA Hier EB Pers: 500 iter, norm 5.063296e-06
CG with MPIL RMA Hier EB Pers Allreduce: 4.742287e+00
CG with MPIL RMA Hier EB Pers Allreduce: 4.301071e+00
CG with MPIL RMA Hier EB Pers Allreduce: 6.867954e+00
CG with MPIL RMA Hier EB Pers Allreduce: 4.801760e+00
CG with MPIL RMA Hier EB Pers Allreduce: 4.436775e+00
Running with Pers Locality Neighbor Collectives
CG + PMPI: 500 iter, norm 6.326919e-06
CG with PMPI Allreduce: 2.212645e-01
CG with PMPI Allreduce: 2.123705e-01
CG with PMPI Allreduce: 2.164853e-01
CG with PMPI Allreduce: 2.299876e-01
CG with PMPI Allreduce: 2.105623e-01
CG + MPIL RD: 500 iter, norm 5.063296e-06
CG with MPIL RD Allreduce: 2.201402e-01
CG with MPIL RD Allreduce: 2.241762e-01
CG with MPIL RD Allreduce: 2.192547e-01
CG with MPIL RD Allreduce: 2.242107e-01
CG with MPIL RD Allreduce: 2.203374e-01
CG + MPIL NA: 500 iter, norm 4.960627e-06
CG with MPIL NA Allreduce: 2.121754e-01
CG with MPIL NA Allreduce: 2.094577e-01
CG with MPIL NA Allreduce: 2.115912e-01
CG with MPIL NA Allreduce: 2.146971e-01
CG with MPIL NA Allreduce: 2.079431e-01
CG + MPIL LA: 500 iter, norm 5.666612e-06
CG with MPIL LA Allreduce: 2.153115e-01
CG with MPIL LA Allreduce: 2.337647e-01
CG with MPIL LA Allreduce: 2.132198e-01
CG with MPIL LA Allreduce: 2.125875e-01
CG with MPIL LA Allreduce: 2.144988e-01
CG + MPIL RADIX: 500 iter, norm 6.144495e-06
CG with MPIL RADIX Allreduce: 2.255417e-01
CG with MPIL RADIX Allreduce: 2.231050e-01
CG with MPIL RADIX Allreduce: 2.231144e-01
CG with MPIL RADIX Allreduce: 2.198695e-01
CG with MPIL RADIX Allreduce: 2.333688e-01
CG + MPIL RD Pers: 500 iter, norm 5.063296e-06
CG with MPIL RD Pers Allreduce: 2.139170e-01
CG with MPIL RD Pers Allreduce: 2.188320e-01
CG with MPIL RD Pers Allreduce: 2.128104e-01
CG with MPIL RD Pers Allreduce: 2.171354e-01
CG with MPIL RD Pers Allreduce: 2.253129e-01
CG + MPIL NA Pers: 500 iter, norm 5.063296e-06
CG with MPIL NA Pers Allreduce: 2.172391e-01
CG with MPIL NA Pers Allreduce: 2.150129e-01
CG with MPIL NA Pers Allreduce: 2.201233e-01
CG with MPIL NA Pers Allreduce: 2.167298e-01
CG with MPIL NA Pers Allreduce: 2.185880e-01
CG + MPIL LA Pers: 500 iter, norm 5.063296e-06
CG with MPIL LA Pers Allreduce: 2.279634e-01
CG with MPIL LA Pers Allreduce: 2.143875e-01
CG with MPIL LA Pers Allreduce: 2.167178e-01
CG with MPIL LA Pers Allreduce: 2.145456e-01
CG with MPIL LA Pers Allreduce: 2.187217e-01
CG + MPIL RADIX Pers: 500 iter, norm 5.063296e-06
CG with MPIL RADIX Pers Allreduce: 2.193442e-01
CG with MPIL RADIX Pers Allreduce: 2.156560e-01
CG with MPIL RADIX Pers Allreduce: 2.322104e-01
CG with MPIL RADIX Pers Allreduce: 2.265683e-01
CG with MPIL RADIX Pers Allreduce: 2.184959e-01
CG + MPIL RMA Hier Pers: 500 iter, norm 5.063296e-06
CG with MPIL RMA Hier Pers Allreduce: 2.148542e-01
CG with MPIL RMA Hier Pers Allreduce: 2.187256e-01
CG with MPIL RMA Hier Pers Allreduce: 2.106745e-01
CG with MPIL RMA Hier Pers Allreduce: 2.225626e-01
CG with MPIL RMA Hier Pers Allreduce: 2.180443e-01
CG + MPIL RMA Hier EB Pers: 500 iter, norm 5.063296e-06
CG with MPIL RMA Hier EB Pers Allreduce: 2.188632e-01
CG with MPIL RMA Hier EB Pers Allreduce: 2.146847e-01
CG with MPIL RMA Hier EB Pers Allreduce: 2.164254e-01
CG with MPIL RMA Hier EB Pers Allreduce: 2.154018e-01
CG with MPIL RMA Hier EB Pers Allreduce: 2.164516e-01
/usr/workspace/bienz1/benchmark_mats/SPD/PFlow_742.pm
srun --ntasks-per-node 112 -N 64 ./cg /usr/workspace/bienz1/benchmark_mats/SPD/PFlow_742.pm
Read matrix: 8.122341e-01
Form comm: 7.610452e-02
Running with Standard Neighbor Collectives
CG + PMPI: 500 iter, norm 7.220930e-04
CG with PMPI Allreduce: 1.084779e-01
CG with PMPI Allreduce: 9.529618e-02
CG with PMPI Allreduce: 8.679296e-02
CG with PMPI Allreduce: 8.667370e-02
CG with PMPI Allreduce: 8.750383e-02
CG + MPIL RD: 500 iter, norm 7.252885e-04
CG with MPIL RD Allreduce: 9.182862e-02
CG with MPIL RD Allreduce: 9.135454e-02
CG with MPIL RD Allreduce: 1.027533e-01
CG with MPIL RD Allreduce: 1.027783e-01
CG with MPIL RD Allreduce: 9.876818e-02
CG + MPIL NA: 500 iter, norm 7.091972e-04
CG with MPIL NA Allreduce: 7.657124e-02
CG with MPIL NA Allreduce: 7.276835e-02
CG with MPIL NA Allreduce: 7.132956e-02
CG with MPIL NA Allreduce: 7.170151e-02
CG with MPIL NA Allreduce: 6.963244e-02
CG + MPIL LA: 500 iter, norm 7.074375e-04
CG with MPIL LA Allreduce: 6.906157e-02
CG with MPIL LA Allreduce: 7.045304e-02
CG with MPIL LA Allreduce: 6.137449e-02
CG with MPIL LA Allreduce: 6.587955e-02
CG with MPIL LA Allreduce: 6.386599e-02
CG + MPIL RADIX: 500 iter, norm 7.384268e-04
CG with MPIL RADIX Allreduce: 7.159933e-02
CG with MPIL RADIX Allreduce: 7.249957e-02
CG with MPIL RADIX Allreduce: 7.106904e-02
CG with MPIL RADIX Allreduce: 7.300117e-02
CG with MPIL RADIX Allreduce: 7.970628e-02
CG + MPIL RD Pers: 500 iter, norm 7.252885e-04
CG with MPIL RD Pers Allreduce: 6.645546e-02
CG with MPIL RD Pers Allreduce: 7.036557e-02
CG with MPIL RD Pers Allreduce: 7.227173e-02
CG with MPIL RD Pers Allreduce: 7.690415e-02
CG with MPIL RD Pers Allreduce: 7.530048e-02
CG + MPIL NA Pers: 500 iter, norm 7.252885e-04
CG with MPIL NA Pers Allreduce: 6.465276e-02
CG with MPIL NA Pers Allreduce: 6.798319e-02
CG with MPIL NA Pers Allreduce: 6.523125e-02
CG with MPIL NA Pers Allreduce: 7.306378e-02
CG with MPIL NA Pers Allreduce: 9.820364e-02
CG + MPIL LA Pers: 500 iter, norm 7.252885e-04
CG with MPIL LA Pers Allreduce: 7.299941e-02
CG with MPIL LA Pers Allreduce: 7.069161e-02
CG with MPIL LA Pers Allreduce: 7.142587e-02
CG with MPIL LA Pers Allreduce: 6.545575e-02
CG with MPIL LA Pers Allreduce: 6.950330e-02
CG + MPIL RADIX Pers: 500 iter, norm 7.252885e-04
CG with MPIL RADIX Pers Allreduce: 7.602338e-02
CG with MPIL RADIX Pers Allreduce: 6.506604e-02
CG with MPIL RADIX Pers Allreduce: 6.325028e-02
CG with MPIL RADIX Pers Allreduce: 6.286022e-02
CG with MPIL RADIX Pers Allreduce: 6.718991e-02
CG + MPIL RMA Hier Pers: 500 iter, norm 7.252885e-04
CG with MPIL RMA Hier Pers Allreduce: 6.631362e-02
CG with MPIL RMA Hier Pers Allreduce: 6.608907e-02
CG with MPIL RMA Hier Pers Allreduce: 7.356054e-02
CG with MPIL RMA Hier Pers Allreduce: 6.605539e-02
CG with MPIL RMA Hier Pers Allreduce: 7.413912e-02
CG + MPIL RMA Hier EB Pers: 500 iter, norm 7.252885e-04
CG with MPIL RMA Hier EB Pers Allreduce: 6.846381e-02
CG with MPIL RMA Hier EB Pers Allreduce: 6.696320e-02
CG with MPIL RMA Hier EB Pers Allreduce: 6.901530e-02
CG with MPIL RMA Hier EB Pers Allreduce: 7.202835e-02
CG with MPIL RMA Hier EB Pers Allreduce: 6.784584e-02
Running with Locality Neighbor Collectives
CG + PMPI: 500 iter, norm 7.220930e-04
CG with PMPI Allreduce: 1.489965e+00
CG with PMPI Allreduce: 1.557665e+00
CG with PMPI Allreduce: 1.610548e+00
CG with PMPI Allreduce: 1.382959e+00
CG with PMPI Allreduce: 1.395152e+00
CG + MPIL RD: 500 iter, norm 7.252885e-04
CG with MPIL RD Allreduce: 1.439042e+00
CG with MPIL RD Allreduce: 1.548026e+00
CG with MPIL RD Allreduce: 1.398996e+00
CG with MPIL RD Allreduce: 1.414319e+00
CG with MPIL RD Allreduce: 1.517814e+00
CG + MPIL NA: 500 iter, norm 7.091972e-04
CG with MPIL NA Allreduce: 1.567679e+00
CG with MPIL NA Allreduce: 1.342496e+00
CG with MPIL NA Allreduce: 1.411593e+00
CG with MPIL NA Allreduce: 1.327381e+00
CG with MPIL NA Allreduce: 1.412927e+00
CG + MPIL LA: 500 iter, norm 7.074375e-04
CG with MPIL LA Allreduce: 1.463766e+00
CG with MPIL LA Allreduce: 1.398716e+00
CG with MPIL LA Allreduce: 1.438030e+00
CG with MPIL LA Allreduce: 1.366207e+00
CG with MPIL LA Allreduce: 1.427916e+00
CG + MPIL RADIX: 500 iter, norm 7.384268e-04
CG with MPIL RADIX Allreduce: 1.467566e+00
CG with MPIL RADIX Allreduce: 1.385976e+00
CG with MPIL RADIX Allreduce: 1.448189e+00
CG with MPIL RADIX Allreduce: 1.454034e+00
CG with MPIL RADIX Allreduce: 1.496993e+00
CG + MPIL RD Pers: 500 iter, norm 7.252885e-04
CG with MPIL RD Pers Allreduce: 1.426033e+00
CG with MPIL RD Pers Allreduce: 1.404437e+00
CG with MPIL RD Pers Allreduce: 1.441090e+00
CG with MPIL RD Pers Allreduce: 1.434493e+00
CG with MPIL RD Pers Allreduce: 1.441924e+00
CG + MPIL NA Pers: 500 iter, norm 7.252885e-04
CG with MPIL NA Pers Allreduce: 1.406794e+00
CG with MPIL NA Pers Allreduce: 1.416536e+00
CG with MPIL NA Pers Allreduce: 1.417872e+00
CG with MPIL NA Pers Allreduce: 1.390073e+00
CG with MPIL NA Pers Allreduce: 1.413669e+00
CG + MPIL LA Pers: 500 iter, norm 7.252885e-04
CG with MPIL LA Pers Allreduce: 1.432791e+00
CG with MPIL LA Pers Allreduce: 1.383898e+00
CG with MPIL LA Pers Allreduce: 1.475735e+00
CG with MPIL LA Pers Allreduce: 1.430743e+00
CG with MPIL LA Pers Allreduce: 1.419427e+00
CG + MPIL RADIX Pers: 500 iter, norm 7.252885e-04
CG with MPIL RADIX Pers Allreduce: 1.425000e+00
CG with MPIL RADIX Pers Allreduce: 1.375717e+00
CG with MPIL RADIX Pers Allreduce: 1.397147e+00
CG with MPIL RADIX Pers Allreduce: 1.393185e+00
CG with MPIL RADIX Pers Allreduce: 1.485208e+00
CG + MPIL RMA Hier Pers: 500 iter, norm 7.252885e-04
CG with MPIL RMA Hier Pers Allreduce: 1.460550e+00
CG with MPIL RMA Hier Pers Allreduce: 1.524249e+00
CG with MPIL RMA Hier Pers Allreduce: 1.455621e+00
CG with MPIL RMA Hier Pers Allreduce: 1.379969e+00
CG with MPIL RMA Hier Pers Allreduce: 1.448306e+00
CG + MPIL RMA Hier EB Pers: 500 iter, norm 7.252885e-04
CG with MPIL RMA Hier EB Pers Allreduce: 1.411028e+00
CG with MPIL RMA Hier EB Pers Allreduce: 1.385386e+00
CG with MPIL RMA Hier EB Pers Allreduce: 1.460794e+00
CG with MPIL RMA Hier EB Pers Allreduce: 1.378909e+00
CG with MPIL RMA Hier EB Pers Allreduce: 1.440058e+00
Running with Pers Standard Neighbor Collectives
CG + PMPI: 500 iter, norm 7.220930e-04
CG with PMPI Allreduce: 6.363544e-02
CG with PMPI Allreduce: 5.971337e-02
CG with PMPI Allreduce: 5.946740e-02
CG with PMPI Allreduce: 5.834144e-02
CG with PMPI Allreduce: 5.927242e-02
CG + MPIL RD: 500 iter, norm 7.252885e-04
CG with MPIL RD Allreduce: 6.883269e-02
CG with MPIL RD Allreduce: 6.439026e-02
CG with MPIL RD Allreduce: 6.430638e-02
CG with MPIL RD Allreduce: 5.975290e-02
CG with MPIL RD Allreduce: 5.917632e-02
CG + MPIL NA: 500 iter, norm 7.091972e-04
CG with MPIL NA Allreduce: 6.595374e-02
CG with MPIL NA Allreduce: 6.078202e-02
CG with MPIL NA Allreduce: 6.221640e-02
CG with MPIL NA Allreduce: 6.296777e-02
CG with MPIL NA Allreduce: 5.878303e-02
CG + MPIL LA: 500 iter, norm 7.074375e-04
CG with MPIL LA Allreduce: 6.796278e-02
CG with MPIL LA Allreduce: 6.586068e-02
CG with MPIL LA Allreduce: 7.196679e-02
CG with MPIL LA Allreduce: 6.363924e-02
CG with MPIL LA Allreduce: 6.774115e-02
CG + MPIL RADIX: 500 iter, norm 7.384268e-04
CG with MPIL RADIX Allreduce: 9.664229e-02
CG with MPIL RADIX Allreduce: 7.501292e-02
CG with MPIL RADIX Allreduce: 7.651723e-02
CG with MPIL RADIX Allreduce: 6.498962e-02
CG with MPIL RADIX Allreduce: 9.583604e-02
CG + MPIL RD Pers: 500 iter, norm 7.252885e-04
CG with MPIL RD Pers Allreduce: 6.799996e-02
CG with MPIL RD Pers Allreduce: 6.147510e-02
CG with MPIL RD Pers Allreduce: 6.279437e-02
CG with MPIL RD Pers Allreduce: 6.038222e-02
CG with MPIL RD Pers Allreduce: 6.680050e-02
CG + MPIL NA Pers: 500 iter, norm 7.252885e-04
CG with MPIL NA Pers Allreduce: 6.143923e-02
CG with MPIL NA Pers Allreduce: 6.488272e-02
CG with MPIL NA Pers Allreduce: 6.705101e-02
CG with MPIL NA Pers Allreduce: 7.688084e-02
CG with MPIL NA Pers Allreduce: 6.927101e-02
CG + MPIL LA Pers: 500 iter, norm 7.252885e-04
CG with MPIL LA Pers Allreduce: 7.575309e-02
CG with MPIL LA Pers Allreduce: 6.368236e-02
CG with MPIL LA Pers Allreduce: 6.479938e-02
CG with MPIL LA Pers Allreduce: 6.997243e-02
CG with MPIL LA Pers Allreduce: 6.724063e-02
CG + MPIL RADIX Pers: 500 iter, norm 7.252885e-04
CG with MPIL RADIX Pers Allreduce: 6.077692e-02
CG with MPIL RADIX Pers Allreduce: 6.312434e-02
CG with MPIL RADIX Pers Allreduce: 6.346978e-02
CG with MPIL RADIX Pers Allreduce: 6.255579e-02
CG with MPIL RADIX Pers Allreduce: 6.186154e-02
CG + MPIL RMA Hier Pers: 500 iter, norm 7.252885e-04
CG with MPIL RMA Hier Pers Allreduce: 6.606664e-02
CG with MPIL RMA Hier Pers Allreduce: 7.126552e-02
CG with MPIL RMA Hier Pers Allreduce: 6.914512e-02
CG with MPIL RMA Hier Pers Allreduce: 6.121117e-02
CG with MPIL RMA Hier Pers Allreduce: 6.303998e-02
CG + MPIL RMA Hier EB Pers: 500 iter, norm 7.252885e-04
CG with MPIL RMA Hier EB Pers Allreduce: 6.369643e-02
CG with MPIL RMA Hier EB Pers Allreduce: 6.213010e-02
CG with MPIL RMA Hier EB Pers Allreduce: 6.624952e-02
CG with MPIL RMA Hier EB Pers Allreduce: 6.174190e-02
CG with MPIL RMA Hier EB Pers Allreduce: 7.545246e-02
Running with Pers Locality Neighbor Collectives
CG + PMPI: 500 iter, norm 7.220930e-04
CG with PMPI Allreduce: 1.783056e-01
CG with PMPI Allreduce: 1.875179e-01
CG with PMPI Allreduce: 1.815128e-01
CG with PMPI Allreduce: 1.774838e-01
CG with PMPI Allreduce: 1.894340e-01
CG + MPIL RD: 500 iter, norm 7.252885e-04
CG with MPIL RD Allreduce: 1.806028e-01
CG with MPIL RD Allreduce: 1.847316e-01
CG with MPIL RD Allreduce: 1.831762e-01
CG with MPIL RD Allreduce: 1.815120e-01
CG with MPIL RD Allreduce: 1.822436e-01
CG + MPIL NA: 500 iter, norm 7.091972e-04
CG with MPIL NA Allreduce: 1.811515e-01
CG with MPIL NA Allreduce: 1.780461e-01
CG with MPIL NA Allreduce: 1.800379e-01
CG with MPIL NA Allreduce: 1.792630e-01
CG with MPIL NA Allreduce: 1.742556e-01
CG + MPIL LA: 500 iter, norm 7.074375e-04
CG with MPIL LA Allreduce: 1.793080e-01
CG with MPIL LA Allreduce: 1.761411e-01
CG with MPIL LA Allreduce: 2.037284e-01
CG with MPIL LA Allreduce: 1.773664e-01
CG with MPIL LA Allreduce: 1.772714e-01
CG + MPIL RADIX: 500 iter, norm 7.384268e-04
CG with MPIL RADIX Allreduce: 1.879055e-01
CG with MPIL RADIX Allreduce: 1.853580e-01
CG with MPIL RADIX Allreduce: 1.877843e-01
CG with MPIL RADIX Allreduce: 1.789989e-01
CG with MPIL RADIX Allreduce: 1.859026e-01
CG + MPIL RD Pers: 500 iter, norm 7.252885e-04
CG with MPIL RD Pers Allreduce: 1.777483e-01
CG with MPIL RD Pers Allreduce: 1.774373e-01
CG with MPIL RD Pers Allreduce: 1.895486e-01
CG with MPIL RD Pers Allreduce: 1.885182e-01
CG with MPIL RD Pers Allreduce: 2.059661e-01
CG + MPIL NA Pers: 500 iter, norm 7.252885e-04
CG with MPIL NA Pers Allreduce: 1.926706e-01
CG with MPIL NA Pers Allreduce: 1.799955e-01
CG with MPIL NA Pers Allreduce: 1.882083e-01
CG with MPIL NA Pers Allreduce: 1.834298e-01
CG with MPIL NA Pers Allreduce: 1.917880e-01
CG + MPIL LA Pers: 500 iter, norm 7.252885e-04
CG with MPIL LA Pers Allreduce: 1.861131e-01
CG with MPIL LA Pers Allreduce: 1.821596e-01
CG with MPIL LA Pers Allreduce: 1.914693e-01
CG with MPIL LA Pers Allreduce: 1.916499e-01
CG with MPIL LA Pers Allreduce: 1.844821e-01
CG + MPIL RADIX Pers: 500 iter, norm 7.252885e-04
CG with MPIL RADIX Pers Allreduce: 1.895198e-01
CG with MPIL RADIX Pers Allreduce: 1.799025e-01
CG with MPIL RADIX Pers Allreduce: 1.897426e-01
CG with MPIL RADIX Pers Allreduce: 1.971633e-01
CG with MPIL RADIX Pers Allreduce: 1.844884e-01
CG + MPIL RMA Hier Pers: 500 iter, norm 7.252885e-04
CG with MPIL RMA Hier Pers Allreduce: 1.779050e-01
CG with MPIL RMA Hier Pers Allreduce: 1.901399e-01
CG with MPIL RMA Hier Pers Allreduce: 1.817412e-01
CG with MPIL RMA Hier Pers Allreduce: 1.842464e-01
CG with MPIL RMA Hier Pers Allreduce: 1.845434e-01
CG + MPIL RMA Hier EB Pers: 500 iter, norm 7.252885e-04
CG with MPIL RMA Hier EB Pers Allreduce: 1.884881e-01
CG with MPIL RMA Hier EB Pers Allreduce: 1.869306e-01
CG with MPIL RMA Hier EB Pers Allreduce: 1.789342e-01
CG with MPIL RMA Hier EB Pers Allreduce: 1.968109e-01
CG with MPIL RMA Hier EB Pers Allreduce: 1.832717e-01
/usr/workspace/bienz1/benchmark_mats/SPD/StocF-1465.pm
srun --ntasks-per-node 112 -N 64 ./cg /usr/workspace/bienz1/benchmark_mats/SPD/StocF-1465.pm
Read matrix: 5.268076e-01
Form comm: 3.202053e-01
Running with Standard Neighbor Collectives
CG + PMPI: 500 iter, norm 1.221832e-03
CG with PMPI Allreduce: 1.282188e-01
CG with PMPI Allreduce: 1.318047e-01
CG with PMPI Allreduce: 1.280079e-01
CG with PMPI Allreduce: 1.161135e-01
CG with PMPI Allreduce: 1.398779e-01
CG + MPIL RD: 500 iter, norm 1.396978e-03
CG with MPIL RD Allreduce: 1.430847e-01
CG with MPIL RD Allreduce: 1.319833e-01
CG with MPIL RD Allreduce: 1.205172e-01
CG with MPIL RD Allreduce: 1.258565e-01
CG with MPIL RD Allreduce: 1.267904e-01
CG + MPIL NA: 500 iter, norm 4.423004e-03
CG with MPIL NA Allreduce: 1.152716e-01
CG with MPIL NA Allreduce: 1.183928e-01
CG with MPIL NA Allreduce: 1.159268e-01
CG with MPIL NA Allreduce: 1.309682e-01
CG with MPIL NA Allreduce: 1.267202e-01
CG + MPIL LA: 500 iter, norm 1.463751e-03
CG with MPIL LA Allreduce: 1.232172e-01
CG with MPIL LA Allreduce: 1.239885e-01
CG with MPIL LA Allreduce: 1.149019e-01
CG with MPIL LA Allreduce: 1.275806e-01
CG with MPIL LA Allreduce: 1.189707e-01
CG + MPIL RADIX: 500 iter, norm 2.462433e-03
CG with MPIL RADIX Allreduce: 1.242640e-01
CG with MPIL RADIX Allreduce: 1.273106e-01
CG with MPIL RADIX Allreduce: 1.447021e-01
CG with MPIL RADIX Allreduce: 1.245950e-01
CG with MPIL RADIX Allreduce: 1.213423e-01
CG + MPIL RD Pers: 500 iter, norm 1.396978e-03
CG with MPIL RD Pers Allreduce: 1.239733e-01
CG with MPIL RD Pers Allreduce: 1.282738e-01
CG with MPIL RD Pers Allreduce: 1.243716e-01
CG with MPIL RD Pers Allreduce: 1.192170e-01
CG with MPIL RD Pers Allreduce: 1.283387e-01
CG + MPIL NA Pers: 500 iter, norm 1.396978e-03
CG with MPIL NA Pers Allreduce: 1.327460e-01
CG with MPIL NA Pers Allreduce: 1.219656e-01
CG with MPIL NA Pers Allreduce: 1.260152e-01
CG with MPIL NA Pers Allreduce: 1.261288e-01
CG with MPIL NA Pers Allreduce: 1.164443e-01
CG + MPIL LA Pers: 500 iter, norm 1.396978e-03
CG with MPIL LA Pers Allreduce: 1.172106e-01
CG with MPIL LA Pers Allreduce: 1.162446e-01
CG with MPIL LA Pers Allreduce: 1.113251e-01
CG with MPIL LA Pers Allreduce: 1.296207e-01
CG with MPIL LA Pers Allreduce: 1.289672e-01
CG + MPIL RADIX Pers: 500 iter, norm 1.396978e-03
CG with MPIL RADIX Pers Allreduce: 1.157913e-01
CG with MPIL RADIX Pers Allreduce: 1.327401e-01
CG with MPIL RADIX Pers Allreduce: 1.284906e-01
CG with MPIL RADIX Pers Allreduce: 1.292657e-01
CG with MPIL RADIX Pers Allreduce: 1.292444e-01
CG + MPIL RMA Hier Pers: 500 iter, norm 1.396978e-03
CG with MPIL RMA Hier Pers Allreduce: 1.162874e-01
CG with MPIL RMA Hier Pers Allreduce: 1.135042e-01
CG with MPIL RMA Hier Pers Allreduce: 1.259770e-01
CG with MPIL RMA Hier Pers Allreduce: 1.229512e-01
CG with MPIL RMA Hier Pers Allreduce: 1.205902e-01
CG + MPIL RMA Hier EB Pers: 500 iter, norm 1.396978e-03
CG with MPIL RMA Hier EB Pers Allreduce: 1.232670e-01
CG with MPIL RMA Hier EB Pers Allreduce: 1.302347e-01
CG with MPIL RMA Hier EB Pers Allreduce: 1.202075e-01
CG with MPIL RMA Hier EB Pers Allreduce: 1.304593e-01
CG with MPIL RMA Hier EB Pers Allreduce: 1.194136e-01
Running with Locality Neighbor Collectives
CG + PMPI: 500 iter, norm 1.221832e-03
CG with PMPI Allreduce: 1.424562e+00
CG with PMPI Allreduce: 1.377778e+00
CG with PMPI Allreduce: 1.419511e+00
CG with PMPI Allreduce: 1.388014e+00
CG with PMPI Allreduce: 1.421754e+00
CG + MPIL RD: 500 iter, norm 1.396978e-03
CG with MPIL RD Allreduce: 1.410514e+00
CG with MPIL RD Allreduce: 1.357427e+00
CG with MPIL RD Allreduce: 1.415940e+00
CG with MPIL RD Allreduce: 1.384789e+00
CG with MPIL RD Allreduce: 1.434621e+00
CG + MPIL NA: 500 iter, norm 4.423004e-03
CG with MPIL NA Allreduce: 1.412232e+00
CG with MPIL NA Allreduce: 1.405347e+00
CG with MPIL NA Allreduce: 1.376991e+00
CG with MPIL NA Allreduce: 1.310130e+00
CG with MPIL NA Allreduce: 1.390764e+00
CG + MPIL LA: 500 iter, norm 1.463751e-03
CG with MPIL LA Allreduce: 1.417045e+00
CG with MPIL LA Allreduce: 1.374110e+00
CG with MPIL LA Allreduce: 1.393754e+00
CG with MPIL LA Allreduce: 1.364381e+00
CG with MPIL LA Allreduce: 1.452096e+00
CG + MPIL RADIX: 500 iter, norm 2.462433e-03
CG with MPIL RADIX Allreduce: 1.490801e+00
CG with MPIL RADIX Allreduce: 1.382251e+00
CG with MPIL RADIX Allreduce: 1.446377e+00
CG with MPIL RADIX Allreduce: 1.355533e+00
CG with MPIL RADIX Allreduce: 1.429703e+00
CG + MPIL RD Pers: 500 iter, norm 1.396978e-03
CG with MPIL RD Pers Allreduce: 1.445810e+00
CG with MPIL RD Pers Allreduce: 1.370841e+00
CG with MPIL RD Pers Allreduce: 1.430219e+00
CG with MPIL RD Pers Allreduce: 1.362443e+00
CG with MPIL RD Pers Allreduce: 1.578513e+00
CG + MPIL NA Pers: 500 iter, norm 1.396978e-03
CG with MPIL NA Pers Allreduce: 1.418163e+00
CG with MPIL NA Pers Allreduce: 1.388371e+00
CG with MPIL NA Pers Allreduce: 1.420851e+00
CG with MPIL NA Pers Allreduce: 1.419660e+00
CG with MPIL NA Pers Allreduce: 1.408623e+00
CG + MPIL LA Pers: 500 iter, norm 1.396978e-03
CG with MPIL LA Pers Allreduce: 1.416757e+00
CG with MPIL LA Pers Allreduce: 1.345226e+00
CG with MPIL LA Pers Allreduce: 1.438158e+00
CG with MPIL LA Pers Allreduce: 1.366262e+00
CG with MPIL LA Pers Allreduce: 1.436071e+00
CG + MPIL RADIX Pers: 500 iter, norm 1.396978e-03
CG with MPIL RADIX Pers Allreduce: 1.449565e+00
CG with MPIL RADIX Pers Allreduce: 1.364415e+00
CG with MPIL RADIX Pers Allreduce: 1.410300e+00
CG with MPIL RADIX Pers Allreduce: 1.376914e+00
CG with MPIL RADIX Pers Allreduce: 1.402999e+00
CG + MPIL RMA Hier Pers: 500 iter, norm 1.396978e-03
CG with MPIL RMA Hier Pers Allreduce: 1.418234e+00
CG with MPIL RMA Hier Pers Allreduce: 1.344276e+00
CG with MPIL RMA Hier Pers Allreduce: 1.442780e+00
CG with MPIL RMA Hier Pers Allreduce: 1.450983e+00
CG with MPIL RMA Hier Pers Allreduce: 1.433893e+00
CG + MPIL RMA Hier EB Pers: 500 iter, norm 1.396978e-03
CG with MPIL RMA Hier EB Pers Allreduce: 1.416661e+00
CG with MPIL RMA Hier EB Pers Allreduce: 1.518198e+00
CG with MPIL RMA Hier EB Pers Allreduce: 1.391750e+00
CG with MPIL RMA Hier EB Pers Allreduce: 1.354976e+00
CG with MPIL RMA Hier EB Pers Allreduce: 1.413965e+00
Running with Pers Standard Neighbor Collectives
CG + PMPI: 500 iter, norm 1.221832e-03
CG with PMPI Allreduce: 1.139904e-01
CG with PMPI Allreduce: 1.134074e-01
CG with PMPI Allreduce: 1.115175e-01
CG with PMPI Allreduce: 1.123551e-01
CG with PMPI Allreduce: 1.138511e-01
CG + MPIL RD: 500 iter, norm 1.396978e-03
CG with MPIL RD Allreduce: 1.300900e-01
CG with MPIL RD Allreduce: 1.166690e-01
CG with MPIL RD Allreduce: 1.145070e-01
CG with MPIL RD Allreduce: 1.238170e-01
CG with MPIL RD Allreduce: 1.105844e-01
CG + MPIL NA: 500 iter, norm 4.423004e-03
CG with MPIL NA Allreduce: 1.137396e-01
CG with MPIL NA Allreduce: 1.090265e-01
CG with MPIL NA Allreduce: 1.145650e-01
CG with MPIL NA Allreduce: 1.379204e-01
CG with MPIL NA Allreduce: 1.133426e-01
CG + MPIL LA: 500 iter, norm 1.463751e-03
CG with MPIL LA Allreduce: 1.147448e-01
CG with MPIL LA Allreduce: 1.123423e-01
CG with MPIL LA Allreduce: 1.166481e-01
CG with MPIL LA Allreduce: 1.089527e-01
CG with MPIL LA Allreduce: 1.149152e-01
CG + MPIL RADIX: 500 iter, norm 2.462433e-03
CG with MPIL RADIX Allreduce: 1.259471e-01
CG with MPIL RADIX Allreduce: 1.187597e-01
CG with MPIL RADIX Allreduce: 1.224532e-01
CG with MPIL RADIX Allreduce: 1.254886e-01
CG with MPIL RADIX Allreduce: 1.499548e-01
CG + MPIL RD Pers: 500 iter, norm 1.396978e-03
CG with MPIL RD Pers Allreduce: 1.255749e-01
CG with MPIL RD Pers Allreduce: 1.891499e-01
CG with MPIL RD Pers Allreduce: 1.398738e-01
CG with MPIL RD Pers Allreduce: 1.325819e-01
CG with MPIL RD Pers Allreduce: 1.107660e-01
CG + MPIL NA Pers: 500 iter, norm 1.396978e-03
CG with MPIL NA Pers Allreduce: 1.191106e-01
CG with MPIL NA Pers Allreduce: 1.102733e-01
CG with MPIL NA Pers Allreduce: 1.128241e-01
CG with MPIL NA Pers Allreduce: 1.101856e-01
CG with MPIL NA Pers Allreduce: 1.187661e-01
CG + MPIL LA Pers: 500 iter, norm 1.396978e-03
CG with MPIL LA Pers Allreduce: 1.333306e-01
CG with MPIL LA Pers Allreduce: 1.286144e-01
CG with MPIL LA Pers Allreduce: 1.132894e-01
CG with MPIL LA Pers Allreduce: 1.263262e-01
CG with MPIL LA Pers Allreduce: 1.185226e-01
CG + MPIL RADIX Pers: 500 iter, norm 1.396978e-03
CG with MPIL RADIX Pers Allreduce: 1.195858e-01
CG with MPIL RADIX Pers Allreduce: 1.256481e-01
CG with MPIL RADIX Pers Allreduce: 1.186665e-01
CG with MPIL RADIX Pers Allreduce: 1.146421e-01
CG with MPIL RADIX Pers Allreduce: 1.213862e-01
CG + MPIL RMA Hier Pers: 500 iter, norm 1.396978e-03
CG with MPIL RMA Hier Pers Allreduce: 1.147342e-01
CG with MPIL RMA Hier Pers Allreduce: 1.164081e-01
CG with MPIL RMA Hier Pers Allreduce: 1.160210e-01
CG with MPIL RMA Hier Pers Allreduce: 1.066635e-01
CG with MPIL RMA Hier Pers Allreduce: 1.172342e-01
CG + MPIL RMA Hier EB Pers: 500 iter, norm 1.396978e-03
CG with MPIL RMA Hier EB Pers Allreduce: 1.158659e-01
CG with MPIL RMA Hier EB Pers Allreduce: 1.094661e-01
CG with MPIL RMA Hier EB Pers Allreduce: 1.167102e-01
CG with MPIL RMA Hier EB Pers Allreduce: 1.099394e-01
CG with MPIL RMA Hier EB Pers Allreduce: 1.335324e-01
Running with Pers Locality Neighbor Collectives
CG + PMPI: 500 iter, norm 1.221832e-03
CG with PMPI Allreduce: 3.682243e-01
CG with PMPI Allreduce: 3.838168e-01
CG with PMPI Allreduce: 3.671036e-01
CG with PMPI Allreduce: 3.689428e-01
CG with PMPI Allreduce: 3.999347e-01
CG + MPIL RD: 500 iter, norm 1.396978e-03
CG with MPIL RD Allreduce: 3.732780e-01
CG with MPIL RD Allreduce: 3.872958e-01
CG with MPIL RD Allreduce: 3.782581e-01
CG with MPIL RD Allreduce: 3.776313e-01
CG with MPIL RD Allreduce: 3.837021e-01
CG + MPIL NA: 500 iter, norm 4.423004e-03
CG with MPIL NA Allreduce: 3.687995e-01
CG with MPIL NA Allreduce: 3.802175e-01
CG with MPIL NA Allreduce: 3.667181e-01
CG with MPIL NA Allreduce: 3.691426e-01
CG with MPIL NA Allreduce: 3.736649e-01
CG + MPIL LA: 500 iter, norm 1.463751e-03
CG with MPIL LA Allreduce: 3.757185e-01
CG with MPIL LA Allreduce: 3.774915e-01
CG with MPIL LA Allreduce: 3.661434e-01
CG with MPIL LA Allreduce: 3.724162e-01
CG with MPIL LA Allreduce: 3.978242e-01
CG + MPIL RADIX: 500 iter, norm 2.462433e-03
CG with MPIL RADIX Allreduce: 3.773316e-01
CG with MPIL RADIX Allreduce: 3.753366e-01
CG with MPIL RADIX Allreduce: 3.832704e-01
CG with MPIL RADIX Allreduce: 3.887225e-01
CG with MPIL RADIX Allreduce: 3.856385e-01
CG + MPIL RD Pers: 500 iter, norm 1.396978e-03
CG with MPIL RD Pers Allreduce: 3.740076e-01
CG with MPIL RD Pers Allreduce: 3.822752e-01
CG with MPIL RD Pers Allreduce: 3.708679e-01
CG with MPIL RD Pers Allreduce: 3.796488e-01
CG with MPIL RD Pers Allreduce: 3.814001e-01
CG + MPIL NA Pers: 500 iter, norm 1.396978e-03
CG with MPIL NA Pers Allreduce: 3.740011e-01
CG with MPIL NA Pers Allreduce: 3.818034e-01
CG with MPIL NA Pers Allreduce: 3.711262e-01
CG with MPIL NA Pers Allreduce: 3.776155e-01
CG with MPIL NA Pers Allreduce: 3.991123e-01
CG + MPIL LA Pers: 500 iter, norm 1.396978e-03
CG with MPIL LA Pers Allreduce: 3.737624e-01
CG with MPIL LA Pers Allreduce: 3.846263e-01
CG with MPIL LA Pers Allreduce: 3.719534e-01
CG with MPIL LA Pers Allreduce: 3.788542e-01
CG with MPIL LA Pers Allreduce: 3.801148e-01
CG + MPIL RADIX Pers: 500 iter, norm 1.396978e-03
CG with MPIL RADIX Pers Allreduce: 3.748131e-01
CG with MPIL RADIX Pers Allreduce: 3.767695e-01
CG with MPIL RADIX Pers Allreduce: 3.708012e-01
CG with MPIL RADIX Pers Allreduce: 3.871132e-01
CG with MPIL RADIX Pers Allreduce: 3.774061e-01
CG + MPIL RMA Hier Pers: 500 iter, norm 1.396978e-03
CG with MPIL RMA Hier Pers Allreduce: 3.829231e-01
CG with MPIL RMA Hier Pers Allreduce: 3.778576e-01
CG with MPIL RMA Hier Pers Allreduce: 3.707137e-01
CG with MPIL RMA Hier Pers Allreduce: 4.082190e-01
CG with MPIL RMA Hier Pers Allreduce: 3.691944e-01
CG + MPIL RMA Hier EB Pers: 500 iter, norm 1.396978e-03
CG with MPIL RMA Hier EB Pers Allreduce: 3.799407e-01
CG with MPIL RMA Hier EB Pers Allreduce: 3.655215e-01
CG with MPIL RMA Hier EB Pers Allreduce: 3.751912e-01
CG with MPIL RMA Hier EB Pers Allreduce: 3.908561e-01
CG with MPIL RMA Hier EB Pers Allreduce: 3.729432e-01
